process_radtags v2.53, executed 2020-06-03 12:47:45 (zlib-1.2.3)
process_radtags -p /home/cheek/scratch_dir/ISSJs-genomics/raw/rawdata_Lib_2 -b /home/cheek/scratch_dir/ISSJs-genomics/names_change_LIB2 -o /home/cheek/scratch_dir/ISSJs-genomics/process_samples/ --inline_null -i gzfastq -y gzfastq -e sbfI -c -q -r -E phred33
File	Retained Reads	Low Quality	Barcode Not Found	RAD cutsite Not Found	Total
lane2_NoIndex_L002_R1_001.fastq.gz	11458794	616447	2335199	1589560	16000000
lane2_NoIndex_L002_R1_002.fastq.gz	11460875	607635	2324648	1606842	16000000
lane2_NoIndex_L002_R1_003.fastq.gz	11479439	575395	2320877	1624289	16000000
lane2_NoIndex_L002_R1_004.fastq.gz	11469934	547451	2340768	1641847	16000000
lane2_NoIndex_L002_R1_005.fastq.gz	11416569	546470	2379189	1657772	16000000
lane2_NoIndex_L002_R1_006.fastq.gz	11463734	513897	2370143	1652226	16000000
lane2_NoIndex_L002_R1_007.fastq.gz	11467531	517019	2359404	1656046	16000000
lane2_NoIndex_L002_R1_008.fastq.gz	11223218	517229	2307439	1652352	15700238

Total Sequences	127700238
Barcode Not Found	18737667
Low Quality	4441543
RAD Cutsite Not Found	13080934
Retained Reads	91440094

Barcode	Filename	Total	NoRadTag	LowQuality	Retained
AACTGA	F10-82	1068619	220314	43446	804859
AGCCAT	F10-84	933604	235389	34021	664194
CAATCG	F10-85	576342	111302	23866	441174
CGCGTG	F10-86	957069	58842	38446	859781
GACGAC	F10-87	927277	62011	40937	824329
GGGCGC	F10-89	938929	42832	38274	857823
TACACA	F10-98	674595	139786	26761	508048
TGACAA	F10-105	1022446	156520	41664	824262
AAGACG	F10-106	699153	100630	30116	568407
AGCGCA	F10-108	986089	155721	37491	792877
CACCTC	F10-111	842479	261607	26989	553883
CGGTCC	F10-119	582960	58697	20982	503281
GACTCT	F10-120	761157	129300	30902	600955
GGGGCG	F10-126	711207	36438	32743	642026
TACGGG	F10-138	786988	30440	38324	718224
TGCCCG	F10-149	910633	56694	39307	814632
AAGCTA	F10-150	2288655	141277	99721	2047657
AGGGTC	F10-152	1011964	182733	32067	797164
CAGGCA	F10-154	642773	196319	17413	429041
CGTCTA	F10-156	1021888	75252	39930	906706
GAGAGA	F10-161	867483	125071	31224	711188
GGTACA	F10-162	604293	110696	19506	474091
TAGTAT	F10-163	2668980	96508	116345	2456127
TGCTTA	F10-165	3304960	187981	144918	2972061
AATATC	F10-166	1890379	189859	85979	1614541
AGGTGT	F10-167	1523959	204052	56125	1263782
CATACT	F10-169	1689283	216289	68865	1404129
CGTGAT	F10-170	1371096	112350	50030	1208716
GATCGT	F10-172	1307741	79574	56526	1171641
GGTTTG	F10-175	1478720	155212	55977	1267531
TATCAC	F10-177	1142751	124158	48517	970076
TGGGGA	F11-003	1914883	105555	79892	1729436
AATGAG	F11-005	2098337	234010	83839	1780488
AGTAGG	F11-006	2760621	225505	107496	2427620
CCATTT	F11-007	2191255	167792	94039	1929424
CTACAG	F11-009	4662327	274257	220441	4167629
GCAGAT	F11-017	3976864	115950	176573	3684341
GTAAGT	F11-018	2607445	134525	111706	2361214
TCAAAG	F11-021	2345051	105780	109186	2130085
TTATGA	F11-023	137406	136275	431	700
ACAAGA	F11-027	2848903	206224	131044	2511635
AGTTAA	F11-050	2457118	197980	99755	2159383
CCCGGT	F11-058	2671857	82572	123317	2465968
CTCGCC	F11-059	1554873	123444	60802	1370627
GCATGG	F11-060	2321119	121224	98185	2101710
GTATCC	F11-061	2135247	131237	82883	1921127
TCCTGC	F11-065	2265738	127331	98882	2039525
TTCCGT	F11-067	1326801	85612	58985	1182204
ACAGCG	F11-068	1137725	94900	51712	991113
ATAGTA	F11-070	1096658	167606	41365	887687
CCCTAA	F11-071	943061	130337	41038	771686
CTGCGA	F11-072	1167845	143060	46848	977937
GCCGTA	F11-077	786800	210066	32295	544439
GTCATC	F11-081	1147071	151761	45588	949722
TCGATT	F11-083	752783	36573	32903	683307
TTCTAG	F11-085	1010875	68872	46883	895120
ACATAC	F11-087	927585	155470	40443	731672
ATCAAA	F11-088	1342025	249097	56550	1036378
CCGAGG	F11-090	1039798	99817	43316	896665
CTGGTT	F11-093	729627	207203	21696	500728
GCGACC	F11-095	1026189	36274	44039	945876
GTGCCT	F11-097	1144731	156580	43213	944938
TCGCCA	F11-100	957806	43124	41876	872806
TTGAGC	F11-102	1311365	99391	54620	1157354
ACCATG	F11-105	1082939	177165	45374	860400
ATGCAC	F11-115	1064849	209089	40499	815261
CCGCAT	F11-118	918064	93769	38998	785297
CTTATG	F11-122	3179833	2442295	40309	697229
GCGCTG	F11-133	619944	71307	25076	523561
GTGTAA	F11-141	951284	129288	33873	788123
TCGGAC	F11-142	846576	21486	37241	787849
TTTAAT	F11-146	801067	119439	35509	646119
ACCCCC	F11-147	904194	162682	35846	705666
ATGTTG	F11-150	835667	243149	28222	564296
CCTAAC	F11-154	910235	107092	39872	763271
CTTTGC	F11-156	716657	269638	21046	425973
GCTCAA	F11-163	671276	98271	26016	546989
GTTGGA	F11-164	909212	123130	35255	750827
TCTCGG	F11-169	745941	32143	36498	677300
TTTGTC	F11-170	812572	101733	32656	678183

Sequences not recorded
Barcode	Total
CTGCTG	38724
CTGTGT	34900
AGCAGC	34893
CATCCC	33121
AACCCT	31537
AGGAGA	31369
CACAGA	30932
AGAGGA	30702
AGAAGC	30455
CTTCCC	30430
CTGCTC	29494
CACAGC	29341
AGAGAG	29209
CTCCTG	28798
CACTGC	28576
CACAGT	28270
AGAGAA	28029
AGCTGC	27670
AGAAAA	27492
ATCCCA	27404
AGAAAG	27008
CAAACA	26599
AAATGC	26576
CAAAGC	26447
CTGTGG	26339
CACTGT	26337
CAAAGA	25790
CATCAG	25622
AGGAAA	25612
AAAAAG	25476
AAAACA	25388
ATCAGC	25213
AGCAGA	25025
ATCCTG	25009
CAAAGG	24860
ATGGAA	24738
TGATGC	24452
CAAAAA	24367
CTTCCT	24197
AGCCTG	24107
AGGAAG	24085
CATCCA	24066
AAATAA	23974
CACAGG	23854
AAAGCA	23815
AGGAGC	23754
AAACAA	23698
AAACCA	23665
AGATGC	23642
AGGGAG	23571
AGGGAA	23427
CCTGCT	23358
AATGCA	23290
AGAACA	23174
CTGGAG	23132
ATCCCT	23129
AAAGAA	22957
CTCCCT	22923
CAATGC	22920
AAAGGA	22773
CTCCCA	22665
ATCTGC	22531
CTTGCT	22492
AGCATC	22460
CTCTGT	22346
CTTCCA	22305
ATGTGC	22289
AATGCT	22245
AGAAGT	22204
CTTGCA	22204
AGATGA	22079
CTCAGC	22002
CATGGA	22001
AAACAT	21967
AGACAG	21762
AGAGCT	21718
AGAAAC	21710
CAGAAG	21585
ATGAGA	21581
AGAAAT	21577
AACCTG	21531
CAAGAA	21467
CAAGAG	21427
CAAAAG	21426
CATGAA	21367
CCTCCT	21350
CACCAG	21251
AGATGG	21197
AGTGCT	21091
AAACAG	21021
AACAGC	21005
CATCTG	20980
AAATGT	20844
ATTGCT	20802
AGAGAT	20679
AAAAAA	20663
AAAAGC	20509
CATTCA	20471
ATGAGG	20421
AGAGGG	20378
CATGTG	20364
CAAGGA	20360
ATACTG	20312
AAACAC	20229
CTTCTC	20190
CATTCC	20173
AGGACA	20073
AGCCTC	20072
CAAAAC	19972
ATCTCT	19940
AGAGCC	19916
CATGGC	19872
ATCCTT	19849
CTCAGG	19795
CAGAAA	19703
CAATGA	19674
ATCAGG	19673
CATAAA	19669
ATTCAG	19538
AGCAAG	19385
AGGCTG	19326
GTCCTG	19307
CCTGCA	19306
GTGTGT	19302
ATGCTT	19271
CATGGT	19173
ATTCTG	19126
ATTCCC	19022
ATCTGT	19012
CAAAGT	18994
AGTGTG	18974
AAGGAA	18934
CTCCTT	18904
CAGCAA	18904
AGCAGT	18829
CAAATG	18818
AGGCAG	18776
CCCAGC	18564
ATATGC	18544
AGCTCT	18486
ATTGCA	18477
AGTGGA	18452
CTCACA	18448
AATAAA	18407
AGTGCC	18395
CATTTT	18391
CAGCAG	18365
AAAATG	18364
AGACAC	18349
CTGAAA	18278
ATGTGA	18271
CAGGAG	18247
AGCTCC	18241
ATTTCT	18135
GGAAAA	18081
CATAGC	18024
ATAACA	18007
CACTCC	18004
CCATGA	17991
CCTTCC	17984
CACAAA	17926
AGAGGC	17904
CACCAT	17812
ATATTT	17758
AGCTGG	17754
CTAACC	17736
CTGTCT	17722
CAAAAT	17707
CATCAT	17701
CTCTGG	17662
AGTGTT	17644
ATGAAG	17627
AAAAGG	17607
TGCTAT	17595
AAAATA	17586
CAATAA	17564
TGATGT	17563
CATTAA	17504
AAGAAA	17429
AACAGG	17416
CTCAGT	17398
CTGTTC	17344
ATGGCA	17325
CTGGAA	17316
CATGTC	17312
CATGCC	17306
CTCTCT	17286
CCATCC	17258
AACCAA	17251
CTGAAT	17237
ATCCTC	17221
AGAATG	17208
CACTGG	17192
CCAGCA	17190
CATTGT	17176
CATTTC	17147
AGACTG	17071
GTCACA	17068
CACCCT	17064
AGTCCT	17028
ATAAAC	16983
CAACAA	16968
AGCACC	16952
ATACCA	16894
AATACA	16858
ATATCT	16840
ACCAGC	16822
CCATGC	16817
AGGATG	16807
CAATGT	16788
CTGACA	16774
ATTCCT	16771
CCCACA	16689
CTCTTT	16683
ATGACA	16664
CAATAT	16651
ATATGT	16643
CACCCA	16613
ATGAGT	16575
CTTCTT	16468
ATTTCC	16467
ATGGGA	16467
CTATGG	16440
CTCCAC	16406
CTGAAG	16399
CTCTTC	16391
CCTGTG	16390
GTCCTT	16388
CAACCA	16367
ATTTCA	16255
AGCTTT	16252
CTGTCA	16248
AGAGAC	16248
CTTTCT	16245
ATAATG	16244
CACACC	16232
AAACTG	16229
CAACAT	16212
AGGGCT	16201
CCCTTC	16189
AACACT	16185
CATCTT	16145
CAGAGC	16140
CATTTG	16131
ATCCAG	16131
ATAAAG	16085
AGCTTC	16031
CAACAC	16030
ATTCCA	15996
ATCTCC	15994
ATTTGT	15970
ATTTGG	15887
ATTGTG	15858
AAGCAG	15792
AAATCA	15756
AAGAGC	15690
AGCTTG	15689
CATGGG	15685
CCTCTG	15676
AGAGGT	15649
ACTGCT	15626
ATCACC	15536
CATCAA	15535
CTGCCC	15529
AAATAT	15524
AAAGCT	15523
CAAATA	15512
CCTGCC	15497
CCTCCC	15486
ATAAAT	15475
ATGGAG	15462
CCCTCC	15453
CAAGCT	15426
ACCACA	15400
GTTAGG	15384
CAAGGC	15312
AGAGTG	15259
AAACCT	15245
ACTGTG	15228
AGACCA	15224
CCACTG	15184
GTTCTG	15157
CACATG	15140
AGTATT	15136
CAGTGT	15118
ATGCCA	15108
ATACAA	15101
CAAGAT	15042
CAAACC	15041
ATATTC	15038
AGTCTG	14992
ACAGAA	14941
AAAGAC	14906
CCTCCA	14901
CTCCAT	14850
ATTACA	14801
CTCCAA	14788
ATCTCA	14775
CACCAA	14752
AACAAG	14743
AATGTT	14736
GGAAAG	14729
CAGCTT	14704
AGTGAC	14638
CTCTCA	14620
GATGCT	14609
AGGAAC	14589
GTCCCC	14587
TGTTCA	14554
AGCACT	14507
CACTCA	14502
AGTCCC	14476
AGCATT	14474
CACAAG	14471
AAAAAT	14467
ATATAA	14453
ATTCAA	14448
GTATTT	14445
GGAAGG	14442
CAACCC	14418
AGTCCA	14381
CAATAC	14380
ATATGG	14378
AGTGGC	14360
AGTGGT	14340
AAGGGA	14335
AAAAAC	14327
CATGTA	14321
ATGTCT	14273
TGAAGA	14244
ATTTTA	14239
CATGTT	14217
CTCAGA	14216
ATATCA	14214
ATGTCA	14188
AATGGA	14119
ATAAGC	14092
CAACTG	14085
CTTTTT	14037
CTCTGA	14034
ACTGCA	14030
ATGGCT	14023
AACCAC	13985
AATGCC	13972
AGTTGC	13930
TGTTGA	13927
AAACCC	13918
CTGAGT	13894
AAATGG	13871
GTTCCA	13841
AAGGAC	13809
AGTCAC	13808
CTTTAG	13779
AACAGT	13744
AACATA	13702
GGATGA	13677
CAACCT	13667
GTCTGT	13662
AAAGCC	13639
AAAACC	13606
CTAAAA	13601
TGTTTC	13579
CTCTTG	13539
ATAACC	13517
TGAACA	13503
CACAAT	13501
CAGGGC	13501
AACAAC	13501
AAATAG	13486
CTTCAT	13415
TGCTGT	13404
ATTTTC	13381
CCATCA	13358
ATGTCC	13346
CTTGAA	13329
CAGGGT	13328
CCTTCT	13327
CATGAC	13320
AATCCA	13309
AGATAT	13276
AGGGAT	13276
CTGTAG	13252
TGTGTG	13204
AAATTA	13199
AATCCC	13178
AGATTG	13172
CTTTCA	13170
CCCCTG	13147
CTGAAC	13134
AAAAGT	13103
CTGTTA	13103
TGTTTT	13089
GTTTCT	13060
TGCCTT	13038
CCCACC	13031
AGAATC	13013
GTTCTT	13004
CCCAGA	12965
ATATAT	12939
CAGCAC	12937
TGTTCC	12937
ATCTGG	12911
TGTTAT	12905
TGATGG	12884
TGTCCT	12878
CTGATA	12866
CTGGGG	12860
TGAATG	12848
ATCAGT	12845
ATCACT	12835
CAAATC	12804
CCCTCT	12797
AATAAT	12788
AGACCT	12785
TGTCCC	12752
AACCAG	12752
ATTTTT	12749
CTCACT	12735
AACACC	12703
CCAAGC	12690
TACAGT	12656
CACATT	12651
AGTCAG	12611
CCAGAA	12549
AACATT	12548
GTTTTC	12542
ATGATT	12534
AGAACT	12521
GATAAA	12488
AGACCC	12474
AAGGCT	12465
AACCCA	12433
ATCTTC	12432
ATGTAT	12431
CATTTA	12430
CAGAAC	12423
CCTCTC	12422
ACTTCT	12422
TGCCTC	12412
AAAGGC	12384
GAAGAA	12353
CATAAG	12349
AATGGC	12345
ACCTGT	12327
TAATAA	12315
CTCATT	12308
AAAGGT	12308
ATACAT	12281
CATAGA	12263
CAAGGT	12234
CCCATC	12224
AGGCTT	12171
ATTGTT	12162
CAAGTG	12162
AAATCT	12153
GCTTAT	12130
AGGAAT	12116
AATGGT	12102
CAGAAT	12090
TGTTGC	12089
ATGGAT	12078
AAGCAT	12068
AATCTG	12061
CTTGGT	12045
CATTAT	12044
CAGCCT	12015
GAAAAA	11999
CCTGAG	11985
AGTCTC	11985
ACTCCT	11983
CCCCAC	11981
AACAAT	11965
AAGGAT	11961
GTTCCC	11939
AAGAAC	11925
ACCTTT	11920
GGAAGA	11911
CATATA	11910
ACAAAT	11909
ATAATC	11907
ACATCA	11884
TGTTGT	11882
AGCAAC	11877
AAATCC	11869
CTATGT	11865
TGCTCT	11863
TATTAA	11858
CCAAAA	11857
CCTGTT	11827
ATTATT	11823
GTTTAT	11806
TGCTGG	11783
AATTCA	11777
CATTAG	11770
GAAAAC	11757
CAGATG	11755
TGTGCT	11748
ATACCT	11732
CACATA	11728
CCCTGG	11720
ACACAG	11711
GTCACT	11703
ATTTGA	11695
CCTGTC	11673
AGAATA	11657
CTGGGC	11639
CCAGCT	11632
GAAAAG	11616
AGAACC	11608
AGGACT	11608
AGGCAA	11604
GTCTTT	11579
TGCAGA	11567
CAGCTG	11541
TGTCTC	11534
CCACCA	11533
GTTTGG	11525
CTGTAT	11516
ATGGGG	11503
ACATGT	11496
CTACCA	11482
CCAACA	11472
ATTGCC	11465
CCTCAG	11458
AGATCA	11456
CTTTAA	11446
CATTGG	11428
CACTTT	11409
GTTTGT	11390
ATTTAG	11366
AGGATA	11366
TGATTT	11357
GAAACA	11340
CTGACC	11336
ATTAGA	11328
ATTCTC	11319
TGAAGG	11318
CCATAG	11314
CTATTG	11314
AGATTT	11312
TGCTCC	11291
CCTTTC	11283
CTAAAT	11279
TGTCTT	11278
AATCCT	11241
CATTAC	11235
GCTGCT	11229
GAACAA	11228
CACTTG	11227
CTGACT	11213
CAAGGG	11203
GGTTCC	11180
CTTCAC	11167
TGGGAT	11133
CAACTT	11127
CTTAAA	11119
ATAAGG	11107
CAGTGC	11104
ACTGAA	11097
CAGGAC	11091
CACAAC	11088
AGTTCC	11083
AATCAT	11043
ACCAGT	11029
GTGACA	11027
AGACTC	11026
AACTTC	11014
ATACTT	10998
CCCCTT	10995
AATAGA	10984
ATTTAT	10964
GTCCCA	10959
CCCACT	10948
CCAGAG	10939
TGATTC	10935
ACATTA	10919
ATTAAG	10910
ACACTG	10910
AAACTC	10908
CTTACA	10901
CCAAAT	10901
CAGTGA	10895
TATTTT	10879
AATCAA	10870
CAGATT	10864
TGTTCT	10862
CTAACA	10847
ATAATT	10841
AAAGGG	10824
AATTGT	10822
CCCCAG	10819
CTTGGG	10815
GGATGT	10809
TGGAGG	10803
AGTGTA	10798
AATGTA	10798
CCTTCA	10794
TATCCT	10776
CAAGCC	10753
AGGGGG	10747
CCTTTA	10745
AATAGT	10744
AAAGAT	10737
GGTTGT	10727
ATCTTT	10719
ATACTC	10674
AGTTCT	10605
CAAGAC	10595
GATGCA	10592
GGAAAC	10562
TGCAAA	10559
ATGAAT	10518
AGATCC	10506
ATTCTT	10500
AGACTT	10486
AAGGTG	10467
TGATAT	10453
GTTGCT	10438
GATATT	10422
CCCCCT	10392
TATTGC	10379
CTGTAC	10376
TGCAGG	10350
GAAAGG	10349
GGATGC	10340
CAAGTA	10330
ATTCAT	10328
AAAGTG	10325
GCCAGC	10320
AGTTTT	10314
CTATCA	10310
TGGAAG	10305
ATTGGT	10292
AAAACT	10287
CCAGTG	10281
TAAAGG	10251
GAATGT	10238
AATTTA	10238
ATCCTA	10235
GTCCAT	10234
GGCAGA	10209
GTAAAA	10201
TAATGT	10200
GGAAGC	10190
ACTGAC	10187
AACCTT	10172
TGGAAA	10155
TGAGCT	10139
AAGCCT	10134
GTCTGC	10133
ATGGGT	10114
TTGCTG	10112
CCTGAA	10108
GGCTTT	10103
TGAAAC	10102
CTTCAA	10094
GATTGC	10086
GTCAGA	10061
AATTAT	10053
GAATGA	10052
CCCCCA	10044
TTTCCT	10033
GTGATT	10029
CCTCTT	10029
CTACCT	10007
AATTGC	9972
CAATTA	9955
GTGTGC	9949
TGCAGC	9932
GTTGAC	9923
ATGACT	9920
TAAAGC	9917
GTGTTT	9914
ATGGGC	9907
CACTTA	9877
CTCCTA	9870
AGATTA	9862
TGTCTG	9853
TGCATT	9838
AATTAC	9823
AGTAAT	9821
ACCTCT	9819
TGCAGT	9817
TGAAAT	9805
CAGAGT	9799
CTTTAT	9794
GGCTGC	9788
ACCTTC	9781
GTGCTC	9781
GTAAAG	9773
CCCAAG	9772
GGAGAA	9761
AGGCCA	9759
GGAGAG	9755
CTACTT	9751
CCTGGA	9724
CTTGTA	9709
CCTACA	9706
GTGATG	9700
GTTTCA	9653
ACTGTA	9651
AAGAGT	9631
ATTGGG	9628
ATAACT	9602
TTTCTT	9582
ATTAGC	9529
GTTCAG	9503
AACTCC	9492
TTCCTC	9489
CTGGAC	9487
TAACCC	9485
ACCACT	9481
CTTGAG	9466
GGTCAG	9456
CAGGTG	9451
TTTTTG	9449
GTTTTA	9442
ATTAAC	9441
TATTTC	9434
TTCCTG	9430
AGTAAC	9420
GTTTTT	9416
AGATCT	9410
ATTACT	9410
TAAAAA	9385
GTTGTT	9379
CCTTTG	9376
CTAAGA	9359
TGTAAA	9330
CTATTC	9330
GAAGGA	9315
TTCTTT	9313
CTATTA	9304
CCTGGC	9300
CATTGA	9300
GCTGGT	9286
GACAAA	9274
AAAGTC	9231
GTTAAA	9219
TTCTTC	9213
CAATTC	9203
GATTAA	9200
TGTTAC	9197
GTTCTC	9197
AGTCTT	9184
GATGAA	9181
CAGGAT	9177
ACATCT	9170
CTAAGC	9168
GAATCA	9165
CTAAAC	9150
CAGGGG	9143
GAATGC	9142
TGTATT	9126
AAGGGG	9125
CTTTTA	9123
CTCAAG	9123
AATCTT	9121
GCTTTA	9107
GAGATT	9102
CCCATT	9096
CAGTAA	9095
ATTTAC	9092
ACCCTA	9078
GGTTAT	9074
GCTCTT	9062
CCAGCC	9061
AGAACG	9057
CTACTC	9052
TGAAGT	9040
GGCTGT	9028
AGCATA	9016
TGTCAT	9012
CAGTAG	9008
ACTGCC	8989
ATTGAA	8984
TATTGA	8981
AATTCC	8978
GGTGCT	8975
AGATTC	8972
GCCTCC	8970
CTCTTA	8967
GGGAAG	8966
TATTTA	8961
CAAGTC	8929
GTAACA	8917
GACTGC	8907
GTATTG	8905
ATTGGC	8889
CCACAC	8878
ACACTC	8874
ATCATT	8873
CCACCT	8873
AGGACC	8868
GCTTCC	8863
ATAGAG	8858
CCAGGG	8855
GACCAG	8853
TTTCTG	8834
GACCTT	8816
TGGTTT	8809
CAGTGG	8804
CATAGG	8803
ACACCA	8801
GACCAA	8796
CTAATT	8786
GTTATT	8755
TGCATC	8753
GGATTT	8748
TGTATG	8734
ATTATA	8724
CAGATA	8715
TATTCA	8708
GTGGTG	8696
ACCAAC	8691
AAATTT	8683
ATTACC	8674
GTTATA	8673
ATAGCT	8665
GTACTG	8657
ATGATA	8649
ACTAAA	8644
GTCAGG	8636
ACTGAT	8631
CCCTTG	8629
ACTCTG	8619
GTGCAG	8613
GGGAGG	8602
GCTTCT	8595
GAATAA	8585
AAACTT	8565
AAGGCC	8562
TGCACT	8559
GTTGTG	8539
CTAGAA	8538
AACTAT	8538
GACATT	8535
ATAGGT	8524
GTTCAT	8520
GCCTTC	8518
GGCAGC	8506
GGTGTC	8499
TCCTTT	8496
CCTTGA	8481
GGCTTC	8474
GAATAT	8461
ACACCT	8454
GGAAAT	8447
ACTGGC	8440
GCTCCT	8428
CCTTGT	8422
GTCTCA	8407
AGATAG	8389
TGCATG	8389
CTAATA	8382
TGAAGC	8374
GCATCA	8371
GGATAA	8367
ATAGAT	8363
TCCCTT	8345
ACTCAT	8343
CCTGGG	8328
ACACAA	8321
ATGGCC	8305
TGACTT	8302
TACCTT	8298
AGCTAC	8294
ACACAT	8290
AGTTTC	8268
TGTGCA	8257
CAGCCC	8229
AAGTAA	8227
ACTTCC	8218
GGACTG	8217
CCACAA	8202
CTATAA	8197
GTATTA	8188
CTATCT	8186
ACCTCA	8181
CTAACT	8179
GATGTG	8167
GTGAGG	8147
TGTTGG	8132
CCAAGT	8129
ATACCC	8112
AACTTG	8111
GACTTC	8109
TTATTT	8109
TTCTCT	8107
TGTGAC	8101
ACTGGT	8101
TATCTG	8094
GAAAAT	8061
ACTGGA	8051
TGTGTT	8033
GGCATT	8033
GGACAG	7991
TAATCA	7986
CCAATG	7982
GTCCAG	7981
GTTAAC	7964
AAATTG	7958
GAGAAG	7954
CTGATC	7947
AGAGTT	7939
GGAGGA	7934
AGGATT	7924
CCCAAT	7923
ACTGTT	7918
ATTGAC	7908
AATTTT	7894
TAAAAT	7881
TGTCCA	7878
GGACAC	7876
TGGGAG	7873
TACCAT	7871
TCTCTT	7862
TGTGGT	7857
GCTTTT	7849
GATGTA	7840
CGTTCT	7817
AAAATT	7814
GCTGCA	7810
GAAACC	7800
CTTGAC	7787
GATTAT	7785
TCCCTC	7761
CTCTAC	7742
GAAATA	7741
GTGGAT	7739
GTTACT	7737
GTCAAT	7735
ATCTTA	7733
CAAATT	7731
GATGTT	7729
TATGTT	7700
CTAGGA	7696
TCTGCT	7693
AGCGGC	7691
CTCAAT	7688
CAACTA	7680
GTCCAA	7665
TGATTG	7663
GGCCTC	7655
ACTTTG	7654
CAAGTT	7651
GATTCA	7644
ACTTGC	7643
GCCACA	7631
GACAGG	7630
TGGCTG	7628
TGCAAG	7604
ATATAG	7603
ACTTCA	7588
CCAGGA	7578
TTTTCT	7578
GCTTGC	7574
GACAGC	7566
CCTGTA	7565
CTAAGG	7551
GAACAG	7542
TAAGCA	7529
CCACTC	7528
TGCAAC	7526
CCACCC	7525
CACTAT	7524
ATCTAT	7515
TGCCAC	7511
GGAGCA	7504
ACCCTT	7504
GGCCTT	7503
TATGGT	7502
GGATAT	7498
GAAGAG	7494
AGGCCT	7470
TGAATA	7456
ACTTGT	7451
GTGTGG	7449
CGCCAG	7446
ACCAAT	7434
TGGAAC	7430
AAAGTT	7424
TCCAAA	7411
TGACTG	7401
CGCTGA	7396
AACTTT	7391
GACCAT	7383
ATGACC	7382
CTACCC	7371
GATTTA	7362
TAATGG	7359
CTCAAC	7342
CACTAC	7340
GCATAA	7323
TGATCT	7321
GGAGGC	7308
AAATTC	7306
TGACTC	7299
GTATAT	7298
AATTCT	7296
TGGATG	7286
TATCTT	7277
ACTGTC	7276
TTAATA	7265
CCTTGG	7252
TGTGCC	7241
GAAATG	7220
TAAAGA	7220
GCCTTT	7215
ACAGGT	7214
TGTAGC	7213
CAGACC	7204
CTCATA	7200
GGTTGC	7198
GTGAAG	7193
GAATTA	7191
GTGGCA	7184
ACTCAG	7182
GACACC	7162
GTGTTC	7156
CGTATT	7147
TGCAAT	7136
ACCTGG	7127
ACTCTT	7084
CTAGCA	7082
ATCCCG	7058
GCTGTT	7055
GGCTGG	7047
AATTTG	7047
GGGAAA	7042
GGTCCT	7041
GAGGCT	7038
CCAACC	7034
CTAATC	7033
TACTGT	7031
AGGTAC	7008
TATATT	6985
GGATTA	6980
CTTACC	6962
GAGCTT	6949
GAAGCA	6942
AGAATT	6927
GGGGAA	6923
TATGCA	6915
TTTTGT	6904
GTCTTG	6903
GGTGTT	6896
TGATAC	6895
TGGTTG	6894
ATCTAC	6894
ACACTT	6892
TGAATT	6882
GCCTGT	6880
ACTCCA	6857
AGACTA	6853
GTTGAG	6849
TATTGT	6835
GCCATT	6825
TGGACA	6813
GGGATG	6806
GCAAAA	6802
AGTACC	6799
GGTCTC	6783
CAGTTT	6780
GTACTT	6779
GAACCA	6764
CTAGTG	6760
GAAAGC	6749
ACTGGG	6748
GGCCTG	6738
GCTGGC	6738
TAATTT	6712
CGTCCT	6711
TGATCA	6705
TTCATG	6694
GAGGGT	6687
GTTGAT	6685
TATTTG	6681
GCCAGA	6678
TGGCAC	6676
AGCACG	6675
GCTCTC	6675
GATAAT	6656
TATTCC	6655
TAATGC	6646
ACAACT	6645
TGAGAG	6635
GGCAGG	6629
GGTATT	6629
GGCTCC	6628
TGATCC	6621
GTCTGA	6619
AGGTTA	6612
TTGCTT	6607
ACTTGA	6604
GGCAAG	6601
ACTCAC	6588
AGTACT	6582
TGTGGC	6581
ACTACA	6577
TTCTCA	6567
GCTCCC	6565
AAGGGC	6554
TTTACC	6551
TCCTCT	6551
TCCCTG	6542
GGAATG	6538
TATTCT	6527
AGGTCA	6513
ATGATC	6511
TGTCAG	6511
GTACAT	6511
AGTATA	6508
ATAGAC	6504
CACGTT	6503
GTACAA	6497
TGAGCA	6483
GACAGT	6482
ATTGAT	6473
GAAGTG	6470
TTTGGT	6464
GATTTC	6458
TCTTTC	6455
AAGTCA	6454
CAGTTC	6453
TTCATT	6443
TGACCC	6438
ACATTG	6429
ACAGGC	6426
ATTCTA	6415
AAGAAT	6409
GCTGTG	6409
CCAATA	6404
CAGTCT	6399
ACTTTT	6395
ACCCAG	6394
CAGTTA	6391
TGAGAT	6385
TGTATC	6381
GCCAGT	6379
TAATTA	6375
GGTTGA	6374
GCCAAG	6374
TGTAGA	6374
TTTTTA	6363
TGAATC	6362
TGGCCT	6360
AACTAC	6358
TGACCT	6355
TATCCA	6355
TAACAG	6350
TGGCTT	6336
CTTAGA	6329
GTAATG	6319
TGTAAC	6313
GCTTGT	6309
GTGATA	6298
GAGATG	6286
TGGTCA	6283
GTCAAG	6271
TCTTAT	6253
CTGGCG	6249
GTAGTT	6238
TGAGGC	6222
GAACTG	6210
CTATAT	6209
TATGGC	6204
TACTTC	6200
TACCAG	6196
AATTGG	6189
AGCCTA	6184
TTCTCC	6176
GGACAT	6175
AGGCCC	6166
GTTTAC	6165
GAACAC	6164
TGTGAA	6159
TGGCAT	6155
GTCCAC	6140
GGATAC	6130
TAACCT	6129
ACTATT	6115
GAAGTT	6114
GATGAT	6111
GATTGA	6104
GCAATA	6092
GAGGAG	6092
TCAGAA	6085
TGTGTA	6079
GCCAAA	6072
GTAAAC	6071
AAACGC	6070
GGAGTG	6066
TGATAG	6066
GTAGAA	6061
CTACTA	6051
TTTTCC	6048
GGCATG	6048
TCTTTT	6047
GATCCC	6036
GTAATA	6033
GCCTTG	6025
GGCTCA	6020
GAAGGG	6014
GGGTTA	6013
CAGCGT	6012
TGGACT	6011
ATAGGC	6010
TGAGGG	6008
TAAATA	6007
AAGATT	6000
GATTTT	5995
GTGGAG	5989
GGTGGC	5976
GGTTAC	5975
TCTTCT	5972
CCAACT	5964
GGTTCT	5953
GACAAG	5948
CTGCCG	5941
TATGGA	5940
TATAAA	5940
TCAATA	5937
TGAGAC	5927
TTTTTT	5926
TGACGG	5924
ACAATT	5922
ATTAGT	5916
GTGGCC	5907
GATATG	5903
TGTACT	5901
ATAGCC	5897
TAAAAC	5893
ACTACT	5891
GTACCA	5887
AACGTG	5876
CGTCAG	5866
GACAAT	5863
AAGCCC	5862
TGTAAG	5858
GGCAAA	5854
ACTTGG	5848
GTTGCC	5845
TTCCCC	5825
CCCATA	5822
GGACTT	5820
GTAGAG	5809
CACGCT	5804
GCTACT	5800
GTTAAG	5800
TTTGAG	5790
GACGTT	5781
AACGGC	5767
AAGTGC	5762
GAACAT	5759
ACTCTC	5756
TGTAGT	5755
TCAACA	5752
TTAAAA	5751
CTCTAT	5749
TGGTAA	5725
AGGTAG	5725
GTCTAT	5710
TACCTG	5685
TCTCCT	5675
GCAGGA	5669
GGAGGG	5637
TTTCCA	5627
TACCCT	5625
TTCCCA	5619
GGATCA	5617
CGTTTT	5617
GAAGGC	5616
CGATAA	5615
CGCTTT	5610
TCAAGT	5584
TGAACT	5578
GCTATT	5575
TGAGTC	5574
AAGGGT	5568
GAGCAG	5566
TGGTGC	5561
CCAGGC	5557
TGTATA	5553
TTTTAA	5544
CTGACG	5542
TCCATC	5535
GATAAG	5530
GTACGG	5523
GAACCT	5523
GTCTGG	5520
GCTTTC	5517
TGTGAG	5508
GGTGGT	5508
GCAATC	5493
CTTAGT	5492
GGCAGT	5489
TTATAT	5486
TTATTG	5473
GGGGAT	5472
TCCTTG	5464
GATGGG	5464
AGATCG	5457
GGTCCC	5434
CTTCGG	5433
GGAGAC	5425
TTAATG	5420
GCCACT	5416
GTAGCA	5409
TTGACG	5404
ACAGTC	5402
GTTCAC	5401
TAACCA	5400
CACACG	5392
CCAGTC	5387
CGGATG	5385
GACATG	5385
GATTAG	5369
GATCTG	5369
AAACGT	5367
TGAGGT	5363
ATGGCG	5361
AAACGG	5360
ATACGA	5354
TGCTAC	5347
TGAGTT	5340
TCATCA	5338
ATAGGG	5326
GCAGCA	5324
GCTGCC	5308
TATATG	5305
TATTGG	5298
GGAACC	5295
GCCCTC	5280
GATGCC	5274
TAAGAA	5271
GGTCAT	5266
GGAATA	5264
GCAAGC	5258
CTAGAC	5250
TAACTT	5250
CAGGTC	5242
CGCAAG	5235
ACTTTA	5234
TCCCCT	5228
ACCCAA	5218
TAACTG	5217
AAGTGG	5210
GTACAC	5210
CGTTGA	5203
TAAGCT	5200
CTATAC	5193
TAAGAG	5186
ACTTTC	5183
GACTTG	5183
CCAATC	5174
GCCCCT	5167
TATATA	5159
TACAAT	5157
CTTGCG	5140
CGGAAA	5133
GTGAAT	5129
GTGGGG	5117
TATGTG	5116
GCCTCA	5106
TAGAAA	5100
CAACGC	5099
GGTCAC	5098
GTGCTA	5098
GCCCTT	5096
GCATTC	5090
GATAAC	5088
CCTAGA	5079
TAATCC	5079
GGCGCT	5068
GATCCA	5051
TGGAGT	5050
TTAACA	5043
GGCTAA	5042
CCTTAT	5037
TCTCAT	5036
AAGGTT	5031
TACTTT	5028
GGCTGA	5021
GAATAC	5019
ACACTA	5017
GATGGC	5015
TCAGCA	5015
GGACCT	5003
AAGTCT	4997
TGACGC	4996
TTCAGA	4994
GTCCTA	4991
GTCTTA	4989
TGGCTC	4985
GTTTAG	4981
TTCCTA	4969
CCAGTA	4963
ACGCAA	4961
GAATAG	4960
GCATCT	4959
CGGCGT	4955
CACTAG	4952
TACATC	4950
TCCACT	4940
TTACTG	4936
TATAGA	4930
GAATTG	4926
GAAGCT	4922
CACGGC	4918
ATAACG	4910
CTCCCG	4910
TAATAC	4907
CGTATC	4900
GGTCTT	4899
GCTAAT	4897
ACAACC	4893
TTCCAA	4891
GGAGCT	4881
GACCTG	4881
GGTAAT	4880
CGCTTC	4873
TAATCT	4872
GAAGCC	4872
GGATCT	4866
GCCAAT	4854
TATGAA	4850
GCATTA	4847
TCCATA	4821
GGCCAC	4815
GATGTC	4811
TAACAT	4808
TTTTAC	4794
TAATTC	4794
GCTATG	4778
TTTCTA	4777
GATTCC	4769
ATCACG	4752
GTAGCT	4751
TTTGCA	4749
AGCGTT	4744
AGCCGC	4744
TGCCGC	4743
GATTGG	4743
TGAGTG	4734
TATGCT	4726
CAGATC	4724
GGCCCC	4724
TTTCCC	4723
TAAATT	4722
ACCTAT	4714
CTAGCT	4710
TCTGTT	4694
GCAATT	4683
GCTGAG	4680
TTACCA	4675
CGAGAA	4671
CCGTCA	4669
ACCTTA	4668
TACTAA	4658
CGCTGC	4655
TCTTTA	4655
GGACTC	4650
GACGGT	4650
ATGCGG	4649
TCAGTA	4642
CTAGAT	4642
CCAGAC	4641
TCATCC	4635
CAGTTG	4634
GCAATG	4632
TTGTTA	4629
TGGCAG	4628
CTAGGG	4618
CGTCCC	4618
TACCAA	4617
TCTGGT	4601
TGAGTA	4598
ACGTTT	4598
TTATCT	4597
GTTCTA	4584
CGAAGA	4584
GCGGCA	4578
CGACCA	4575
TGAGCC	4572
CGGATT	4570
CGTGGC	4569
GAAGTC	4567
TTACTT	4565
CGGTTA	4564
GAATTT	4559
TGGTGG	4557
TAATAG	4552
TATGAT	4542
TTTGCT	4523
TGTTAG	4519
CTCGTA	4515
CGCAGT	4510
AGACGG	4509
TCATCT	4506
TAACCG	4505
GGCGTT	4503
TTACCT	4499
GACATA	4491
TGGAAT	4489
GATCTC	4478
TTGTTC	4477
TACTTG	4476
GGCACT	4473
ACGTTC	4456
GGTAGC	4452
TCTGAT	4451
TAAATC	4446
CGGCAG	4445
TAGGGT	4431
TGCACC	4427
AGACCG	4427
CAGTAC	4426
GATACC	4412
ACTAAT	4411
GGTATC	4411
ACTTAT	4404
ACCGTC	4400
CGAAAA	4398
TTTTCA	4392
GGTGAG	4372
ACGCAG	4366
GGCGTC	4353
GGTGCC	4351
CGGGAG	4342
CAACGT	4340
TTAGGG	4332
GAAATC	4329
TCACCT	4327
GCTGTC	4326
TAGGAA	4316
CGCTAC	4315
GGCCCT	4312
GAAGGT	4312
GACCCC	4310
GAGGAA	4308
GGGAAT	4306
CGTGGA	4303
CCTATT	4300
GCCAGG	4298
CCACGG	4297
TCTCTC	4289
TTAATC	4286
AAGTCC	4273
CCACTA	4267
CATGCG	4246
GGTGAA	4246
GGAGGT	4242
GCTTCA	4240
TTTAGA	4239
TATGTA	4233
CGCAGC	4232
TACAGC	4229
GACCCA	4221
TTGATG	4220
TATCTA	4218
GATTAC	4216
CGAAGG	4216
GATCAG	4211
TTTGAA	4209
GCTTGA	4206
TTGTTT	4202
TCCCAA	4194
GCCCAT	4190
ACGCTC	4190
GTCTAC	4181
GGGATT	4160
TTGTCT	4154
GTGGGT	4154
ACTAAG	4153
TGGTTC	4152
CGTGCA	4147
TCTTCC	4136
AACGCT	4135
TTGATA	4119
TAAAGT	4118
GCCTGA	4117
GGATTC	4117
AACTAG	4105
TTGCAT	4090
TTAGAC	4086
TGGATA	4083
TAAACT	4075
TGCCGA	4070
TCTTGA	4069
ACAATC	4069
TATTAG	4068
AGACGA	4062
GTACTC	4057
GTGGTA	4056
CGTCAC	4053
CGTGTC	4047
AACGTT	4042
CGTACG	4038
CATCGC	4037
TCTAAA	4035
ATACGT	4030
AGCGGT	4024
CGACTG	4012
GTTAGC	4002
GCCGCT	4000
TGGGTG	3996
CACGAG	3983
ATACCG	3975
GGATAG	3965
CGTTCA	3954
GGAATT	3950
TCTGCC	3949
CGTTTC	3945
GCACCT	3944
GGAACT	3941
GGCAAT	3940
CGTGCC	3935
AACCGT	3930
GGCAAC	3927
GCCGAG	3913
TTAAAC	3907
GACTGG	3903
TCTTAA	3901
TCTTCA	3897
AGGCGG	3887
CGAAGC	3885
GACTTA	3882
TTCACT	3882
TTGCAG	3878
TAACGA	3861
CAGCGG	3860
TGGGCT	3855
AATCCG	3853
GACGCA	3850
CGAGGG	3848
GTTACC	3848
GAGCAT	3840
NGTATG	3839
GTGAAC	3838
TCAGGA	3821
GACTAA	3821
GATATA	3810
TTACTC	3805
CACGGA	3801
CGATGA	3798
AAGCGC	3792
ACGAAA	3792
TAGCAA	3789
TACAAG	3788
GGCGGC	3787
CTCCGG	3786
AGCTAG	3780
GCAACT	3779
GTATAG	3776
GAAGTA	3776
ACCGCT	3770
AACGAT	3765
GCAACA	3762
TACTCC	3761
GGGAAC	3752
TGGTCT	3750
GAAATT	3748
TTGACA	3745
CGCTCT	3744
ACTATA	3743
ACTCGT	3743
TTAGAG	3734
TCCAAC	3728
AACGCC	3721
TTCAAC	3720
TAAGTT	3717
TAAACC	3717
TGGCGG	3716
AAGCGG	3716
TACATT	3714
GAACTC	3711
TAGGAG	3709
TTTTGG	3708
CGAAAG	3704
TTCATA	3703
GTACTA	3703
ACACGC	3695
TCCCAT	3694
TTAAGG	3691
GCACAG	3677
AACGCG	3676
AAGTTT	3675
GTAGTG	3673
TTGGAT	3669
TCATTG	3669
TGTACC	3660
CGGCAA	3656
CACGAA	3655
CCCACG	3649
TGGGTT	3649
TGCGTC	3646
ACGAAC	3638
GGGTTT	3637
GGTGTA	3620
TTACTA	3616
ATACGC	3611
CCCCTA	3610
GCCCAG	3609
TGGTCG	3602
TAGCTT	3599
TTATCG	3598
GTGGTC	3586
TCTGAA	3579
CTAGGT	3568
TTGGCT	3565
GTCGGG	3562
TACCGC	3560
GCACCA	3560
CACGTA	3539
CTAGGC	3538
GGTAAG	3532
TACCCC	3532
TCTGCA	3530
CCTTAG	3529
TCTTTG	3524
TTTCCG	3516
AACGTA	3514
GACCTA	3514
CCTAGT	3506
CAACGG	3505
CTAGTC	3503
TTATAC	3502
TAGACC	3499
TGGCTA	3497
ATCGGT	3488
GTCACG	3478
TCTCCC	3476
GAACTT	3468
TTACAT	3462
ACTCTA	3459
TCCGTT	3452
ACGGAA	3450
GCTTCG	3445
TTATTC	3442
AGCGAC	3436
TCATTC	3436
CGTACC	3433
TAGCAG	3428
CGAATG	3422
GGTGAC	3416
CTACGT	3415
CGATGC	3406
ACAGTT	3399
TAAATG	3393
GCTTAG	3389
GTACGC	3383
TCCTCA	3383
ATGCCG	3379
TCATTA	3368
TTGGAG	3361
TATAAG	3357
GAATTC	3354
ACGCCG	3352
TTGCAA	3346
TCACAC	3342
AGCGAG	3337
GCGTAC	3328
GTGGAC	3326
TTCAGG	3326
GGGGAC	3324
ACGTGA	3321
ATCTCG	3318
CGATGT	3315
GGACCA	3313
CGCAGA	3302
CCTATA	3300
GCCAAC	3299
CGCCTT	3297
CGATAC	3296
TAATTG	3289
GCCGCC	3288
CCGTGT	3283
GGCACC	3275
AAACGA	3273
TGAACC	3270
TTGCTA	3264
AACGAA	3261
GGAGCC	3258
GCACTT	3257
ACTTAG	3256
TCCAGT	3256
GTAGGC	3255
GGAGTA	3250
CCCTCG	3238
CGCGGC	3232
AGCTCG	3228
ACGTGC	3226
TCATAA	3225
TTGGGG	3224
TAAGGA	3219
CCGTGC	3216
CGGTAT	3215
CGCCAA	3214
CGAGCA	3213
TGTGGG	3201
AGTTCG	3195
TCTGTG	3190
GAGTGT	3189
GAGAAC	3185
TCAACC	3185
GGCATA	3182
GTCGGC	3176
TTGTGT	3171
TAAGTG	3171
TTAACC	3169
TTTAGG	3168
ACTACC	3168
TTTATA	3159
CGCTGT	3152
TCAATC	3145
CGAGGT	3142
CGAAGT	3139
AGACGT	3130
TACATG	3128
GGTGGG	3104
TAGAGG	3100
GGGAGT	3093
GAGGCC	3091
GGTAAC	3087
GCGTTT	3086
TCCAGA	3085
TTGACT	3084
TATAGT	3078
CCTGCG	3078
CGCAAC	3074
CCCCGG	3073
CACCGT	3069
GCAACG	3067
CGATGG	3061
GCTTAC	3059
TACGAA	3057
AAGTAC	3053
CGCAGG	3049
TGGTAG	3045
TCTACA	3040
CTCACG	3034
CGAACA	3034
TGACGT	3031
AACGTC	3027
TAGAAG	3025
GCTGGG	3023
GGCCAG	3018
ACGAGT	3018
GTTGCG	3017
GCGTGT	3015
CGCATA	3014
GGAGTC	3013
GAGCAC	3011
GGAATC	3008
AATCGC	3005
TCTACT	3003
GGCCGT	3000
CGTAAA	2995
TTCCAC	2991
GTAGCG	2991
TATGCC	2990
TGCGTT	2989
TATACC	2989
GCCTAC	2987
CGACGC	2986
CCTCGC	2983
TTAATT	2983
ACGGCC	2982
AAGTAG	2982
GAGAAT	2978
CGTTCG	2970
CGAGGC	2960
TTCGAT	2960
GAGTTT	2955
ATCCGC	2952
CGAGCG	2952
TCTTAC	2940
CCTCGT	2933
AGGCCG	2931
TGGACC	2930
TCACTG	2919
TCATGT	2918
GCCCCA	2918
TATGCG	2913
CTGTCG	2912
GAGACT	2910
GCACTC	2910
GGGTGA	2906
ATCGTG	2899
TTTACA	2896
AGTCGC	2893
GGGCTT	2886
CTAACG	2884
TGGATC	2880
GGCCAA	2876
TGAACG	2873
TCTTGT	2861
GGGGGT	2854
CCGACT	2852
GCTGAC	2851
TTCACG	2849
TCCCTA	2849
CCGTCT	2847
GTCGCA	2843
ATCGTT	2843
GGACCC	2843
GATAGG	2838
GAAACT	2837
TTGGTG	2828
TACAAC	2824
AGCGGG	2819
CGGACT	2817
TTGAAG	2809
GACCGC	2793
GCGTCA	2792
GAACTA	2765
GAACGA	2761
ATCGTC	2757
TCACTT	2755
CGAACC	2754
GTGGGC	2751
GGGCAA	2749
TACCTA	2741
CGAGAG	2739
TGTCGC	2737
TAGATA	2736
TTAGCA	2731
ACGGGG	2727
GTAGAC	2720
TTGGTA	2718
TTTTCG	2716
TTAGCC	2714
TATAGG	2714
TCTATG	2713
GATAGC	2713
CCACGT	2712
TCTAGT	2712
ACGAGC	2706
CTCCGC	2702
TACGTT	2701
ACGGCA	2699
TAGTTG	2698
GGCGCC	2695
GGGCAT	2690
GGGCAG	2680
CTTTCG	2678
CGCATC	2667
ACACGT	2664
TTTCAG	2662
CGGCTC	2660
CTCTCG	2657
TTAACT	2655
TCCCAC	2655
TAACTC	2650
CGGAGC	2647
CACCGG	2646
TTGGAA	2633
ACGCGT	2619
TTCGTA	2617
TCACGC	2617
CGCCGC	2616
GCGTGA	2608
CGGGGC	2606
AGACGC	2597
CCCCGC	2590
GGGTAC	2590
GGCTAT	2583
CCCGCA	2572
ATTGCG	2568
TAGGTG	2568
CCGGCG	2568
CGCATT	2567
GAGGAT	2567
CGTTGG	2565
GTCCGG	2558
TAAACG	2556
GAAGCG	2554
TCCCAG	2546
GAACGG	2535
TAGGTC	2534
ACTAGC	2533
CCGTTC	2532
TCACGT	2531
GAGTCA	2529
GGAGTT	2529
ACTAGT	2527
GCACGT	2521
ACGGTT	2518
ACGAAG	2513
GAGGTT	2512
GAGGTG	2507
TCAAGC	2506
ACGTGG	2506
TCTCTA	2505
GGACGA	2497
GCTGCG	2496
CGGCAC	2494
CCCCCG	2492
TAACGT	2489
CTCGAG	2483
GTAGTC	2481
TACGCT	2473
CGACCT	2461
GATCTA	2457
GCAGTC	2457
ACCGGA	2454
GGGGTT	2452
TCCAGG	2450
TTGTGG	2448
GTGACG	2441
TCATAT	2440
GGCTAC	2439
TGGCGT	2437
TGGCCC	2436
CCCCGA	2435
CGTTGT	2431
AAGCGT	2426
TACTAC	2426
ATCGCT	2424
AAGTTC	2423
TCACAT	2422
TTTCAA	2416
CGCAAA	2415
GCTCGC	2410
GTCGCT	2409
TTCGGC	2397
GAAACG	2388
GCCCAC	2386
CTTCGT	2385
ACCGAT	2385
CGGAGT	2384
CGAGGA	2382
TTCGCT	2373
GCCTAT	2370
GAGGGG	2366
TGGGCC	2359
TAAGGC	2348
GGTAGT	2348
CGAGTA	2346
ACGTCA	2340
GGCGAG	2336
ATCCGG	2335
CCACGC	2335
TTGTCA	2333
GGGATA	2327
GAACCC	2324
TAGCTC	2322
ACGTAT	2321
TAGCCT	2317
GGACTA	2315
ACGCTT	2312
GCAAAC	2311
ACCGAA	2311
CCCGAG	2309
CGAGCT	2309
TTGGCG	2305
ACGTTA	2305
TACCGA	2302
GACGCG	2291
TTTGCG	2291
GAGTGG	2282
TAAGTC	2279
TTACCC	2273
TTACCG	2273
GGGACT	2271
CGCTCG	2269
AATCGA	2263
GGCCCA	2262
GGCCTA	2260
TCCACG	2254
CGCCCC	2254
TCCGCT	2253
CAGCGC	2248
TCACTC	2247
ACGGAG	2246
GTTCGC	2240
GCACAC	2235
CTCGGG	2228
CCTTCG	2220
GCTAAG	2219
TCAGGG	2219
TCTATA	2218
GGGATC	2216
GTCCCG	2214
TGGTAC	2213
GCAGTG	2209
GCCCCG	2209
TTAGTG	2206
GTAGGG	2203
ACTCCG	2202
TTCGTT	2195
TCACCC	2187
ATCGAG	2185
CCACCG	2184
TTCACC	2182
TAACGC	2180
AACCGG	2180
CAACGA	2177
CACCCG	2173
CCCGTC	2164
GGGTCT	2161
TTTACG	2159
TATCGA	2157
CGCTGG	2154
ATTCGT	2153
TGCGAT	2151
TCACGA	2148
ACGACT	2146
TAGATG	2142
CGTAAG	2136
GTCGTG	2135
CGACCC	2133
CCAACG	2131
TCGTGA	2125
AACCGC	2124
AGTCGT	2123
CCGGAG	2118
CGGACA	2117
TCAGTG	2116
ACGGGA	2111
TAAGAC	2111
CGCAAT	2108
CTCGGA	2106
CGCACA	2105
GGCGGT	2096
GTCTCG	2095
CGCCGT	2088
GCTATC	2081
TAACTA	2076
TCTGCG	2070
AGTCCG	2069
ATCGCG	2068
TAAGGT	2067
CGAAAC	2058
ACCTAG	2054
CGTCGT	2052
TAGCTG	2050
TCTGGC	2049
GCCACG	2047
GCGTAT	2045
CTCGAT	2044
CCGTTG	2043
TACTCG	2034
ATCGGC	2030
ACGAAT	2025
ATATCG	2023
CGCCAC	2022
ATTCGC	2018
AGCCGG	2018
CGGCCT	2016
GATACG	2016
CGAATA	2009
TATAGC	2001
ATCCGA	2000
ACGACA	1999
AGCCGA	1995
CGCCCT	1991
ACTTCG	1986
CGGCTG	1986
GTCGTT	1985
GCGGCT	1984
TCCACC	1984
ACGCGA	1983
CAGCCG	1983
TTCGTG	1972
GCCGCG	1966
TCAGTC	1962
TGTCGT	1959
CACGAT	1958
CGATTA	1953
TTAGCT	1953
GAACGC	1943
TGCGAC	1943
CCGATA	1936
CGACTC	1935
ACGGCT	1931
CCTCCG	1928
CACCGA	1926
CCCGAC	1923
CGGTAA	1918
ACCGAG	1917
CTACGC	1916
TAGTCA	1916
CGTGGG	1910
GAGGTA	1907
ACGTAA	1904
CGCCGA	1899
CGATTC	1897
GCTATA	1894
CTTCCG	1894
ACGCGG	1894
CGGCTT	1893
TAAGAT	1893
GCCTCG	1890
GGGTGG	1886
TCTGTA	1882
CCGTGA	1880
ACTCGC	1876
GTCCGC	1872
CGCTCA	1870
CGAAAT	1867
GTCGAG	1866
TTGCCG	1864
GCAGCC	1864
CGTTAG	1861
CCACGA	1858
GCCCGT	1858
TCAGTT	1853
ACACGG	1852
CATCGG	1847
ACGGGT	1846
ATCGGA	1845
CGAATT	1841
CGTAGA	1840
CACGCG	1839
GAGCCA	1836
TAGCGT	1820
CGACGT	1819
CGGAAC	1815
GCACTA	1809
GAGGGC	1800
GAGCCG	1793
GATGCG	1789
TTTGGG	1782
CGACTT	1779
AGTGCG	1777
TAGTGC	1772
TCTACC	1760
CGGAGA	1759
CATCCG	1757
TAAGCC	1757
TTAACG	1748
ATGCGT	1747
ATACGG	1745
TCCCGA	1744
GGACGG	1737
GGGTAT	1736
TCATCG	1732
ACCTCG	1731
GTTCCG	1719
TCACTA	1717
CGAACT	1716
TAAGTA	1708
TCAGGC	1708
CCGTAC	1708
CCGCTC	1707
TAGCGG	1700
CGGGAA	1693
TTGGCA	1685
GAGTGC	1674
GGTCGG	1673
GCTAGA	1671
GGACGT	1665
TCAGGT	1663
TGCGGC	1662
AAACCG	1659
TAGGTA	1659
TGTTCG	1658
AGTCGA	1657
ACGGTA	1657
ATTACG	1654
GGGTCA	1651
TTGCCC	1640
GAGCAA	1635
GCGTTA	1625
ACGATA	1625
TTAGCG	1620
TAGAAC	1620
CCTCGA	1618
CGCGCT	1615
AATTCG	1609
TAGAGT	1607
CCGGTG	1604
GACCGA	1602
TCGGTA	1601
CGGGGG	1600
GTTACG	1594
CGTCGG	1592
GCGTCG	1590
TCTTCG	1584
CGAATC	1579
GGCGGA	1578
CGGCCA	1574
TAGTCG	1572
TCGGCG	1569
CGTTAC	1567
CGCACC	1562
ACGGTG	1562
TGCGCC	1561
CCGGGC	1559
GGGGTA	1543
CATCGA	1542
GAGCTC	1540
CGACAT	1539
ATTTCG	1534
GCGAGT	1532
CGAGTC	1529
CGCGAA	1523
TCTTAG	1517
GTCGAA	1511
GCCCGG	1509
GACACG	1507
TGCGGT	1504
CGATAT	1494
GCGAAT	1491
TCCAAT	1488
TTAGTT	1488
AACCCG	1488
GCGTTC	1474
GGCGAT	1468
CGGTGG	1464
CGAACG	1462
TTACAC	1462
TTAGAA	1461
GAGTAG	1454
GAACCG	1454
CGATTG	1451
TCTGGA	1445
GACTAG	1444
CGGAAG	1442
TTGAAA	1435
CCGGGA	1434
GAGTTC	1428
ATTCCG	1427
AATCGG	1413
CGGACG	1410
ACGCCT	1406
GCAGGC	1403
GTACCG	1400
TAGTGA	1398
GGCACG	1395
GCGGAA	1392
CGACGA	1380
CGCCGG	1379
GGGTTC	1376
TACGCC	1371
GAGTTG	1366
GCTAGT	1363
CGTCGC	1361
CGAGCC	1359
GTCGCG	1359
TTTCGA	1357
ACCCGA	1357
TATTCG	1356
TTTCGC	1355
GGGTAG	1352
AACGGT	1349
GCTCCG	1348
GCGAAA	1339
CGCACG	1337
TCTGAG	1336
AGGCGA	1335
AGGTCG	1334
TCGTTA	1325
TAGGCC	1319
TCAGCT	1318
TCGTTC	1316
CCGAAA	1313
TGCGCT	1313
GCACGA	1307
GCGATA	1296
TGTACG	1296
CGGGAC	1282
GTAACG	1282
CGTAGC	1276
ACGGAT	1276
TGAGCG	1271
TCGCGT	1271
TAGGCT	1269
TAGACT	1267
TCCTAT	1256
CCGCCC	1254
TGCGAG	1251
TCCGCC	1247
ACCCGT	1238
CGTCCG	1233
CGGTAG	1231
CCGGCT	1225
CCGCTA	1224
TCGCAG	1224
GCACCC	1222
ATCGGG	1218
CGCACT	1216
CGGGTA	1207
CGTGCG	1202
GTTTCG	1202
CGTATN	1202
CGGGCT	1202
TCAACT	1201
TAGCGA	1198
CGGATA	1193
CGATCT	1188
CTCGAA	1188
ATTCGA	1182
ACCGGC	1178
TTAGGT	1171
TCGAAA	1171
TTGCTC	1161
GAGCCC	1158
GCCGGG	1152
ACGTCC	1149
TTGTCC	1148
TTACGC	1144
TTAGAT	1142
GCTAGG	1138
TTACGG	1136
TAGGCG	1134
TCGTCT	1130
GGCGAA	1126
CGAGAC	1118
TAGTGG	1114
ATTCGG	1106
GGAACG	1104
CGATCA	1104
GTCGGT	1098
GAGATC	1091
TCAGCC	1091
GCTAGC	1089
CGGCGG	1087
TTCGAC	1083
GGGCCA	1075
TAGATC	1074
ACCGGG	1071
GCGGTC	1069
CGGGGT	1068
TAGGTT	1068
GCGGTT	1058
TCTAGA	1044
CGACAC	1042
TCCGCA	1040
AACTCG	1037
TTCGCG	1036
TAAGCG	1035
GGCTAG	1023
ACGTCT	1022
CGTAGT	1015
GATTCG	1013
TCTATC	1011
TTGCGG	1006
TAGCCC	993
CGGTTG	986
ACGGGC	975
CGGTTT	974
GTCCGA	964
GAGTCC	959
GGGCTA	953
CGCTAT	950
TAGTTA	946
GCGTGC	941
TTCGGA	940
TCGACG	936
GGCTCG	919
GACGTG	912
CGCGGA	911
GCACGC	910
GCGTAG	905
GAGGTC	898
TCGAGA	892
TAGCGC	891
TCCGAG	887
TAGGGC	887
ACCGTT	886
TCGGGT	873
GACGGA	864
TGTGCG	862
TGGACG	858
TCGTAA	856
TCGTCG	854
TATCCG	853
ACCCGG	847
TCCGTG	845
GCCTAG	841
ACGCGC	836
GCGTCT	828
GCGCGT	808
CGATAG	805
GAGTCG	796
CGGATC	796
CCTACG	784
GACCCG	783
GGATCG	782
TCCTCG	767
ACTCGA	763
TAGTTC	756
CCGACA	755
CGCGAC	753
GAGCGG	752
ATCGAT	742
GATCCG	742
TCCGCG	741
TCCGAT	740
CGCCCA	734
CCGCGC	733
CCGCCG	733
GAGTTA	732
GTGCGG	712
ATCGAC	704
GTACGA	699
TAGCCG	695
CCGGCC	689
ACGTCG	688
TGATCG	683
TTGGCC	679
CGGAAT	676
CCGTAG	670
CGACCG	667
TCCGTC	655
TCGTCC	654
GTTCGG	649
CGAGTT	646
GGTCGA	645
GCACCG	635
TTGTAC	629
GGCCGA	628
TCTAGC	619
CGGTGA	618
ACCGAC	613
CCCGCG	605
TCTACG	603
CCGGAA	596
GCGGAG	593
TCCGAA	585
CTAGCG	572
TTAGGC	571
TCGTGT	570
CTACNN	570
ACGTAG	569
ACTACG	553
GTGTCG	550
GAGTAC	533
TCGGGG	527
GCCCGC	516
CCGGTC	509
TTGGGT	504
GGACCG	502
GCGAAG	495
TGTCGA	494
TCGGCT	490
CCGTTA	476
TTGTCG	459
GCGGGG	459
GCAGNN	450
CCGATC	447
GCGGGA	433
GGTCCG	418
GCCGGC	410
GGCGGG	404
TATACG	398
TAGTCC	394
ACAANN	390
GTAANN	384
TCACCG	377
AGTANN	376
GCTACG	368
ACGATC	367
TGCTNN	361
TAACGG	361
GCGCAC	359
GGCCGG	334
CCGGTA	331
GCCCGA	325
GTCGAT	324
TCGTGG	314
CCCGNN	313
NTCGTA	312
TCAANN	305
AAGCNN	295
TAGTNN	293
TCCTNN	290
GACCGG	289
CGCTAG	283
CGACGG	276
AATANN	276
TCCGGA	259
GCATNN	258
AGTTNN	255
GTATNN	252
AATGNN	249
TCGTTG	249
TGCGAA	244
CGGCCG	241
TCGCTC	240
TACGTA	237
TACGTC	234
CCATNN	233
TGGGNN	225
CGTANN	220
TACGAT	218
TCGCGC	210
GCGGGT	207
CCGTCG	206
CATANN	198
NTGCTG	196
GATCNN	192
GCGGGC	191
NAAACA	185
TCGGTG	182
AGGTNN	178
ATCANN	177
CTCGNN	173
NTCCTC	171
CGTGNN	170
NTTCTG	170
NTCCTG	168
NAAAAG	165
NAATGC	165
TTGANN	162
NTGTGT	162
TTCCNN	161
NTACAN	159
ACAGNN	159
CTGCNN	158
NTCAGC	157
GGTTNN	157
NTTGCT	156
NAAAGA	154
GTCANN	154
NTCTGC	153
NTGCTT	152
NTCCTT	151
NACAGA	150
ATAGNN	146
ATGCNN	145
NTCCCC	144
NAATAA	144
NTCCCT	144
NAAAAA	143
NGAAAA	142
NATCCC	141
NACAGC	141
GTGCNN	141
NACTGC	141
NATGCA	141
NTCTGT	140
NAGAAG	140
NAACAT	140
NGAAGA	140
TTCGCA	139
NATGCT	138
NACTGT	138
TATCNN	138
NTCACA	138
CTTANN	137
NTCCCA	137
NAATGA	136
NTGAGA	135
NATGAA	135
NACCCT	134
NAAGAG	133
NTGTGC	133
ACCANN	132
NAAGAA	132
NATGGA	132
NAAAGG	131
NATAAA	131
NTCTCT	130
NAAAGC	130
NACAGG	130
NTTCCT	130
NGATGC	130
NGCAGC	129
NTCTCC	129
NAAGCA	129
CGCGNN	129
NATCCT	128
TGCCNN	127
NGAAAG	127
AACTNN	127
CCGANN	127
NTGAGG	126
NGCTGC	125
TGACNN	125
NACAGT	124
AAGANN	124
NAATGT	123
GCGANN	123
AGCCNN	123
NCAGAN	123
NAAATG	122
NAACAA	122
NTTCCC	122
GGGCNN	122
NGCTGT	121
NTATTT	121
CCTANN	120
TTTANN	120
NGAAGC	120
NAACAC	120
NTTTCC	120
NAATAT	120
CGTCNN	119
NTTGCA	119
NCTGCT	118
CCGCNN	118
NTTTGT	118
NAGAAA	117
ACATNN	117
NTCCAT	116
TTCTNN	116
NTGAAA	116
NAACCC	115
NGATGA	115
NTATGC	115
NTCAGG	115
NTGTTT	115
NATGTG	115
AGGGNN	115
NGCTTT	115
NATCAG	115
NACAAA	114
NTCTTC	114
NTTTTG	114
NTTTCT	114
NATGGT	114
NAACCA	113
NGGAGG	113
GCGCGA	113
TCGCNN	113
NTAAAG	113
NATTAA	112
NACCAT	112
NAATGG	112
NTGGAA	112
GTCGTN	112
NTAAAA	111
NGCTTN	111
GACGNN	111
NTGAAG	111
NATTTA	110
NAACAG	110
NTACTG	110
NATGGC	110
NTGCTC	110
NTGTGG	110
NTCCAG	109
NACCTG	109
NAAAAC	109
NATATT	109
GCANAN	108
NGATGT	108
ATGTNN	108
NAAGCT	108
NGAGGA	107
NTGTGA	107
NCATGT	107
NTATGG	107
NGGAGA	107
NAAAAT	107
NAAGGA	107
NATTCA	106
NTTCCA	106
NATGAT	106
GTGTNN	106
NATCTG	105
NTGCAG	105
NTGTAT	105
NATTGC	105
NATTTT	105
GAGANN	105
NGCTTC	104
NTGACA	104
TCGGNN	104
CTANAN	104
NGAGAA	104
NTCATG	104
NGGAAG	103
NGAAGG	103
NGACAG	103
NAAATA	103
NATCCA	103
NAGGGA	103
NTGATG	102
NTGCAA	102
NTATTA	102
NAGGAG	102
NGAGAG	101
NGATAA	101
NGATGG	101
NTATCT	100
NAGCAG	100
NGTTGC	100
NGGGAA	100
NACATT	100
AGCGNN	100
NATTAT	100
NACCAA	100
CTGGNN	100
NCCCTG	99
NTATAA	99
NATAAC	99
NACCAG	99
NTTTTC	99
NTGGGA	99
NATACA	99
NTCTTT	99
NATGTT	99
TCTCNN	98
NTTCAG	98
NAATAC	98
NGTGCA	98
TTTGNN	98
NTGGAG	97
NTTTTT	97
NGATAT	97
NCTGCA	97
NCATGC	96
NAAGAT	96
NTGCCA	96
NTATCA	96
NTTCTC	96
NCCACA	96
GTTGNN	96
NGCAGA	96
NTAATG	95
NACTGG	95
NGAACA	95
NGGAAA	95
NTGGTG	95
NAATCT	95
NAATCA	95
NTACAA	95
NCCAAA	95
NAACTG	95
NTGTCC	94
NATTGT	94
NCATGA	94
NCTTCT	94
NGAAAC	94
NACCTT	94
NATCAT	94
NACCAC	94
NTCAGT	94
NTCAGA	94
NGTATT	94
NTGAGT	93
NTTTGG	93
NTTTTA	93
NACTTC	93
NCATGN	93
NCCTCC	92
CCCTNN	92
GCGCNN	92
NATATG	92
NACTCA	92
NTGTTC	92
NCAAGN	92
NAGGAA	92
NGTAGN	92
ACCCNN	91
NGTGCT	91
NTTCAT	91
NAAGGC	91
NCTCCT	91
NGCTTG	91
NTTGTG	91
NGTTGT	91
NATGTA	91
NTATTG	90
NGCTGA	90
NGTTTT	90
NAATTA	90
NAGTAN	90
NCCAGC	90
CTGCTN	90
NTTTAT	90
NGCCTG	90
NGTGTC	90
NTCACT	90
NCTGTG	90
CACCNN	89
GCCGNN	89
NGAGCT	89
NTATGT	89
NTCACC	89
NGTTAT	89
NGAGAT	89
NACCCC	89
NCCAGA	89
AGAAAN	89
NCAGCA	89
NTTTCA	89
NACACC	89
CAATNN	89
NCATCA	89
NATCTC	89
NGCAGG	89
NGAGCA	88
NTTAAA	88
NCAAGG	88
ANAAAA	88
NCAAAN	88
NTGGCA	88
NTCTGG	88
NTAACA	88
NGAATG	88
NATGCC	88
NAAACC	87
NGTTTC	87
NGCTCC	87
NCAAAA	87
CTTTNN	87
NGCTCT	87
NTTCAA	87
TTCGAA	87
NTCTTG	87
NCCTGT	86
NTTTAA	86
AGAAGN	86
NACACT	86
NAGGGT	86
NTTCTT	86
NATAGC	86
NTCTCA	86
NGTTCC	86
NTGTCA	86
NCTGAT	85
NATCTT	85
NGAAGT	85
NTGCAT	85
ATAAAN	85
NAGCAT	84
NACATG	84
NGCATC	84
NCCCTC	84
TACANN	84
NGACAC	84
GCTCNN	84
NGAGGG	84
NCAGAA	84
NCTCTT	84
NTGATT	84
NTGATA	84
NATAAG	83
NCCAAG	83
NACATA	83
NGATTA	83
NGCACA	83
NGGAGC	82
NATAAT	82
NATTCC	82
NAATAG	82
NGTTAN	82
NAAAGT	82
NAGAGG	82
NAAACT	82
NTAAAT	82
NCATAA	82
NACATC	82
NATTTG	82
NCCTTT	81
NTGGGG	81
TCGANN	81
NTTTGA	81
NGAAAT	81
CTGTGN	81
NTCATT	81
NGTCCT	81
NTAACC	80
NCTTCC	80
NTAATA	80
NTAAGN	80
NACAAG	80
NATATA	80
NTGAAT	80
NGCTGG	80
NGGGTT	80
NTCTGA	80
NGCCTT	79
NTTGAG	79
NTCCAA	79
NGTGTG	79
NGTTCT	79
AGGAGN	79
NAACCT	79
GACTNN	79
NTAATT	79
NCACAG	79
NGCAAG	79
NATTGA	79
NATGTC	79
GGGGNN	79
NTGCTA	79
NCATCT	79
NCTGAG	78
NAATCC	78
ACANGN	78
NGCATT	78
NACAAC	78
NTACTT	78
NATTAC	78
NATCAA	78
NTCAAC	78
NCATCC	78
NTTGGT	78
NGACTG	78
NTAAGC	77
NAAGAC	77
AGCAGN	77
TAGNAN	77
AAATGN	77
NAATTT	77
NTTACA	77
NATTTC	77
NGCAGT	77
NTTGTT	77
NGGATG	76
CCCNGN	76
NATACC	76
NTGGCT	76
NACTCC	76
NGTGTT	76
NGCCTC	76
NGAGGC	76
TACGNN	76
NTGTCT	75
NCTTTG	75
NTAAAC	75
NAAGGT	75
NTGGGT	75
NAGCAA	75
NGTTCA	74
NCCTTC	74
NTCTTA	74
NTAAGA	74
NTATAT	74
NGTCTG	74
NTGCCC	74
NGTCAG	74
NACAAT	74
GGTANN	74
NAAGGG	73
NGCTAT	73
NCTTGC	73
NAGAGC	73
NTTGAC	73
NATTCT	73
NGCAAA	73
NAGCTG	73
NTCCAC	72
NAACTT	72
NTTAGA	72
NATGGG	72
CAGGNN	72
NCCGGN	72
NGGCTG	72
NGGGAG	72
NAAGTG	72
NGAGTG	72
NTGTAG	71
NGTTTA	71
NGTTGG	71
NTTTAC	71
AGATGN	71
NTTGAA	71
NAGGAT	71
NCAAAT	71
GTANGN	71
NTGTTA	71
NTACAT	70
NGGACA	70
NAGAAC	70
NCAAGC	70
ATGAAN	70
NTCAAG	70
NGCTCA	70
NCTGTT	70
NGGGAT	70
NTATCN	70
CACTGN	69
NCTTTA	69
NAGATG	69
NAGATT	69
AAACAN	69
CAAAAN	69
NTTGGG	69
NAAATC	69
NTGGAT	69
NATGAN	69
NGCCAC	69
NCCTGA	69
NCCTGN	69
NGATTG	69
NTTTAG	69
NAGGCT	68
NCTTCA	68
NGATTT	68
NGAGCC	68
NTCAAT	68
NACCCA	68
NACTTG	68
NCCACT	68
NGTAAA	68
NTACAC	68
NGCCAG	68
NGTGAC	67
NCTCAG	67
CAATGN	67
NCCTCT	67
NGTGCC	67
NTTAGG	67
NCTGGC	67
CGTNTG	67
NCTCTG	67
NGCCCT	67
AAAGAN	67
NGACAT	67
NTAGCA	67
NCAAAC	67
CATCCN	67
NGTTAC	67
ANCAGG	67
ANATGC	66
NAGGAC	66
NCTCAT	66
NGATTC	66
NATAGA	66
NAGCTT	66
NCTGAA	66
NCTGGT	66
NGAGGT	66
NGTCTT	66
NTAAGG	66
NATTAG	66
NTATTC	66
NCCAGT	66
CTCCTN	65
NTTATT	65
NAGACA	65
NCACTG	65
NCAGTG	65
NGTTGA	65
NAACTC	65
NAAGCC	65
AGAGAN	65
NTCCTA	65
NTACCT	65
NCTCCC	65
NTTGCC	65
NGTATN	65
NGTCAA	65
NTGGGC	65
NCCCTT	65
NAAGTC	65
CTTCCN	64
NATGAC	64
NAGTGT	64
NTTGGC	64
AAATAN	64
NCACAC	64
TGATTN	63
NTACCA	63
AGCCTN	63
NCATTC	63
NTTGTA	63
AGTATN	63
ANCAGA	63
NCTCTC	63
NTAGGA	63
CACAGN	63
NGCACT	63
NGACTT	62
NCTGCC	62
NAGCAC	62
AGGAAN	62
ANTGCT	62
AGGGAN	62
NTCTAA	62
NTCTAT	62
NCAACA	62
NCCTTG	62
NCTTGT	62
NACTAA	62
NTGATC	62
NAGAGT	62
NGAGAC	62
NCCATC	62
NTTAGC	61
NGCAAT	61
NCCAGG	61
NTTACT	61
CAACAN	61
NTTAGT	61
NCCATT	61
NGGCAG	61
NAGCTC	61
NTGAAC	60
NTGGTA	60
NATATN	60
NCTCCA	60
NGGGGN	60
NACTAT	60
NCTGTA	60
ANAAGG	60
NCCTCA	60
NTGGTC	60
NGTCAT	60
NAGCCT	59
NGCCCC	59
NGGCAT	59
CTGCAN	59
NTTATC	59
NCTTTT	59
CAAAGN	59
NTTAAG	59
AGAGCN	59
NTTGAT	59
NTAATC	59
NATTGG	59
NGTCCC	59
NGGCAA	58
TGATGN	58
NTAGAG	58
NGTGAG	58
NGTGGA	58
NGCATG	58
ANCAGC	58
NGGGCT	58
NAGTAA	58
NTATAC	58
TCANAN	58
AATNAN	58
NGCAAC	58
NCTTTC	58
AGTNAN	58
NGTCAC	58
NCAAGT	57
GTATGN	57
NGAATA	57
CGGTNN	57
NAAGTA	57
NTGGAC	57
AGAGGN	57
NTACTC	57
GAAAAN	57
CATGAN	57
NGTCCA	57
NAGCCA	57
NGGGAC	57
NCTTGA	56
NGAGTA	56
NGAGTC	56
NCCCCT	56
NGATCC	56
NTGACT	56
NGGAGT	56
ANAGGA	56
NGCACC	56
ANAAGC	56
ANAACA	56
ANAAAT	56
NCATAT	56
NTTAAC	56
CAGAGN	55
NTCATA	55
CGTNTN	55
NGGGGT	55
NGTCTC	55
AACAGN	55
NCCACC	55
AAAAGN	55
NCATTN	55
NAGAAT	55
ANAAAG	55
NATAGT	55
NGTAGT	55
NGACCT	55
ANACAC	55
NGTGGT	55
NGTGAA	55
CTCAGN	55
NCAGAG	55
ANCCTG	54
NATAGG	54
NCTTAT	54
NTTACC	54
NCAGGG	54
CATGGN	54
NCCAAT	54
CATCTN	54
CATGTN	54
NTAGAA	54
NGTATC	54
NGTGGC	54
NCACCT	54
NGTATA	54
ANAATG	53
CTGATN	53
ATAATN	53
NCCCAT	53
NGGTTA	53
NAGCTN	53
ANACAG	53
AAAAAN	53
NACTTA	53
NAGGGG	53
NACTTT	53
AGCTTN	53
NGGGCA	53
NCTAAA	53
ATGTGN	53
NTTCAC	53
NGTAAC	52
NGTAAT	52
CTGTTN	52
CTCCCN	52
AAAATN	52
ANAGAG	52
CTAAAN	52
CNTATT	52
CTGAGN	52
NCAGGA	52
NGACTC	52
NGACCC	52
CNTGCA	52
AGTNGN	52
NCATTA	52
CAAGAN	52
ATGCTN	52
NTAACT	52
NAGGGC	52
NTTCTA	52
NCAGGT	51
NCTTGG	51
NCACCA	51
ATCCAN	51
NTCGCN	51
ANTGTC	51
NCTACA	51
CTTCTN	51
NCCCAG	51
AAGNTN	51
NTTATA	51
AGTTTN	51
NCTTAA	51
GCANGN	51
NTAGTT	51
ATAAGN	51
NAGTGA	51
NGGGGG	51
ATACAN	51
NGCCAA	51
NGCTAA	51
CTCCAN	51
ATCTGN	50
NGATAC	50
CCATGN	50
ATCCCN	50
GAATGN	50
CNATGA	50
AATTAN	50
TGCTGN	50
NCATAG	50
NCTGAC	50
NAATTG	50
NTGACC	50
AATNTN	50
ANATGA	50
CNTCCT	50
CACATN	50
NGAACT	50
AATAAN	50
NCAATA	49
CAGAAN	49
NGAATC	49
ATGGCN	49
NGCCCA	49
NTATAG	49
NCAATC	49
ANAATA	49
NGAACC	49
AGCAAN	49
AGAANN	49
NGCTAC	49
NTGGCC	49
ATGGAN	49
NCTGGA	49
CTGAAN	49
ANCACA	49
ANGCTG	49
NGGTGA	49
NTAGTG	49
TGAAAN	49
NAGGTG	49
ANATAA	49
NAAATT	49
CAATAN	49
NAGGTA	49
ANAGAA	48
NCTGTC	48
NGATCA	48
NATCGN	48
CTCTGN	48
ANAGCA	48
CNCAGG	48
AGCTGN	48
NCAGCT	48
CATAAN	48
NCACAA	48
NCACTC	48
NCCCAA	48
CNCAGA	48
NCTCAC	48
ANTAAA	47
NAGATA	47
AGGGGN	47
NGCATA	47
NTAGAC	47
TGCNTN	47
ATTTGN	47
CTGCCN	47
CNCAGC	47
NCCATA	47
ANCTGC	47
ANGAGA	47
NCAATG	47
CATTTN	47
ATCCTN	47
NGTGTA	47
AACCAN	47
NAACGT	47
NGGAAC	47
GAAGAN	46
NCAGTT	46
ATATGN	46
AATGTN	46
ATATTN	46
ANGAGG	46
CATGCN	46
NGTAAG	46
GTANCN	46
CCCTGN	46
CAAACN	46
ANATTT	46
AACAAN	46
ANATGG	46
CNCACA	46
NGATCT	46
ANAGCT	45
ATTAAN	45
CATAGN	45
NATACN	45
NCTAAT	45
NGTGAN	45
CNCTCC	45
AAGAGN	45
NGGTGC	45
NGGCTT	45
NGGTAA	45
CACACN	45
ATTATN	45
TCGTAG	45
NCACAT	45
CTGTCN	45
CACAAN	45
NGTTAG	45
GNAAGA	45
CNTCTG	45
NACTAC	45
NCTGGG	45
CTTCAN	45
AGCATN	45
ANTATG	45
ANGCAG	45
ANAAAC	45
ANACAT	45
CAAANN	45
NTAGGG	45
NTACTA	45
TNATGC	44
AGATAN	44
AGCACN	44
CATNCN	44
NGGCTC	44
CAACCN	44
AACATN	44
NGACCA	44
AGTGTN	44
CTCTCN	44
NATCTA	44
ATGAGN	44
NCATTG	44
NAGGCC	44
AAAANN	44
NAGACC	44
AAAGGN	44
ANTCAC	44
NAGTTT	44
GTCCCN	43
CACCAN	43
TAAAAN	43
ATCTCN	43
CAGCAN	43
NCAGTA	43
CNAACA	43
AGCCCN	43
NCCCCA	43
NGGTGG	43
CNAAAG	43
CNCTGC	43
NAGGTT	43
CNCCTG	43
ANACCA	43
NAGACT	43
GNAAGG	43
NTGAGN	43
CNCAGT	43
NTCGTC	43
NCAGCN	43
NAACTA	42
AACCTN	42
NGGTTG	42
CATTAN	42
NTCTAC	42
AATGCN	42
AATGGN	42
NCTATT	42
TGCAGN	42
NAGCCC	42
CNAATG	42
CNATGC	42
AAGATN	42
ATTCTN	42
CCTGCN	42
ANATCA	42
NACGTT	42
GGTTAN	42
ATGTAN	42
NACGCA	42
NTAGAT	42
NGGAAT	42
CCANTN	42
ANACAA	42
AAGGAN	42
CTTTCN	42
NAGCGT	42
ATCATN	41
NTAGGT	41
NAGTAG	41
ANCTCC	41
CATTGN	41
CNTCCA	41
NGTTTN	41
CTGGAN	41
AGACAN	41
GGAAAN	41
GTATTN	41
CAAGCN	41
CTATTN	41
CNTGCT	41
NGACAN	41
CATCNN	41
NGGATT	41
ANCCCT	41
NTAGCT	40
ANTACA	40
NGGTTT	40
NGATAG	40
CTTGCN	40
CNTCCC	40
AGCANN	40
AGTCTN	40
ACCTGN	40
NCCAAC	40
ANAGAT	40
CAAGGN	40
CCCAGN	40
AGCTCN	40
NCGACN	40
TGGNGN	40
ANCTTG	40
NAGTTA	40
ANATAG	40
ANTCAA	40
NCTTAC	40
CNAAAA	40
ATACTN	40
TGTTTN	40
NTGTAC	40
AAATTN	40
TGTTCN	40
GTTCTN	40
CTACTN	39
NCAACT	39
TNAAAT	39
NGGGGC	39
AGAATN	39
NTGCGT	39
NTACCC	39
GNAAAA	39
NGTAGC	39
GGATGN	39
NGCCTA	39
ANTGAC	39
CACANN	39
ANATCT	39
CCTCCN	39
GTATAN	39
ANCATC	39
AGTTGN	39
GTGTGN	39
ANTATT	39
CNAAGT	39
CAGGAN	39
NCTACT	39
AAGAAN	39
NAAGTT	39
ANACTG	39
CTGANN	39
CTCACN	39
AAGCAN	39
ATTGTN	39
NGAGTT	39
NGTGGG	39
NGGCCT	38
ACAGAN	38
CNAAAT	38
NCAGGC	38
ANTAGA	38
ANAAGT	38
AGATTN	38
NCACTT	38
ANCTGT	38
NCAGTC	38
NTCAAN	38
NGGATA	38
CNACAT	38
NGGGTG	38
AAACTN	38
ANGAAA	38
NGGTCT	38
CCCATN	38
AGAACN	38
AGGACN	38
CAACTN	38
NGACGG	38
AAACCN	38
CAGGTN	38
NCAGAC	37
NAATTC	37
ANCTCA	37
ANACCC	37
NACGGT	37
NGGTCA	37
NAACGC	37
AGTGCN	37
AATCAN	37
NAAACG	37
ATTTAN	37
TGTTAN	37
ATAGAN	37
AACANN	37
ANTGTG	37
NGGCAC	37
ANTGCA	37
NCCTGG	37
NGGTAT	37
CTTGAN	37
CCCTTN	37
ATTCAN	37
NGTAGA	37
AGAGTN	37
CAAATN	37
CNATAA	37
CNATGT	37
NTCGGT	37
CNCATC	37
CNAAAC	37
NTCCGN	37
CAGGGN	36
ACCAGN	36
ANCTGG	36
ANGAAG	36
GNATGT	36
AATACN	36
AGTGAN	36
CTTGTN	36
AGTGGN	36
ATAACN	36
AGGCAN	36
NGGACT	36
TGCATN	36
NAGTCA	36
NGGCGN	36
NAGGTC	36
CNTTCC	36
CNTGTC	36
NGGTGN	36
AGACTN	36
NACTGN	36
GATNGN	36
NTGCCN	36
NACCTA	36
NCCCTA	36
NCCCAC	36
CACCCN	36
TTCCTN	36
ACANCN	36
GNATGC	35
NGGTTC	35
NAGTTG	35
GNAACA	35
CNTACA	35
AGGATN	35
GTTTTN	35
CNCTCT	35
NTCATN	35
ANAGGG	35
ATATAN	35
NGCGGC	35
CNCTCA	35
GTTCCN	35
NTTCGT	35
GTCACN	35
ANAGCC	35
ANTTCA	35
NTCACG	35
ANCAAT	35
ANATGT	35
ANTCCT	35
ANTTGG	35
NGGGTA	35
GGTNTN	35
NCGGAN	35
TNAAAA	34
CTCNCN	34
ANGAAC	34
CNCCCT	34
GTAATN	34
TGGTTN	34
CNAAGG	34
NACGCT	34
NCAATT	34
CACTTN	34
NCTATG	34
CCTTCN	34
CAATTN	34
ATCCNN	34
TGTTNN	34
CNCACC	34
TGTGTN	34
ANCTTT	34
ANCAAC	34
NACGGC	34
CATGNN	34
AAAACN	34
GTCCTN	34
AGGNGN	34
GGAGAN	34
CTTGGN	34
NAGTCC	34
NGGCCA	34
CTAACN	34
NATACG	34
CAGTAN	34
NGTACC	34
ACATTN	34
ANCATA	34
NGCGTT	34
NGGCGT	33
AAAGTN	33
ATGNTN	33
GTAAAN	33
AGGANN	33
AAGGCN	33
CNCTGT	33
CAAGNN	33
ANATAT	33
ANCACT	33
AACACN	33
TNAAGG	33
CTCCNN	33
CAGCTN	33
ANTTTC	33
NAGTCT	33
CNTCAT	33
AACCCN	33
NTGCCG	33
AAAGCN	33
CNTGCC	33
TCGNCN	33
ANGGAA	33
ATGGTN	33
NTGACG	33
CCATCN	33
CAGTGN	33
NTCTAN	33
CNAGAA	33
AAATNN	33
ANATTG	33
TATNAN	33
NTAGTC	33
AGTAAN	33
NCGTGT	33
AATCCN	33
ATCAGN	33
NCAGCC	33
CCTCTN	33
CNGCCT	33
CTGTAN	33
CNAAGC	33
ANTGCC	33
NGAATT	33
CNAAGA	33
ANATTA	33
AGATCN	33
CNAGCA	33
GNCACA	32
ANGGAG	32
ATATCN	32
AGGCTN	32
CTATGN	32
ANGACA	32
ATTGCN	32
ANGAGC	32
ANCCTT	32
NCACTA	32
GNTTAT	32
GTCTTN	32
NAACGG	32
AGAGNN	32
ANACTC	32
CATTCN	32
CNAGAG	32
NCGCAN	32
CNTTCA	32
GGGAGN	32
ANCCCA	32
ANCACC	32
NGACGC	32
ANTGGA	32
NTTGGN	32
NCCTAT	32
CCCCAN	32
TNAACA	32
NCTTAG	32
ANTTGC	32
ANTTGT	32
AAATCN	32
NATCGG	32
CNAACC	32
ANTCCC	32
TNATTA	32
ANGGGA	31
NAGTGC	31
CTTTAN	31
NGAACG	31
CNACTG	31
CTTTTN	31
NTACGT	31
ANTAAC	31
GGTTGN	31
CNGGGA	31
ATTTTN	31
TGATAN	31
CCCCCN	31
NCAACC	31
ACTGCN	31
CNCTTC	31
NTGGCG	31
CAAGTN	31
ANAGTG	31
NGTCGG	31
CNTGTT	31
NCCGTG	31
ANCTCT	31
NCTAAG	31
GNATGA	31
TGTTGN	31
ATAANN	31
GNAGAG	31
ATTTCN	31
NGCGTC	31
CTGGGN	31
ANTCTG	31
GNCAGA	31
CCCTCN	31
AAAGNN	31
CNGCTG	31
CNCACT	31
ATCACN	30
CNTCTC	30
NGGTAC	30
CNGCAG	30
GGTATN	30
NTTGCG	30
ANCCTC	30
GTGCTN	30
AGACCN	30
NGGGTN	30
CNTGGA	30
CNTCAG	30
NACGGN	30
ANAGGC	30
GTTTGN	30
CNTGGG	30
TNATTT	30
TNAAGA	30
ANTGTT	30
ANTGGT	30
CNATGG	30
CTGACN	30
CCAAGN	30
CTGGCN	30
NCTCGN	30
ANCAAG	30
GNTGCT	30
ANGCAA	30
ANTCAG	30
CTTAGN	30
GNATAT	30
NCTAAN	30
GNCCCT	30
TNCTTT	30
NCACCC	30
GNCAGG	30
GNCAGC	30
ATGNAN	30
CNATCC	30
ANATCC	30
CATCAN	30
CNCTGA	30
NTGCGN	30
ATGGGN	30
NGGACC	30
NCCTTA	30
NTGCAN	30
TGTATN	30
NATCAN	30
NCCGTT	30
TGTCTN	30
AATAGN	30
ACCCTN	30
NCGTCA	30
AGGNTN	30
GNAAAG	30
CNAGGA	29
CNACCA	29
CCTGTN	29
CNCATT	29
CNACAA	29
CNCAAA	29
TAATGN	29
CNCCAG	29
NAAGCG	29
ATTTNN	29
ATANTN	29
NTCGTT	29
AGTCAN	29
ANCCAA	29
ATATNN	29
NTGTAN	29
ATTCCN	29
AGTGNN	29
AATCTN	29
ATGACN	29
ATGANN	29
CCACAN	29
CNTTCT	29
ATGCCN	29
TTCTGN	29
CTAAGN	29
CTAATN	29
NAGTGG	29
ANACTA	29
TACTGN	29
TGGAGN	29
CTATNN	29
TGTCCN	29
NCCTAC	29
ATGTCN	29
ANGATG	29
AGGTTN	29
ANAACT	29
TNATGT	29
CTTAAN	29
GGAAGN	29
GNCTGT	29
CNGTGT	29
ACTGTN	29
CNTAAT	29
ACTGGN	29
CNGTGG	29
AGCTNN	29
GTGAGN	29
AATTTN	29
GNAAAT	28
ANTAGT	28
ANTTTG	28
CTCATN	28
NGACTA	28
CTCTTN	28
GATGAN	28
GNATCA	28
ACAATN	28
GACNAN	28
NAGATC	28
GTTTAN	28
CTGNGN	28
CCTCAN	28
CTGTNN	28
NCTCTA	28
NCTCGT	28
CNAGTT	28
ANTCAT	28
ACACAN	28
TNCAGT	28
CACTCN	28
NGCCCN	28
NACGTG	28
ATCTTN	28
CNTGAA	28
CNTGTG	28
TNTTAA	28
CNGAGA	28
ANGGTG	28
CCAAAN	28
NGGGCC	28
AACNGN	28
ANGGCA	28
TTCNGN	28
NCGAGA	28
NGCGTN	28
AACTCN	28
GTTATN	28
NCATAN	28
NACCGA	28
GNAATG	27
TNTTTT	27
TNTTTA	27
GGATTN	27
NTAGGC	27
TNTTGA	27
ACATGN	27
NTTAAN	27
GTTTCN	27
ATTGGN	27
AGCGTN	27
ANACTT	27
NTTGTN	27
CCCCTN	27
ACTGAN	27
TCCNGN	27
NTTCCG	27
TNCTGT	27
TGAAGN	27
NAACCG	27
TNAAAC	27
NTCGCT	27
GNTTTT	27
CGTNAN	27
TNATAA	27
TNCATT	27
NGAGCG	27
NGGTAG	27
ANTAAG	27
NCGAGN	27
NGCCGC	27
NCGCCN	27
GAATAN	27
ANTTTA	27
CNCTGG	27
ANCAGT	27
ANCCAC	27
ANTTAT	27
ANGCCA	27
NGACGT	27
NGACGA	27
CNGGAA	27
NGTCTN	27
ANTATA	27
NACACG	27
CNTTTC	27
CNATCT	27
CNATAT	27
NCCATN	27
NGGATC	27
ANGGTT	27
NCGTGA	26
CTCTNN	26
TNAAGC	26
ATGATN	26
NACGCC	26
NACGAG	26
GTTAAN	26
ANTTCC	26
AGCNCN	26
CNATCA	26
CNTATA	26
GGCAGN	26
ANAACC	26
CNAGGC	26
ACAAAN	26
GNCCTC	26
CNGCAA	26
GNCTTC	26
GNTATT	26
NCTACC	26
GNATTT	26
NACGCG	26
AATTCN	26
GNTTCT	26
ANTGTA	26
CNTAAA	26
CAGANN	26
TNAAGT	26
NATGCG	26
CNCCAT	26
CNTGGT	26
NTACCG	26
NTAGTN	26
GTCAGN	26
TTCTTN	26
NGCGCN	26
TTGNGN	26
NTCCCG	26
CCAGCN	26
CTTNTN	26
NGCCGT	26
CNACAC	26
NGCACG	26
NACCGC	26
TGANAN	26
AGGTAN	26
GGCTGN	26
TGCCTN	26
NATCGC	26
NAGCGC	26
CCATAN	25
GCTTAN	25
CTAGAN	25
GACCAN	25
CCTGGN	25
ATACCN	25
TNCCTT	25
CNTCTT	25
GTTNGN	25
GTTGTN	25
ANTCCA	25
GNCTCC	25
ANTCTC	25
AGACNN	25
GNTTAA	25
TNATCA	25
GTGATN	25
ANTGAA	25
TCCTTN	25
ANTGAT	25
GTCGNN	25
NGGTCN	25
TGAATN	25
GTACAN	25
ANAATT	25
ACCTTN	25
TGCAAN	25
AGGGCN	25
CNTTTG	25
ANAGTC	25
ANGAGT	25
ACAGTN	25
ANGTTC	25
CNAACT	25
AAGGTN	25
ANGGGG	25
ACANAN	25
CNCTTT	25
AGGTCN	25
ANTAAT	25
NTACGC	25
NCCGGC	25
ANAGGT	25
NACGGA	25
ANCATT	25
NCCCCN	25
TNCTTC	25
NACTCN	25
AACCNN	25
ANGCCT	25
AAGGGN	25
ANGTAA	25
CACTAN	25
CTCAAN	24
NGCCAN	24
CTTGNN	24
GTGNCN	24
ACCAAN	24
GTGTCN	24
NACCGT	24
TNTTCT	24
TNTTAT	24
CCTGAN	24
NCGACT	24
GTCAAN	24
CAGTCN	24
NTATCG	24
CCCAAN	24
TGCTAN	24
NGGACG	24
CATATN	24
ATAGGN	24
CNTGTA	24
NGGCGG	24
ACTCAN	24
CCACTN	24
ANGTCT	24
TGAGAN	24
TGACTN	24
GATGCN	24
CCTTTN	24
GNTCTC	24
GNTCAG	24
GNTGTT	24
AGTTCN	24
NCACGA	24
CNGAGC	24
GNATCT	24
GNCATT	24
ANCCAG	24
GNTAGA	24
CNGAAA	24
TATTGN	24
GNCTGC	24
ACTTCN	24
AAGTGN	24
TACNGN	24
GNCCTG	24
NTTATN	24
NTGTTN	24
GNTCTG	24
CNTAGA	24
NCGGTT	24
GNTGAA	24
TTTNAN	23
GAAACN	23
AGTCCN	23
NCTCAN	23
AACTTN	23
GCTTTN	23
TGACGN	23
CNAGGT	23
TGAANN	23
GCGNCN	23
GAACAN	23
GGCCTN	23
TNTGGA	23
TNTCTC	23
CAGATN	23
GAATTN	23
ANTACT	23
TNTATG	23
TNTATC	23
NCGATN	23
ANACCT	23
ACCTCN	23
GNAATA	23
ATGGNN	23
GNATAA	23
CAGTTN	23
ACAGGN	23
GNATTG	23
NGCTCG	23
GNCAAA	23
ATTGAN	23
ATTGNN	23
NCTGCG	23
NCTAGA	23
NGTACN	23
NTTCGG	23
NAATCN	23
ANAGTT	23
AAACNN	23
CCGNGN	23
NTGGTN	23
GTTGCN	23
ATCTAN	23
TATAAN	23
CNAATC	23
NTACGA	23
NGTACG	23
NAGCGA	23
ACTTGN	23
NTAACG	23
CNCATG	23
CNTCAC	23
CNCCCC	23
CNCCAC	23
GTCTCN	23
TAAAGN	23
CNGCTC	23
CCTTGN	23
CNATAG	23
CCTNAN	23
CNGAGT	23
GAGNGN	23
CNACCT	23
CNTTAT	23
NCGCAA	22
NTCGGC	22
CNGCAC	22
GNTTGA	22
NTCGTG	22
GNTTTC	22
TNTTGC	22
ANGACT	22
AGATNN	22
NAACGA	22
AGCNAN	22
ANAGAC	22
ATCNAN	22
GATAGN	22
CAGCCN	22
TTCNAN	22
AATTGN	22
ANCTAT	22
GNCAGT	22
CTTACN	22
TNCTGA	22
NGTACT	22
NAGACN	22
CGCTGN	22
ANTAGC	22
GATGGN	22
NACGAN	22
CCGNAN	22
CNGATG	22
GNTGAG	22
GATTTN	22
ANTTAC	22
GNTGCA	22
NACGAA	22
TNATGG	22
CNGTGC	22
NAGAGN	22
GNAATC	22
NACCTN	22
GACANN	22
CAACNN	22
CGTTCN	22
TGTAAN	22
TGGGAN	22
CNCAAG	22
NGCGAC	22
AGCTAN	22
TGGATN	22
ANGGCT	22
ANCTAA	22
CCCACN	22
ANGTGC	22
TGTGCN	22
TTTCTN	22
TGCCAN	22
TGCANN	22
NAGTTC	22
CNTTTT	22
CNAGAT	22
CCACCN	22
CNATAC	22
CNTTGA	22
TGAACN	22
TCCATN	22
GTGNAN	22
TGTGAN	22
ANTACC	21
ATACNN	21
GTCCAN	21
TCATGN	21
TCGNAN	21
GTGAAN	21
GGTAAN	21
AACTAN	21
NACGTA	21
ATCTNN	21
TAGGAN	21
GTGGGN	21
GTCCNN	21
NCTAGT	21
ANATTC	21
TNTAGC	21
GNTAAA	21
NCGTTC	21
TNCTAT	21
GNGACT	21
CTCANN	21
GNGAAA	21
ANTTCT	21
NTAGCC	21
GCTGAN	21
CTTCNN	21
ANTTGA	21
ANGGAT	21
GGGAAN	21
CNTTGT	21
CNTTTA	21
TNTGAA	21
CNTAAG	21
CTATCN	21
ANAATC	21
ATTANN	21
TATTCN	21
GTTAGN	21
NCGCCT	21
AGGCNN	21
NCCTAN	21
TGTACN	21
GTGGAN	21
GCTTGN	21
NAGCGG	21
TNTGTG	21
CNAATA	21
GTTGAN	21
NCCTAG	21
TNATCT	21
TNCTTG	20
NCCACG	20
NCGAGT	20
ANGTGG	20
TTATTN	20
GNCACT	20
NCGAAG	20
CNAGTG	20
ATTACN	20
TTTTCN	20
CNACTT	20
ATTCNN	20
GGTCTN	20
NACTAG	20
ANGTTA	20
CNCCAA	20
NCGGGA	20
NTGCGC	20
NTACGG	20
GNAAAC	20
GNAAGC	20
GGGNGN	20
CNGAAC	20
TNTAGT	20
NCCGTC	20
CNATTG	20
GATTGN	20
ANCACG	20
ANGCCC	20
GNACAG	20
GNAGAC	20
NCGTTT	20
TTTCCN	20
TNACAC	20
ACTGNN	20
CNTATC	20
GTGTTN	20
GATATN	20
GCTNAN	20
ANTGGG	20
GCCTCN	20
GNCATA	20
NGCCGA	20
TNATAG	20
TATTAN	20
GCTTCN	20
TNATCC	20
GNTGAT	20
GNTCTT	20
NCTATA	20
GNTCCC	20
TGGAAN	20
CATTNN	20
CNTTAA	20
GTCNTN	20
NAGGCN	20
CCAGGN	20
TGCACN	20
CCAGTN	20
TGCTCN	20
CNGTTG	20
CAGTNN	20
NGCGCT	20
CCCANN	20
AATCNN	20
TGGTGN	20
CNTCAA	20
NAGCCG	20
GNCCAT	20
ANGACC	20
NCTAGG	20
CNGGTA	20
GNCTCA	20
GNCCTT	20
GNGATG	20
CNGGAG	20
ANGATA	19
CNGCTT	19
NACAGN	19
ANCTAC	19
NCTAGC	19
NGCGAA	19
TGGCTN	19
TTGCTN	19
TAAATN	19
CNGACA	19
ANGGAC	19
GCCTTN	19
TATTTN	19
CNCCCA	19
GNACTG	19
AAGNCN	19
GTCTGN	19
GGAGGN	19
CNAGCC	19
GAGGGN	19
NAGGCG	19
ANGTAT	19
TTTNTN	19
CNACTC	19
TACAGN	19
NCCGCT	19
GTTTNN	19
AGTACN	19
ATAGCN	19
CNTGGC	19
CNTGAG	19
CNAATT	19
GTGACN	19
GGTAGN	19
NGCGGA	19
NTCGGG	19
GNTTAC	19
TNATAT	19
GGTGTN	19
GNTAGT	19
ANAACG	19
GGTGAN	19
GNTAGG	19
GNTTAG	19
TNTTTC	19
TNCCAT	19
CGTCAN	19
TATATN	19
GGTTCN	19
NTTCGC	19
GNTAAT	19
GNAACT	19
GNGATT	19
GTTCAN	19
GNAACC	19
CNCCTT	19
CGCTTN	19
CNGGGC	19
NCTATC	19
TNTCCT	19
TNCAAT	19
ACAACN	18
GNTCCT	18
GNTGGT	18
TAACCN	18
TNTAAG	18
TNTCAG	18
GNTGTC	18
NTGCGG	18
TAACAN	18
TCTTTN	18
TNTCCA	18
TATGCN	18
ACCCAN	18
TTACTN	18
TTCAGN	18
TTCCAN	18
NTCGCA	18
TAGGGN	18
TNAATA	18
GGTCAN	18
TCATTN	18
GNTTCC	18
NCGTTG	18
TTTATN	18
ACCACN	18
TNAATC	18
GNCTTT	18
NGTCGC	18
NCGCAG	18
GNTACT	18
NCGCTT	18
NGTTCG	18
AAGGNN	18
NCCGGG	18
CNGATT	18
GCCATN	18
CCCCNN	18
CAGCGN	18
ANGTGA	18
ANGCTC	18
CGCNTN	18
GACAAN	18
GACACN	18
AAGTTN	18
GACTGN	18
AAGTAN	18
ANTTAG	18
CNGCCA	18
CTACCN	18
GATAAN	18
GACATN	18
ANGAAT	18
ANCTTC	18
GGCATN	18
ANCCTA	18
CCAGAN	18
GAAAGN	18
CNGTAA	18
CNACCC	18
NTCCGG	17
NGCGGT	17
NACGTC	17
TNCCCT	17
GCAAGN	17
NCAACG	17
GNCTGG	17
TNTTGT	17
CGTTTN	17
ACTCTN	17
NAGTAC	17
NCGGTA	17
GNGAGC	17
GNACAA	17
GGGNCN	17
TNCAGC	17
GAAATN	17
GTGGTN	17
GAAGCN	17
CNGAAG	17
ACCNCN	17
ANGGTA	17
GGGATN	17
AAACGN	17
TNTAAA	17
ANGGCC	17
AGCGGN	17
GATTCN	17
CCTCNN	17
NGGCTA	17
TNCAGA	17
GNAGTT	17
NCCGCC	17
TGATCN	17
TAATTN	17
GNGTGT	17
GAAGTN	17
GGGGAN	17
GNCAAT	17
ACGAGN	17
TNTGGT	17
NTCGCG	17
GAAANN	17
GNTTGC	17
CNGTAT	17
GAGCAN	17
CTCTAN	17
TNTCTT	17
GNTCCA	17
AGGCCN	17
NTCGAG	17
CNGCTA	17
GNCACC	17
CACTNN	17
GNATTC	17
NGGTCG	17
TACCTN	17
NCCGTN	17
CNAGAC	17
ACTTTN	17
GCATTN	17
ACACNN	17
CNTAGC	17
CGCCAN	17
TNCTCC	17
CNTACC	17
TNTTTG	16
GNTTGG	16
CTAANN	16
GGATAN	16
GNATAG	16
TACTTN	16
GACCTN	16
GNAGGA	16
GNAGAA	16
GATGTN	16
GNAATT	16
CNTGAC	16
GGATNN	16
TNCATG	16
CNGTAG	16
TTCATN	16
NTTTCG	16
ANTGGC	16
GAATNN	16
AAGCCN	16
GAAGNN	16
GNGCTT	16
ANTTTT	16
TNTATT	16
TATAGN	16
TTGAAN	16
GCTCTN	16
TNTCAT	16
NAATAN	16
TNAATG	16
ANGCAT	16
CCTTNN	16
TNTGAG	16
GNTATA	16
GCATCN	16
GNTATG	16
TNTCTG	16
GGAACN	16
NGACCG	16
TATGTN	16
TNTAAC	16
TGTAGN	16
TAGATN	16
GNTGTG	16
GATTAN	16
GNTTTA	16
TGTCAN	16
GNCATG	16
CCAGNN	16
TNTTGG	16
ANTCTA	16
TNTGCA	16
NGCTAG	16
ACGAAN	16
NACCCG	16
NCACGT	16
NGCGCC	16
TAACTN	16
GNGACA	16
TCCCTN	16
CACNTN	16
TNCATA	16
TACCAN	16
ACTCCN	16
NCCGCA	16
ACTATN	16
NCGATA	16
GTGGNN	16
ACATCN	16
AGTCNN	16
CNCAAT	16
CNCTAC	16
NCGCTC	16
NCGAAA	16
NCGCTN	16
CNATTA	16
GGCTTN	16
GAGATN	16
GTTCNN	16
NCGTAT	16
NCGGCA	16
NCGATG	16
TTATNN	16
GACTTN	16
TNCAAA	16
TCCTAN	16
CNGAAT	16
TAGCAN	16
CNAGTC	16
TNTTCA	15
CTATAN	15
GNAGGG	15
TGGTAN	15
NCTTCG	15
TNACCA	15
ANGGGC	15
TNACCT	15
TNACGA	15
TTATAN	15
TACATN	15
GNCAAG	15
GNCAAC	15
GTGCAN	15
NCGGAA	15
NGGCGA	15
GNATAC	15
TGTCNN	15
ACTAAN	15
TTTTTN	15
GCCACN	15
NCCTCG	15
TNCAAC	15
TNTGAT	15
GCCANN	15
GGAANN	15
GNTCTA	15
CNAGCT	15
CAANCN	15
CCTGNN	15
TGACCN	15
GCATAN	15
NTCTCG	15
TNCCTC	15
TAGACN	15
TNCCTG	15
GAGGAN	15
TGATNN	15
GAGAAN	15
NCCGGA	15
TGTGGN	15
CCAANN	15
ANTCTT	15
NACACN	15
ACTANN	15
GNGAAG	15
ATTAGN	15
NTCCGC	15
TTGGTN	15
TCCAAN	15
TNAGGA	15
CNGGCT	15
TNCTCA	15
TTTAGN	15
NCCCGT	15
TGCNCN	15
NCGTAC	15
TTAAGN	15
CCAATN	15
AGCGAN	15
CNGTTC	15
TNCCAA	15
TNAGAT	15
GNACAC	15
NACTCG	15
NCGTTA	15
GACGTN	15
NTTTGN	15
TTTACN	15
TAATCN	15
NCCCCG	15
GTCGGN	15
CNGTCA	15
GATANN	15
TTAAAN	15
ANGCTT	14
TATGGN	14
GNCTGA	14
CNATTC	14
ACCTAN	14
GCTGTN	14
TTGATN	14
GNGGTG	14
GNGGAA	14
NCGAGC	14
GNCTAA	14
CTTNGN	14
CNCCTA	14
AGTCGN	14
TCTAAN	14
GCAACN	14
GNGGCT	14
GGATCN	14
CAGACN	14
CACNGN	14
TTACCN	14
CNGGGT	14
GNGCAG	14
GCTGCN	14
GNGCAA	14
CCAACN	14
TNCATC	14
NCGACA	14
CNCATA	14
GTAGCN	14
GNGAGG	14
CNGGGG	14
TTCCCN	14
CGTAAN	14
TNAATT	14
TNATTC	14
CACGCN	14
GAAGGN	14
TGAGGN	14
GTACGN	14
GGCGTN	14
CNTAGG	14
ANCTTA	14
ACCNTN	14
TTTTAN	14
CGGNCN	14
GTTACN	14
TNCTCT	14
NCTCGC	14
GTCTAN	14
NGGGCN	14
GNACTC	14
TNCAGG	14
TTATCN	14
NGGCCC	14
CNGTGA	14
GNATTA	14
ACCTNN	14
TNAGAA	14
NTAGCG	14
GCCAGN	14
GACNCN	14
GATCCN	14
NCTCCG	14
TTTTGN	14
CNGGAT	14
GNAGCA	14
GTCTNN	14
ACACTN	14
GNTTCA	14
AATTNN	14
GGGTGN	14
CTCGTN	14
TTGCAN	14
TNACAG	14
CTAGTN	14
TCTTGN	14
TCTNGN	14
CNAGTA	14
TTCAAN	14
GTAACN	14
CNGTTT	14
CNCTTA	14
TNTTAC	14
CNGACT	14
GNCCAA	14
CNTTGG	14
TTTGGN	14
GNACCT	14
TNCACG	13
GTTANN	13
GNTCAT	13
GGCTCN	13
GNGTAT	13
GNTTGT	13
CNGGTG	13
CACGGN	13
GCCAAN	13
GGTGGN	13
TNTGGC	13
TNATTG	13
CNCAAC	13
ACTTAN	13
GNTACC	13
TNCCTA	13
GATCAN	13
GCTGNN	13
GNTAAC	13
NCATCG	13
GGTGCN	13
TNAGCA	13
GGACTN	13
GAACCN	13
CNGCCC	13
NGCGAT	13
TAGAGN	13
GNCTAT	13
GCAANN	13
TAACNN	13
GNCGTT	13
NGCGTA	13
CNCTTG	13
NGCGAG	13
NCGGTC	13
GNACGG	13
CTGNCN	13
AGGCGN	13
TNTTCC	13
CTAGNN	13
TNAGAG	13
GNACAT	13
CCACNN	13
GATGNN	13
NCGCCG	13
CAGNCN	13
GGCAAN	13
GNAGCT	13
NATCGA	13
NGTCGT	13
GNAGTA	13
TNCCAC	13
GTAGAN	13
GAGGCN	13
TNACGT	13
NTGTCG	13
ANGATT	13
TNTATA	13
TNAGGG	13
ANGTCA	13
GNGCAT	13
TATCTN	13
TAATAN	13
NCCGAG	13
TGAGCN	13
NCCGAT	12
CCCNAN	12
GAACTN	12
TGGCGN	12
CACCGN	12
TAAANN	12
TNCACT	12
NCGGCT	12
NCGGGG	12
TGGCAN	12
GTAGTN	12
TCTGCN	12
TNTGTA	12
CGCAGN	12
GTACTN	12
TNAGTG	12
ACGATN	12
NCGACG	12
NGAAAN	12
TCTTAN	12
TCTCTN	12
CTTCGN	12
GCTGGN	12
CCACGN	12
TNTGTT	12
TACTCN	12
NCGTAA	12
TGGCCN	12
NCGGTG	12
CGACTN	12
TATCCN	12
TNATAC	12
CAGCNN	12
TCAGCN	12
ANTCGT	12
GCACTN	12
CTAGGN	12
NCACGC	12
GCAAAN	12
NTCCGA	12
GNCTTA	12
TNGCTG	12
TNTACT	12
NTCGAA	12
TGGTCN	12
CNGACC	12
TGTGNN	12
GNGGCA	12
GCAGGN	12
CCTATN	12
GAATCN	12
NAGTCG	12
GNAGGT	12
CGTGTN	12
CNTAGT	12
GACGCN	12
CNTTAG	12
TNCTAA	12
TAATNN	12
GGCACN	12
GNACTT	12
TNTGCC	12
CNGTTA	12
GGTNCN	12
TACAAN	12
NACGAT	12
GGAGTN	12
GACAGN	12
ATGCGN	12
CTCGGN	12
CAANAN	12
TAAGGN	12
TNTGAC	12
CCTTAN	12
TNGAGA	12
NATCCG	12
TNGAGG	12
AACGGN	12
TGCCGN	11
TATTNN	11
CGCATN	11
NCGTGC	11
TACTNN	11
GNCCCA	11
GGGANN	11
GGCCCN	11
CNACGC	11
TNACAT	11
TTAATN	11
GCTATN	11
ATACGN	11
ANATCG	11
CGAGGN	11
TNGCAA	11
TATGAN	11
CGAAGN	11
GGAGCN	11
GCCGCN	11
TTCTCN	11
TNCAAG	11
NGGCCG	11
AAGNAN	11
GAACNN	11
GNAGTG	11
GCTAAN	11
NCGTCC	11
TGGGCN	11
TCATCN	11
ANGGGT	11
NTTACG	11
TNGAGT	11
GNCCAG	11
TGTANN	11
ANCGAA	11
GGCANN	11
CGTCCN	11
CGCCTN	11
GNAGCG	11
ANACGG	11
NCACGG	11
NATTCG	11
TTAANN	11
TNCCCC	11
GGGTTN	11
GCCTAN	11
TCACCN	11
ANGATC	11
GGACAN	11
NATCCN	11
TCTGTN	11
TNTCAA	11
GCGNTN	11
GCTTNN	11
TNAGCT	11
AAANAN	11
GTGGCN	11
TNGAAG	11
GTACNN	11
TTGACN	11
GCGAGN	11
CTCCGN	11
CNCGGC	11
TCCAGN	11
GTACCN	11
TNGTAA	11
GNTAAG	11
TNGGAT	11
GCTCCN	11
TNTACA	11
GATACN	11
GCCGAN	11
TGGGTN	11
TGAGTN	11
ANCGTG	11
TACNCN	11
GCAATN	11
GGAATN	11
CNTACG	11
CNAGGG	11
AATCGN	11
TNTAGA	11
CGGCAN	11
GCTCGN	11
TTAACN	11
TTTGAN	11
TATACN	11
TNCTGG	11
TTAGAN	10
ANGTTT	10
CNGTCT	10
TGGTNN	10
NTTCGA	10
TAAGCN	10
NCGGAG	10
TCTCCN	10
GGGGGN	10
TACCNN	10
TNGAAA	10
TNGAAT	10
TTACAN	10
TTTGCN	10
CNGATA	10
NCGCGC	10
TCTCAN	10
TCACTN	10
CNGTAC	10
ACACGN	10
GTGANN	10
TCAGAN	10
TTTCAN	10
CNGGCC	10
TCTATN	10
TGGANN	10
AAGCGN	10
CCTACN	10
TTCANN	10
TCAGNN	10
ANACGT	10
NTCGGA	10
TNGTTT	10
GNGCGT	10
CTAGCN	10
TNACTG	10
GCCCTN	10
TNCCCA	10
GNCCCC	10
GNGGGT	10
CGTGCN	10
CACGTN	10
CGTGGN	10
TNACCC	10
NGAAGN	10
GNGTTT	10
TCTACN	10
TAAGAN	10
ANACGC	10
ACTACN	10
GNGTGA	10
NTCGAT	10
GNGTCC	10
ACGTNN	10
GNCTTG	10
GNGAGT	10
GNTGGG	10
TNCTAC	10
GNTGGC	10
TNAGCC	10
NACAAN	10
NACCAN	10
GNTCGG	10
GATTNN	10
GNACGT	10
CATCGN	10
NGATCG	10
TCCCCN	10
TNTGCT	10
GNGCCA	9
NCGCAC	9
GTAGNN	9
GCAGTN	9
CGATTN	9
NCTTTN	9
GTAGGN	9
NTATTN	9
GGACNN	9
GACTAN	9
GAGGNN	9
GCCNTN	9
TNGACC	9
TCAAGN	9
GGGACN	9
NGAGAN	9
ATANCN	9
GNTGTA	9
TTTTNN	9
GNTGCG	9
ACGGAN	9
GNTGAC	9
TNGACT	9
TTACNN	9
TCCCAN	9
CNCGTA	9
GAGCTN	9
NCGAAC	9
GCCTGN	9
TTGGAN	9
TAGCTN	9
ACGCTN	9
GCCCAN	9
GACGGN	9
TNTCGT	9
AAGTCN	9
CNCGCT	9
CNCGGG	9
TAAACN	9
TCAGGN	9
CNGGTC	9
TNACGC	9
TAGTGN	9
AGANGN	9
GACCCN	9
TNCCAG	9
CGAGTN	9
TNACTC	9
GAACGN	9
TNACTT	9
ACTCNN	9
TNGGGG	9
TTGTTN	9
GNCTCG	9
NCGTGG	9
GNACCA	9
ANGTAG	9
ACGCCN	9
TTGTGN	9
TGCGCN	9
ACTTNN	9
GATCTN	9
TTGTAN	9
AAANGA	9
NCCCGC	9
CNTCGA	9
ANCCGT	9
NGGAGN	9
NCGGAT	9
AGCCGN	9
GGTCCN	9
TNGGCA	9
TNACCG	9
NTGCTN	9
CNGCGT	9
TNTACC	9
TTTCNN	9
NCGCGT	9
AGANGC	9
GGCCAN	9
TNGGCT	9
NGTGCG	9
NCCGAA	9
GNCCAC	9
CGGCGN	9
TNGATA	8
ANCGGC	8
ANCGCT	8
CACGNN	8
TNTAGG	8
CGCGGN	8
NACCGG	8
ANCTAG	8
GCCGGN	8
ANCCCG	8
ANGTCC	8
CCTAGN	8
GAGACN	8
TNTGGG	8
TNGAAC	8
TNGACA	8
TNCGGA	8
GAGGTN	8
TGGACN	8
ANCGTC	8
TNGTTG	8
TNTCTA	8
ATCGTN	8
GCTACN	8
CAANGN	8
TNAACG	8
TAGGCN	8
GNCGCT	8
CTGNTN	8
GNCGCA	8
ANTCGG	8
TCATNN	8
NTCCCN	8
GNAGGC	8
ACACCN	8
TCCTCN	8
AACGTN	8
GGGTNN	8
GTCGCN	8
AGANAN	8
CNCGTT	8
TACCGN	8
TAGAAN	8
CCCGTN	8
GTCNAN	8
NGGAAN	8
GTCNTA	8
GNACGC	8
NTCGAC	8
GNGGAG	8
CAACGN	8
GNGTCA	8
ATCGCN	8
CNTTAC	8
GNGTCT	8
CNTCGC	8
GNGTTA	8
GNGTTG	8
TCGNTN	8
AACGCN	8
TTGTNN	8
CTCGAN	8
ACGCAN	8
GGTGNN	8
NGTCCG	8
ACGTGN	8
TACTAN	8
ANTGCG	8
TCGTGN	8
TCTTCN	8
GNCGTG	8
GCGATN	8
GGCTNN	8
AGCNGN	8
CNCGAA	8
CGTTGN	8
CNCACG	8
GGGCAN	8
NCGGCG	8
TTCACN	8
NCGCGA	8
GGAGNN	8
GCGCCN	8
CGTTAN	8
TGAGNN	8
NCGAAT	8
TCAATN	8
GCGCAN	8
TTAGTN	8
NCGTCT	8
NCGCTA	8
TAAGNN	7
GNGACG	7
GNTCAC	7
ANTTCG	7
GNTATC	7
TNGGGT	7
AACNAN	7
TAGGTN	7
AAANCN	7
CNACTA	7
CCGTAN	7
CNACGT	7
ACCGGN	7
NTGACN	7
CNGGCG	7
GNGAAC	7
TTGCGN	7
TNCGTC	7
ANCGAT	7
GGTCNN	7
AGGNAT	7
GGTCGN	7
TCTTNN	7
TNTCCC	7
CCGACN	7
GNAACG	7
GNGCAC	7
GNGCTC	7
TATGNN	7
NTGTGN	7
GNGGGA	7
GCAGCN	7
NAATGN	7
NTCCTN	7
GNGGGG	7
TNGTAG	7
TATANN	7
CACNGG	7
CGCANN	7
GNGGTT	7
ATGNTC	7
CGTTNN	7
GAGCCN	7
NCCTTN	7
GNGTTC	7
TTACGN	7
NAAGGN	7
TTGGCN	7
NAGAAN	7
CGTAGN	7
NAAGCN	7
TCTGGN	7
ANGTAC	7
GACCNN	7
CACNAA	7
NCGGCC	7
NGCTCN	7
NCTCGA	7
TGTCGN	7
CNGACG	7
TCATAN	7
CCTCGN	7
TCTANN	7
ACTAGN	7
GNCCTA	7
GGCGGN	7
GGGTCN	7
TTGCCN	7
TGCGAN	7
CNCTCG	7
TACCCN	7
ANTACG	7
GGGGTN	7
NCGTAG	7
TNAGGT	7
CNCGCA	7
NCCCGG	7
TNGCCT	7
TNAGTA	7
TNAGTC	7
TNAGTT	7
TCAGTN	7
CGAACN	7
TNGCAT	7
NGGGAN	7
CNGGAC	7
AACGAN	7
ACGTTN	7
GNCGTC	7
CNGCGG	7
GGGCTN	7
CATNGC	7
NGCGCG	7
ANCGCG	7
CGAAAN	7
GNCGGT	7
GNAGCC	7
TNTTAG	7
AACNCN	7
NCGCCC	7
CGCAAN	7
ANACGA	7
GNCTAC	7
NCCAGN	7
ANGGCG	7
TTTCGN	7
CNCCGG	7
TNGTCA	6
TNCGCT	6
ACCGNN	6
CGCTCN	6
GNATCG	6
TNGTGA	6
ACGTAN	6
GNGGAT	6
ATANAN	6
GNACCC	6
NGGCTN	6
TNGCGC	6
CNGCGC	6
TNGCTT	6
NTGGAN	6
GGCGAN	6
GAGTGN	6
AAGNGN	6
CNGATC	6
ACGGTN	6
GAGTAN	6
TAGCGN	6
TNGCGA	6
ANCGGT	6
CGGACN	6
CNCCGA	6
GGCTAN	6
GAGCNN	6
TNGACG	6
CNACGG	6
NGTCAN	6
NTCAGN	6
TCCGCN	6
CNTCGG	6
ACCNAT	6
TNGGTT	6
TNGGTC	6
TNGGTA	6
NGTAAN	6
ANCCGC	6
NGTCGA	6
ANCGAG	6
NATTAN	6
ATTNAN	6
TNGGAG	6
CATNTC	6
ANCGCC	6
TNGGAA	6
AAANAA	6
GCCCNN	6
AGACGN	6
GCCCCN	6
ATCNCA	6
CGAGAN	6
ACGGGN	6
NTCGTN	6
CCANCN	6
GCGGCN	6
CCCNCN	6
TNAACC	6
GNTCGC	6
NCCGAC	6
NGATGN	6
GAANGT	6
CGATAN	6
GNTAGC	6
AACCGN	6
ANGCGC	6
TAGANN	6
TNAGGC	6
ACGANN	6
TNAGAC	6
CCGAAN	6
GTCCGN	6
TNACTA	6
TNACGG	6
CGACGN	6
GCTAGN	6
GCTANN	6
NCACCG	6
NCTCTN	6
CGAANN	6
CTGNGT	6
NTCTGN	6
CTGNAN	6
CTGNAG	6
TNAACT	6
CAANTA	6
TCGTTN	6
NACATN	6
NTGATN	6
CTACGN	6
TNGTTC	6
GCACCN	6
TCACAN	6
GCACAN	6
NGCCTN	6
GNCTAG	6
CGCCGN	6
CACGAN	6
GTGNGN	6
CGGGTN	6
NGCGGG	6
TTAGGN	6
TAGTTN	6
TCAACN	6
GNCGAA	6
TTGGGN	6
AAGTNN	6
CATNGT	6
GNGTGC	6
CACNGC	6
CGATGN	6
GNGGTA	6
GNGGGC	6
GNGCGG	6
NCCGCG	6
TNGTGT	6
CCGGAN	6
TTAGCN	6
NTTGCN	6
GCACNN	6
CNCTAG	5
CNAACG	5
ATGNAG	5
TNAGCG	5
CATNCC	5
ANCTCG	5
NCCCGA	5
CNCGTC	5
NCTACG	5
CTTNCN	5
CGGAGN	5
CNAGCG	5
NCGATC	5
NTCTTN	5
NTAAAN	5
CGGTGN	5
CNCGAC	5
NCGCGG	5
ACCNTA	5
TNCGTG	5
NATTGN	5
ATCGNN	5
NGCAGN	5
NATTTN	5
CNTGCG	5
CCGTGN	5
CAGNGA	5
ACCGTN	5
NGCCGG	5
ATANAT	5
ANGCGG	5
TNCGGT	5
AACNCA	5
TAGCNN	5
CAGNTG	5
ATANAA	5
GACCGN	5
ATANGN	5
ACCGCN	5
NTCCAN	5
AATNTA	5
AAGNCC	5
CGGANN	5
CGGATN	5
NATGCN	5
ANTCCG	5
ATCGGN	5
ANTCGC	5
CNGCCG	5
CGGGGN	5
NCCCAN	5
ATGNCN	5
AATNTT	5
TGGCNN	5
NGTCCN	5
CTCNGN	5
TAGGNN	5
CAGNGG	5
GAANTN	5
NGCAAN	5
TNGTCG	5
TNGTGC	5
TTCGGN	5
GNCGGC	5
GNCGCC	5
NAAAAN	5
GCGTGN	5
ACGGCN	5
GNCCGT	5
CACNAT	5
CACNAN	5
GCGGTN	5
CACNAG	5
GNCGGG	5
ANCCGA	5
GTCNAA	5
ANCCGG	5
GNAGTC	5
CGAGNN	5
GNACTA	5
CGCTNN	5
GCGGAN	5
NTTTCN	5
ATCNGN	5
CCANGN	5
TCTGNN	5
CCANAN	5
CAANCT	5
CAANCA	5
ATCCGN	5
TCCANN	5
ANACCG	5
AAANAG	5
GNTCGA	5
GNTCCG	5
TAACGN	5
NAACAN	5
CGAGCN	5
GNGTGG	5
GNGTAC	5
TCCCNN	5
CACNCN	5
GNGGAC	5
CGCTAN	5
GNGCCG	5
NAAAGN	5
TTGGNN	5
GNGAAT	5
TNGTGG	5
GGGCCN	5
TGCGNN	5
TNGCGT	5
ATTNCT	5
AGANCA	5
CGATNN	5
GGCGNN	5
NTTGAN	5
AGANAA	5
NTTCTN	5
AGANAG	5
GTGNTG	5
ANCGTA	5
ACTNTN	5
TNGCAG	5
NATAAN	5
GAGCGN	5
ATCGAN	5
ATTNTN	5
CATNCA	5
NAGATN	5
TCGGGN	5
GAGTNN	5
AGANCT	5
GTTNAN	5
TCACGN	5
GAGTTN	5
ANCGGA	5
CCCNTN	5
AGGNGC	5
GTANAG	4
TNATCG	4
NCTTCN	4
NCGGGT	4
NTTCCN	4
NCTTAN	4
CCCNTG	4
TGCGTN	4
CAANTN	4
AATNAT	4
CAANTG	4
CCCGCN	4
GCCTNN	4
NCGTCG	4
CCGCCN	4
AGCNAG	4
CCCNGC	4
GCGCGN	4
ATGNTT	4
ANCGTT	4
ACANTG	4
AAGNGC	4
GTGCGN	4
CGGTAN	4
CTTNAN	4
TCTAGN	4
TCACNN	4
CCGATN	4
AACNTN	4
CGACAN	4
AAANTN	4
CTGNGC	4
AACNTG	4
AGCNTN	4
AACNTC	4
AGCNTC	4
NCTGCN	4
ATGNCA	4
CTGNTG	4
CGCCNN	4
CTGNTA	4
NCGTGN	4
TTGTCN	4
ATTNCN	4
GGCCNN	4
ACTCGN	4
GGTNAN	4
ACCNCA	4
AGANTG	4
AGANTN	4
AGGNCC	4
NGTGCN	4
CNTCGT	4
AGTNAC	4
TACNTN	4
GNACCG	4
TAGTCN	4
TGANTA	4
NGGCAN	4
GNCACG	4
CNCCGC	4
TGGNAT	4
NTAGGN	4
CATNAN	4
NTAGCN	4
CATNAG	4
AACGNN	4
ACCNGN	4
CNCCCG	4
NGGATN	4
AGANAC	4
GGGNAN	4
GGGTAN	4
CNCTAT	4
ACGCNN	4
GGCGCN	4
NGTGTN	4
NGTGGN	4
NGAGGN	4
GNGGTC	4
CCGCTN	4
GGACCN	4
CGTCGN	4
TCGTCN	4
TGTNTA	4
TGTNTN	4
CAANAG	4
NGCATN	4
CTCNTC	4
CTCNTG	4
ATANTT	4
GCTNTN	4
NGACTN	4
AGGNAN	4
CAANCC	4
ATCNCC	4
ACGTCN	4
AGTNGA	4
CCGGTN	4
CCGGGN	4
ACCGAN	4
GNCCGA	4
GNCGAG	4
CTANTN	4
CCGTCN	4
AGGNAA	4
ATGNGC	4
AGTNTG	4
ATGNGN	4
GNGATA	4
GNGATC	4
GNGCCC	4
TAAGTN	4
ANCGGG	4
TNGGTG	4
GAANTG	4
CACNCA	4
TCTGAN	4
NAACCN	4
ACGACN	4
NATCTN	4
TNTCCG	4
NCACAN	4
TNGCTA	4
CGCGAN	4
GACNTT	4
NACTTN	4
CACNCT	4
NCACCN	4
TNGTAC	4
TNGTTA	4
NTTAGN	4
NACCCN	4
TNTCGC	4
CGGGAN	4
GAGTCN	4
NATGTN	4
ANGTCG	4
NTTCAN	4
GCANGA	4
TNGGGC	4
GCACGN	4
NAAATN	4
NCAACN	4
CGGGNN	4
NAGCGN	4
GATNAG	4
TATNGN	4
NAAGAN	4
TNCCGA	4
CACNGT	4
TNGATG	4
TAGCCN	4
NCAATN	4
TNCCGC	4
NCAGGN	4
TNGCAC	4
ACANAG	3
TCGTNN	3
CCANAT	3
ATCNGT	3
ANGCGA	3
CCGCGN	3
ATANGG	3
ANCGAC	3
GCTNCN	3
NATTCN	3
CCCCGN	3
TNTCGA	3
TNCTCG	3
CNTTCG	3
TAGNGA	3
TCCNTC	3
TTCNTN	3
NCTGAN	3
CCANTA	3
TNTGCG	3
CTGNCT	3
GTANTT	3
CGGTTN	3
CGGGCN	3
GTANTG	3
GAANGA	3
CTGNAA	3
GTANAC	3
NGAATN	3
NAACGN	3
AAGNCT	3
CGTACN	3
GAANGN	3
CAANAC	3
NAACTN	3
AGANTT	3
TCCACN	3
TCCGGN	3
CAANGC	3
NTCTCN	3
AGGNCA	3
AGTNTT	3
GNGGCC	3
GNGCTA	3
ACGGNN	3
TNCGCC	3
GATNTN	3
TNGTCC	3
GGACGN	3
GGANAC	3
GGANAA	3
TNCGTT	3
NACTAN	3
NTGTCN	3
ATGNGT	3
TCGTAN	3
GGANAN	3
AGTNTN	3
NGGACN	3
TAANAN	3
CAGNAG	3
GATNCA	3
GNCCCG	3
ATGNGA	3
CTANTC	3
CAGNAA	3
TAANGN	3
NGCTGN	3
CTANCN	3
CTANAT	3
AATNCN	3
TTGCNN	3
ATANCC	3
NGAGCN	3
GCANCA	3
CTCNTA	3
GNACGA	3
GNTGCC	3
CTCNGC	3
TCCGTN	3
AAANGC	3
NAATTN	3
ATANAG	3
CTCNAN	3
CTCNAC	3
CAANAT	3
TGTNTC	3
CACNTA	3
CCANGA	3
NGATTN	3
NCACTN	3
TCCCGN	3
TGTNCN	3
TGANGN	3
ATANGT	3
ATGNCT	3
GGANGA	3
NGCACN	3
CACNTT	3
TNGCCC	3
TGANTT	3
GCCNGN	3
ACANTN	3
CGCACN	3
NGTTGN	3
AGCNGT	3
NTACTN	3
GTTCGN	3
CCTNAA	3
GTCNTT	3
TCGAGN	3
TACGCN	3
CGGAAN	3
TACGTN	3
GTTNTN	3
GCCNTC	3
TTAGNN	3
CACNAC	3
TCGAAN	3
CATNGN	3
NAGTGN	3
GTCNCA	3
ATTNTG	3
CTTNGT	3
CNCCGT	3
NTATGN	3
NTACCN	3
CATNGG	3
GGCNTN	3
TACGAN	3
GCCNAG	3
TTANCN	3
ATTNGT	3
TNGCCG	3
ATANGA	3
TCGCTN	3
GTGNGC	3
ATTNGN	3
CTTNCA	3
TTTNAG	3
CTTNCC	3
CNCGAG	3
NTAACN	3
NCCCTN	3
CNCGCG	3
TACNAT	3
GGGNAG	3
CNCGGA	3
AGCNCT	3
AATNGA	3
GCGTCN	3
AGANCN	3
NAGGAN	3
TGGNCA	3
GCGTTN	3
ACGCGN	3
ATGNAT	3
GGCCGN	3
TNCACC	3
NTTTTN	3
CGACCN	3
TTCGTN	3
TNGATC	3
TGCNTG	3
TGCNAN	3
CGGCCN	3
NTATAN	3
NAAACN	3
ATTNAG	3
GCGTAN	3
GTCGAN	3
ACANCT	3
CNACCG	3
NTGGGN	3
AGANCC	3
NCCACN	3
CNACGA	3
TNTTCG	3
AGCNAA	2
CATNAC	2
NTAGAN	2
NAGTTN	2
TCGCAN	2
AATNCA	2
TGGNAN	2
AGTNGC	2
NACGTN	2
TCCGAN	2
AATNCC	2
AACNAC	2
NATAGN	2
TAANGC	2
TTTNTG	2
ATANTC	2
TTGNTG	2
CAGNCC	2
GNATGN	2
TGGNCT	2
CCGGNN	2
ATCNGC	2
CAGNAT	2
TATNAT	2
GGANCC	2
ATANCT	2
ATTNTC	2
TNGTCT	2
TTTNTT	2
CAGNAN	2
CAGNAC	2
ATANCG	2
AGTNTA	2
TTGNTA	2
GGANCG	2
CGGCNN	2
GNCCGC	2
NAGCCN	2
GACNGG	2
CCANGT	2
TNCTCN	2
TNGCTC	2
NGGTTN	2
ACCNGA	2
TCGGCN	2
CCTNCN	2
CGTNCT	2
NATGGN	2
TNGCGG	2
NTGGCN	2
ACCNAN	2
AAANGN	2
CATNTN	2
CNTCCG	2
TACNGT	2
TACNTC	2
NTCACN	2
TCCNTN	2
AACNGC	2
TCGGTN	2
ATCNTN	2
AGGNTT	2
TGANTN	2
AGANGG	2
GGTNAA	2
CATNTG	2
GGTNAG	2
CGTNAA	2
CCTNCA	2
GGTNGN	2
AGANTA	2
AGANGA	2
ATTNCC	2
TGGNAA	2
AGTNCN	2
AGTNAT	2
CAGNCT	2
GAGNAG	2
NAGGTN	2
GGCNCT	2
AGTNCA	2
CGTNTC	2
CCTNGC	2
TGGNTN	2
NTAATN	2
TTTNCC	2
GAGNAC	2
GGCNGN	2
ATANAC	2
TTTNGN	2
GGANTN	2
GGANTG	2
NGGTAN	2
NAGCAN	2
GAGNGG	2
ATTNGA	2
AACNCT	2
CAGNGC	2
NAGGGN	2
GACNCA	2
AATNGT	2
GGCNTT	2
CGTNGN	2
CAGNGN	2
TATNGC	2
ACCNAA	2
CAGNGT	2
AGTNAG	2
GNAAGN	2
TCGACN	2
GTCNCC	2
TTCGAN	2
TCANTG	2
NCTATN	2
NCTAGN	2
GCGNTT	2
GCGNGN	2
NCTACN	2
CATNGA	2
GCGGNN	2
AAANTT	2
AAANCG	2
TGCNTC	2
NCGTTN	2
GTTNTT	2
GTCNCT	2
AAANTG	2
GTCNGT	2
GTTNTG	2
NTTACN	2
GTTNTA	2
CGCGCN	2
AAANCA	2
ACANTT	2
TTCNTC	2
NCTGTN	2
AAGNTG	2
CTGNGG	2
CAANTT	2
NCTGGN	2
GAANCA	2
CTGNTC	2
ACTNAA	2
TGANAT	2
CGAATN	2
ACTNAN	2
NCGGTN	2
GCCCGN	2
AATNAA	2
TGANAC	2
AAANAT	2
TTCNCA	2
ACTNCC	2
TTCGNN	2
NCCAAN	2
ACTNCN	2
ACTNCT	2
CGACNN	2
NTTCGN	2
TGCNCC	2
CTTNCT	2
CGGNTN	2
GTGNAT	2
GTGNCA	2
GTGNTA	2
GTGNTC	2
CTTNTA	2
CTTNTC	2
GTGNTN	2
GTGNTT	2
GCCNCT	2
TGCNAA	2
AGCNGG	2
NCCTCN	2
AGCNGC	2
GCCNTT	2
AAANCC	2
ACTNTT	2
GCGAAN	2
CGCCCN	2
AAGNTT	2
AGCNAC	2
TGCNGA	2
GTTNGG	2
GTTNGC	2
NTTTAN	2
TGCNGN	2
CGANGA	2
ACTNGG	2
CGANGN	2
CGANTG	2
ACTNGN	2
TCTNTG	2
GTTNCN	2
AATNAC	2
NTGAAN	2
GTTNAC	2
CCCNTT	2
TGCNCT	2
AAGNGA	2
TGCGGN	2
CTTNAA	2
CTTNAC	2
CGATCN	2
GCCNCA	2
GCCNCN	2
CTCNTN	2
TNCGCG	2
NGATAN	2
CTCNCA	2
ATANTG	2
CTCNCT	2
CTCNGG	2
GCANAG	2
CTCNGT	2
GCANCN	2
CTCNAT	2
CAGNTN	2
GCTNTT	2
ACCNTT	2
TNCCGG	2
TGANGC	2
AATNTG	2
GCTNGC	2
NACGCN	2
AAGNTC	2
TGTNGN	2
NACCGN	2
TNCGAT	2
TGTNAC	2
CAGNTT	2
TGTNAT	2
ATCNGA	2
TNTAAN	2
TGTNCC	2
ATTCGN	2
GNTTCG	2
TNCGAA	2
CAANAA	2
CTCNAA	2
TNCGCA	2
ATGNTA	2
NGATCN	2
CCGTNN	2
CCANCT	2
GTANAA	2
TATCGN	2
AATNCT	2
CCCGAN	2
GNCGCG	2
ACANAA	2
GATNAT	2
AATNGN	2
AAANGT	2
ATGNAA	2
CTGNAC	2
NGCTAN	2
NCATCN	2
CTANGN	2
CTANCT	2
CTGNAT	2
CTANCA	2
AGTNTC	2
ATGNCC	2
GCTNCC	2
GATNCN	2
ATCNAT	2
CATNTT	2
GATNGC	2
TAANAG	2
AGGNAC	2
GNCTCN	2
GNCGGA	2
NCAGTN	2
CACNGA	2
TAANTC	1
CCTNGN	1
TNCTGN	1
TGCNAG	1
AATNGC	1
TACNAA	1
TAANTG	1
CATNAT	1
CGTNGT	1
CATNAA	1
TGCNAC	1
TAANCT	1
TAANAT	1
ATANGC	1
TAANTA	1
TGCNAT	1
CCTNGG	1
CGGNAT	1
CGGNGA	1
TGCNCA	1
CATNTA	1
TAANAA	1
TAGNAC	1
TACNGC	1
CGTNCC	1
TAGNGT	1
ACGNTN	1
CGCNAN	1
CCTNAT	1
CCGTTN	1
TGCNTT	1
TAANGA	1
AACNGG	1
TACNGA	1
TGANCN	1
TAGNAG	1
AAGNGG	1
TGANTG	1
ACGNAA	1
ACGNGG	1
CGTNAC	1
AGANGT	1
TGANCC	1
CCTNCC	1
AACNTA	1
AGANTC	1
CCTNCG	1
TACNCC	1
AACNAT	1
CGANTN	1
CCTNTA	1
TAGNTN	1
CGANGC	1
ACGNCN	1
TAGNTG	1
CAGNTC	1
CGANCT	1
CGANCN	1
TGANCA	1
TAANTT	1
CGANAG	1
TGCNGT	1
CCTNCT	1
AGANAT	1
CGCNGN	1
TGANGG	1
CGTNGA	1
ACGNCC	1
CGTNCN	1
AGANCG	1
ACGNGC	1
ACANGC	1
TCANGC	1
GCGNGG	1
TCANCN	1
TCANCA	1
TCANAT	1
GTCNAC	1
GTCNCG	1
GTCNCN	1
TCANAC	1
GTCNTG	1
TCANGG	1
ACANGG	1
ACTNGA	1
ACANGT	1
CCCNCA	1
CCCNCT	1
ACTNGC	1
CCCNGG	1
AAGNAT	1
CCCNTA	1
TTCNCN	1
GTANTN	1
ACANAT	1
ACANCA	1
ACTNAC	1
ACTNAG	1
TTCNTA	1
ACTNCA	1
TTCNGG	1
TTCNGC	1
TTCNCT	1
ACTNGT	1
TTCNCC	1
TTCNAA	1
GCGTNN	1
AAGNAC	1
TCANTC	1
TCANGT	1
AAGNAG	1
ACANCC	1
TCANGN	1
CACNCC	1
GCCNGT	1
GCCNGC	1
GCCNAC	1
GTTNAA	1
GTTNAG	1
GTTNCA	1
GTTNCT	1
GCCNAA	1
GTTNGT	1
GTTNTC	1
AGCNCC	1
ANAGCN	1
CACNCG	1
GCANTT	1
GCANTN	1
GCANTC	1
GCANTA	1
GCANGT	1
NAAGTN	1
GCANAA	1
TTANAA	1
TTANTG	1
TTANTC	1
TTANGT	1
TTANGN	1
TTANGC	1
TTANCT	1
TTANCA	1
TTANAG	1
TTANAC	1
GTANTC	1
AGCNTT	1
AGCNTA	1
GTGNAC	1
GTGNAG	1
GTGNCC	1
GTGNGA	1
GTGNGG	1
ACTNTC	1
ATCNAG	1
GGTNTC	1
TCCNGA	1
AGGNTG	1
AGGNTA	1
ATTNAA	1
TCCNCN	1
TCCNAT	1
GGTNAC	1
TCCNAA	1
GGTNGA	1
GGTNGC	1
ATCNTG	1
GGTNTT	1
TCGNAT	1
AGGNGG	1
TCCGNN	1
AGGNGA	1
AGGNCT	1
AGGNCG	1
TCGNTG	1
ATCNTA	1
GGCNCC	1
TCGCGN	1
TTTNTA	1
TTTNGT	1
TTTNGC	1
TTTNCN	1
TTTNCA	1
GGCNGC	1
GGCNCN	1
TTTNAA	1
ATCNGG	1
GGGNAA	1
GGGNAC	1
GGGNGA	1
GGCNAN	1
GGGNGT	1
GGGNTA	1
ATTNGC	1
ATCNTT	1
CCANTG	1
AGGNAG	1
GNGTAG	1
GNGTCG	1
CCANGC	1
GNTACG	1
GNTACN	1
ATCNCN	1
GNTCGN	1
CCANCA	1
GCTNGT	1
GCTNGN	1
GNGCCN	1
CCANAC	1
CAANGA	1
CCANAA	1
CAANTC	1
GTANAN	1
GTANAT	1
GTANCT	1
GTANGG	1
GTANTA	1
GGANAG	1
GNACTN	1
AGTNCC	1
GNAGAN	1
TTGNTN	1
GGANTT	1
GNATCN	1
GGANGG	1
GGANCA	1
GGANAT	1
CNACCN	1
AGTNGT	1
GNCCGG	1
TTGNAT	1
GNCCTN	1
TTGNAN	1
GNCGAT	1
TTGNAG	1
CCANGG	1
GNGAGN	1
TCTNTT	1
TCTNCN	1
CTTNCG	1
CTTNAG	1
NCGCGN	1
TCTNTA	1
TCTNTC	1
TCTNTN	1
NCGTAN	1
CTTNGA	1
TNAGAN	1
NCTCCN	1
CTGNCG	1
CTGNCC	1
CTGNCA	1
NCTTGN	1
CNGAGN	1
ACGNTT	1
TCTNAC	1
GAANTC	1
GAANGG	1
GAANGC	1
GAANCT	1
GAANCG	1
GAANAT	1
GAANAN	1
GAANAA	1
NGAACN	1
TCTNAG	1
NCCGCN	1
AAANTA	1
AAANTC	1
TCTNCC	1
CTTNTT	1
CTTNGG	1
NGGCCN	1
TGTNGG	1
TGTNGC	1
TGTNCT	1
TGTNCA	1
TGTNAG	1
TGTNAA	1
CCGNAG	1
ACCCGN	1
CAGNCG	1
CCGGCN	1
AACNAG	1
CTANAA	1
CTANGT	1
ATGNGG	1
NGCGAN	1
CTANTT	1
CTANTG	1
CNTGAN	1
ACCNCT	1
CNGTAN	1
CNGTCG	1
CNTATN	1
ACCNAG	1
CNTCTN	1
NGACCN	1
NGACGN	1
TCTNCA	1
ATANCA	1
TGTNTT	1
CTCNTT	1
CTCNGA	1
NGAGTN	1
CTCNCG	1
TGTNTG	1
AAANGG	1
NAGTCN	1
CNATCN	1
NTACGN	1
TATNTC	1
TATNGT	1
CNATTN	1
TGGNGC	1
GAANTT	1
GAGNCA	1
CNCCGN	1
TATNCT	1
TATNCN	1
TATNCG	1
TGGNGT	1
TATNCC	1
TGGNTC	1
TATNCA	1
GATNAN	1
AAANCT	1
TNTACG	1
ANCCAN	1
GATNTT	1
GATNTG	1
GATNTC	1
GATNTA	1
GATNCT	1
CAGNTA	1
TNGGGN	1
TNGGCG	1
TATNTT	1
GAGNGT	1
GAGNCT	1
GAGNCC	1
TGGNAG	1
TATNAG	1
GACNTC	1
GACNGT	1
GACNGA	1
GACNTN	1
GACNAG	1
GACNAA	1
TNCGTA	1
TNCGGN	1
GACNCC	1
CNCGCN	1
TNCGAG	1
ACCNGC	1
NGTTCN	1
CNGACN	1
TNCGAC	1
ANGCCG	1
TGGNTG	1
GACNTG	1
CNCGAT	1
