process_radtags v2.53, executed 2020-06-03 13:10:19 (zlib-1.2.3)
process_radtags -p /home/cheek/scratch_dir/ISSJs-genomics/raw/rawdata_Lib_1 -b /home/cheek/scratch_dir/ISSJs-genomics/names_change_LIB1 -o /home/cheek/scratch_dir/ISSJs-genomics/process_samples/ --inline_null -i gzfastq -y gzfastq -e sbfI -c -q -r -E phred33
File	Retained Reads	Low Quality	Barcode Not Found	RAD cutsite Not Found	Total
lane3_NoIndex_L003_R1_001.fastq.gz	12052176	784768	2052579	1110477	16000000
lane3_NoIndex_L003_R1_002.fastq.gz	12038590	815278	2032151	1113981	16000000
lane3_NoIndex_L003_R1_003.fastq.gz	12048628	813261	2013595	1124516	16000000
lane3_NoIndex_L003_R1_004.fastq.gz	12065804	777753	2049041	1107402	16000000
lane3_NoIndex_L003_R1_005.fastq.gz	12077560	744729	2044438	1133273	16000000
lane3_NoIndex_L003_R1_006.fastq.gz	12090051	709583	2046506	1153860	16000000
lane3_NoIndex_L003_R1_007.fastq.gz	12203050	598774	2050783	1147393	16000000
lane3_NoIndex_L003_R1_008.fastq.gz	12121210	689847	2040179	1148764	16000000
lane3_NoIndex_L003_R1_009.fastq.gz	12029722	785551	2044812	1139915	16000000
lane3_NoIndex_L003_R1_010.fastq.gz	2961825	251048	502463	284346	3999682

Total Sequences	147999682
Barcode Not Found	18876547
Low Quality	6970592
RAD Cutsite Not Found	10463927
Retained Reads	111688616

Barcode	Filename	Total	NoRadTag	LowQuality	Retained
AAGACG	F09-4	1239361	112735	72921	1053705
AGCGCA	F09-10	1248444	138072	63177	1047195
CACCTC	F09-11	911251	197000	39773	674478
CGGTCC	F09-21	1748941	63359	83574	1602008
GACTCT	F09-23	1745772	129132	96256	1520384
GGGGCG	F09-24	1332702	45538	78051	1209113
TACGGG	F09-26	1588555	45184	94332	1449039
TGCCCG	F09-27	1174038	67533	62123	1044382
AAGCTA	F09-28	1194483	133828	61617	999038
AGGGTC	F09-33	1639877	168732	72605	1398540
CAGGCA	F09-35	1566061	181273	71672	1313116
CGTCTA	F09-36	1383032	77128	70331	1235573
GAGAGA	F09-39	1357165	120882	66918	1169365
GGTACA	F09-40	1592900	107461	79216	1406223
TAGTAT	F09-44	1090286	80782	55897	953607
TGCTTA	F09-45	944475	162545	43734	738196
AATATC	F09-46	1843400	184028	108190	1551182
AGGTGT	F09-47	2067921	175767	101907	1790247
CATACT	F09-48	1660086	184512	91460	1384114
CGTGAT	F09-53	1864122	124934	89417	1649771
GATCGT	F09-56	2150904	88861	124047	1937996
GGTTTG	F09-64	2078781	155213	104631	1818937
TATCAC	F09-65	1428672	133514	78748	1216410
TGGGGA	F09-69	2491945	117836	133806	2240303
AATGAG	F09-74	1363941	208417	66372	1089152
AGTAGG	F09-76	2280422	189894	116138	1974390
CCATTT	F09-82	2325193	149275	129630	2046288
CTACAG	F09-86	2255252	193777	127303	1934172
GCAGAT	F09-91	1424530	103203	73594	1247733
GTAAGT	F09-93	1830570	120256	97437	1612877
TCAAAG	F09-96	1619731	117442	94523	1407766
TTATGA	F09-100	1768999	157836	96302	1514861
ACAAGA	F09-105	2127676	178034	128237	1821405
AGTTAA	F09-108	1737048	164647	91952	1480449
CCCGGT	F09-111	1863929	74715	109880	1679334
CTCGCC	F09-112	1736069	96246	93692	1546131
GCATGG	F09-115	1287395	119187	67984	1100224
GTATCC	F09-118	3109663	120349	171012	2818302
TCCTGC	F09-119	2135609	137423	119800	1878386
TTCCGT	F09-123	121199	94097	2303	24799
ACAGCG	F09-124	1854101	101176	111851	1641074
ATAGTA	F09-132	2256424	151329	119005	1986090
CCCTAA	F09-136	2171085	124603	131072	1915410
CTGCGA	F09-138	2031502	128912	110170	1792420
GCCGTA	F09-139	2576862	402430	146303	2028129
GTCATC	F09-141	1212403	143009	60618	1008776
TCGATT	F10-12	1483006	48718	84190	1350098
TTCTAG	F10-13	2041705	83615	123754	1834336
ACATAC	F10-14	1366892	135595	79526	1151771
ATCAAA	F10-15	1676519	220107	93603	1362809
CCGAGG	F10-22	1382675	90791	73958	1217926
CTGGTT	F10-25	1258143	187491	56029	1014623
GCGACC	F10-28	772434	45213	40295	686926
GTGCCT	F10-30	1366567	138590	66988	1160989
TCGCCA	F10-31	1161283	58373	63248	1039662
TTGAGC	F10-33	1547323	113486	78261	1355576
ACCATG	F10-36	1478393	169344	80275	1228774
ATGCAC	F10-39	1240298	173751	61731	1004816
CCGCAT	F10-41	935046	97548	48621	788877
CTTATG	F10-42	2194839	1029792	75313	1089734
GCGCTG	F10-44	557808	80869	26560	450379
GTGTAA	F10-53	1113032	112106	51162	949764
TCGGAC	F10-54	1253583	27662	66142	1159779
TTTAAT	F10-57	1376707	142126	80943	1153638
ACCCCC	F10-60	6291291	185914	393233	5712144
ATGTTG	F10-62	2358636	230933	120362	2007341
CCTAAC	F10-64	2651594	113289	156183	2382122
CTTTGC	F10-65	2324509	269562	119548	1935399
GCTCAA	F10-66	3403140	122470	186904	3093766
GTTGGA	F10-76	3876397	133948	208961	3533488
TCTCGG	F10-77	3106428	57396	193419	2855613
TTTGTC	F10-78	2472110	123132	131802	2217176

Sequences not recorded
Barcode	Total
TGACAA	70757
AACCCT	31572
CTGCTG	30848
AGCAGC	30139
CACACA	29692
TGATGC	28147
AGAAGC	26479
AAAAAG	26389
CAAAAA	25148
AAATGC	24703
CAGCAA	24701
AAACCA	24478
CATCCC	23931
CTTGCT	23727
CTGTGT	23604
CTGCTC	23419
ATGGAA	23368
ATCAGC	23361
CAGAAG	23233
CACAGA	23177
AGAAAA	22993
AAAACA	22852
AGGAGA	22576
CATCAG	22422
AAACAT	22408
CTGTGG	22387
AGAGGA	22289
AACCTG	22269
CAAACA	22063
AGCATC	22022
CAAAGC	22002
AAAGGA	21918
AGCTGC	21734
CAGAAA	21702
AAAGCA	21444
AAATAA	21437
CACTGC	21429
AATGCT	21111
CACAGC	20979
CTGGAG	20906
CACCAG	20837
AAAATG	20652
AAATGA	20551
ATTCAG	20336
AGAAAG	20318
CAAAGG	20317
AGGAAA	20305
CACTGT	20264
CCTGCT	20186
AGCAGA	20146
AGCAAG	20040
CATGAA	19859
AGAGAT	19856
AGAAAT	19804
AGAGAG	19718
AGAAGT	19704
CCAGCA	19673
ATTGCT	19605
AACCAA	19575
CACAGT	19573
AACAGC	19539
AAACAA	19383
AGGAGC	19358
AGAAAC	19349
CAATGC	19348
AATGCA	19346
CATTTT	19331
CAAGAA	19245
CATAAA	19193
CAAGAG	19180
AAAATA	19083
AGCAAT	18990
AGAGAA	18965
CAAAGA	18886
AAGCAG	18872
AGCCTG	18822
CATCCA	18757
AAAGAA	18756
CTCCTG	18718
AAAAGC	18678
CAGCAG	18641
TGATAA	18580
ACCAGC	18576
AGATGC	18567
CATTCA	18414
ATGAGA	18322
ATCCCA	18289
CAAATG	18110
AGGGAG	18030
GGAAAA	17991
AGTGTT	17931
AAAAAA	17900
AAGAGC	17877
AGGCTG	17706
CTTCCC	17668
ATGCTT	17656
AGCCTC	17581
AGATGG	17558
AAGAAA	17507
AGAGCC	17497
CTAACC	17481
ATCAGG	17475
CAAGGA	17467
AACAGA	17419
AGGAAG	17388
AGAGCT	17317
ATGTGC	17242
ATCCTT	17224
CATGGC	17202
CAACCA	17165
CATGGT	17126
CACAGG	17111
CATGGA	17109
CAAAAT	17086
CAGCTT	17047
ATAAAC	17045
CTTTAG	17016
ATCTGC	16947
AGCTTG	16946
AAACAG	16731
CCATGA	16722
AACAGG	16697
CAGGAG	16677
CTGAAT	16664
CCTGCA	16608
CTTGCA	16595
TTGCTG	16562
CAAAAC	16533
ATGAGG	16415
CACTGA	16354
ATCTCT	16323
TGCTGG	16291
AGGCAG	16269
ATACTG	16253
ATAACC	16235
CTTCCA	16228
CATCTG	16201
TGAATG	16177
ATCCTG	16172
AGCTGG	16168
CAAAGT	16149
CAAAAG	16121
TGTTGA	16084
AACCAT	16083
AGGGAA	16073
ATGGCA	16041
ATACCA	16040
AGACAG	16027
CAATAT	16020
AGCCAC	15975
CATCAT	15957
CATAGC	15949
CATTAA	15897
AGCACC	15886
CTCAGG	15885
AAAAAT	15878
ATGAAG	15859
AAATGT	15834
CACCAT	15802
CAAGCT	15801
TGTTCA	15797
GATGCT	15769
ATTTGG	15679
ATTCTG	15678
AGATGA	15657
CAATGA	15635
ACAGAA	15616
ATCACC	15572
GTCCTG	15571
GTCACA	15504
AGTGGA	15462
GTTAGG	15459
AGAGGG	15413
TGATGT	15270
AAACAC	15246
CAATAG	15147
CTCCCA	15122
AGCCCT	15114
CAAGAT	15110
AAAGCT	15081
AAGGAA	15061
ATTTCT	15052
TGAACA	15043
AGAACA	15022
GTGTGT	14984
AACACA	14975
CCAGAA	14962
CCATGC	14955
AACATA	14936
AAATCA	14932
AGCAGT	14861
AGTGCT	14830
GATAAA	14800
AGGACA	14792
CTTCCT	14767
CATGCC	14724
CTCAGC	14713
ATGAGT	14696
CCCAGC	14631
CAGGGT	14623
TTTTTG	14565
TAATAA	14542
ATAACA	14540
ATTCAA	14538
AGAGGC	14527
AGCTTT	14505
CACTCC	14495
AGAATG	14420
AGTGCC	14399
CAAGGC	14332
ATCCCT	14308
CATCAA	14305
CTTTTT	14290
AAGGAC	14220
AATAAA	14218
AATGTT	14202
CAACAT	14190
CATGTG	14111
ATAATG	13975
GCCAGC	13953
CACAAA	13948
TAAAGG	13942
AGATTG	13939
CTCCCT	13934
CTCTTT	13919
CACCAA	13898
TGTGTG	13893
AGCCAG	13893
GTCCTT	13892
AAACTG	13883
ATATGC	13883
AACTGG	13853
ATGCCA	13853
AAAGAC	13843
AACACT	13786
ATAAGC	13771
GAAAAC	13770
AGCCAT	13747
ATATCT	13717
CAATCC	13716
CTCTGT	13708
AAGGAT	13698
GTTTGG	13666
TGAGAA	13665
ATGACA	13655
AACCAC	13653
GTGGAT	13615
AGTGTG	13615
GTTCTG	13600
TATCCT	13590
AAATTA	13563
AGGATG	13561
CAATCT	13551
CAGCAC	13540
CTATGG	13523
CCATCC	13515
AGCTCC	13514
CCACTG	13499
ATTTGT	13469
CCTCCA	13461
ATTGCA	13454
ACAAAT	13448
CACTGG	13432
ACTGCT	13416
CAAATA	13416
AGCTCT	13403
CAAATC	13383
AGCATT	13379
ATAAAG	13349
GTTGAC	13348
CTTCTC	13345
AAAAAC	13340
CATTTC	13304
AACCAG	13295
AAAACC	13281
ATCCAT	13279
CTGAAA	13271
TGATGG	13265
CAATAC	13243
GTATTT	13234
CATTTG	13230
GATATT	13223
AGGGCT	13221
CAATAA	13193
CAGGGC	13192
CACCCA	13156
CCAAGC	13148
GAAGAA	13141
CTGGAA	13113
TGGGAT	13102
CACACC	13099
AAGCAT	13052
GAAACA	13029
CAACCC	13027
CAGAGC	13008
TAAAGC	12988
AGCCTT	12967
CTGACA	12959
AGAATC	12931
AAAAGT	12916
GTCCCC	12899
GGAAAG	12897
CAGAAT	12895
AGACAC	12887
CCTCCT	12863
ACCACA	12855
AGACCA	12844
CATTGT	12843
AGACAA	12822
AAAGCC	12822
AATGCC	12806
GTTCCA	12790
ATCTGT	12783
GGTTGT	12770
GAAAAA	12759
AGTTGC	12752
CAAACC	12749
CATTCC	12741
ATGTGA	12729
TATTAA	12721
ATCTGA	12715
TATTGC	12674
AGAACG	12670
TGCCAT	12668
CAACAA	12659
GAACAA	12633
CAGAAC	12631
GTTTAT	12628
CAATGG	12616
AAAGGT	12600
TGCTAT	12599
AGTGGC	12589
AGTCCT	12579
TGAAGA	12562
TGGAGG	12548
AAAAGG	12536
TGTCCC	12525
ACTTCT	12513
ATGGGA	12510
CAGTGT	12485
TAACCC	12472
ATTTTA	12458
TGAGCT	12456
CTGTCA	12454
AGACAT	12453
ACCTTT	12453
CTCCAA	12452
CTGCCC	12448
TGCTGT	12448
TAATGT	12444
GGATGA	12433
GATTGC	12429
ACTGTG	12428
AAACCT	12405
CCTTTA	12401
ATTGTG	12394
GCTGCT	12386
AAGGCT	12380
AACAAG	12373
AAATAT	12366
AGTCCA	12348
ATTTTT	12321
ATAATC	12294
CTGTCT	12258
AGCTGA	12252
GCTGGT	12249
CTGTTC	12240
ATGATT	12231
AGATAT	12230
CTGATA	12226
TGATTC	12202
TATTTT	12191
CATGTC	12183
TGTTTC	12182
AAGAAC	12180
CCACCA	12179
ATTTCC	12149
GTTTTC	12148
GTTCTT	12145
CATAAG	12137
TGTTCC	12135
ATATCA	12124
AACAAC	12098
GAAACC	12096
CCTGTG	12095
ACATCA	12095
CATGGG	12089
AATGGA	12077
AAATAG	12076
AACTGC	12054
TGGTTT	12041
TTTCTG	12039
AGCTTC	12037
CAGATG	12004
CTCACA	12002
TGCAGA	11993
AACATT	11990
ACATTA	11980
TGCAAA	11968
AGGAAC	11957
AATCCA	11956
GACCAG	11944
CCATCA	11927
ATGGAG	11924
AGACTG	11908
CAACTG	11907
CAGTAG	11904
TGAAAA	11904
GACCAA	11902
ATAAAT	11887
GTTTCT	11878
CGCCAG	11878
TAAAAA	11875
CCCACA	11865
TGATTT	11842
ACTGCA	11827
CCTGCC	11822
ATATTT	11819
AGGATA	11814
TGTTGC	11806
AGAGGT	11804
CTGACC	11804
GGTCAG	11798
CAAGGT	11798
CACCCT	11794
GGCAGA	11758
ATTTAG	11752
ACTGAC	11733
CTCTGG	11724
CTTGAA	11708
TACAGT	11708
AGTGGT	11705
TGCTCC	11680
CTCCAC	11675
GGAAGG	11643
ATGGCT	11640
CATGAC	11598
ATATGG	11582
ATTCCC	11579
TGCAGG	11574
TACTGA	11556
CCAAAT	11527
GGTTAT	11516
AATGGC	11505
ATGTCA	11504
ATACAA	11501
AGTCAC	11498
AAATCT	11489
CTTCTT	11485
CATCTT	11451
TGTTTT	11449
TATTGA	11441
GTGATT	11409
TGACCA	11403
TGCCTC	11403
ATATTC	11388
GTCAAT	11388
CAACCT	11384
AGTGAC	11365
CTTTCT	11345
AGCCAA	11340
AATACA	11334
CCTGAG	11334
AGGCAT	11322
AATAAT	11308
TGAAGG	11275
TGGAAA	11230
AAATTT	11213
GTTGAT	11213
CAATGT	11204
ATATAA	11195
ATGTCT	11193
CCAGCT	11181
CCTTCC	11178
CTCCTT	11170
CCTCTG	11164
AAGCCT	11143
GCTTTA	11137
ATTAGA	11132
ATTAAG	11109
GCCTCC	11103
CTGTAG	11100
GTCTGT	11069
AGAGTG	11031
GCATCA	11031
AATTTA	11022
ATTTCA	11010
GGAAAC	10992
CTGGGG	10981
AGAGAC	10947
AGGCTT	10938
GAATCA	10936
TGATAT	10926
AATCTG	10925
CAACAC	10922
CTTCAT	10920
AGTCTG	10909
CTTGGT	10907
TGGAAG	10894
CGCTGA	10881
AACACC	10872
CTAAAA	10863
TATGGT	10861
AATAGT	10856
AAAGGC	10856
CAACTT	10842
CCAACA	10838
TAAGCA	10814
AACAAT	10800
AAGGTG	10799
TTAATA	10790
CCCTTC	10760
TGACAC	10752
CTAACT	10748
CATTAG	10746
CAGCCT	10745
ATTGTT	10732
AGCGGC	10731
CACTCA	10731
CGTTCT	10726
GAAAAG	10721
AATCCC	10715
GAGATT	10693
CTTTAA	10683
CCCTCC	10674
ACCTGT	10672
CCCCCT	10648
AGCAAC	10646
ACTCCT	10646
TTCCTG	10634
AAATCC	10630
AAAACT	10618
GTGACA	10584
ATTTTC	10584
CCATAG	10582
GGAAGC	10582
ACACAG	10568
TGTTAT	10565
TTGTCT	10525
ATTGGT	10516
ATCCAG	10508
TGTGCT	10503
TAAAAT	10490
TTTCCT	10484
CCTCCC	10480
CCAAAA	10478
AACAGT	10473
ACCAGT	10453
GAAGGA	10446
AGGGAT	10433
ATGTCC	10422
AAGGGA	10415
AAATGG	10402
TGAAAC	10401
ATTCCA	10399
AATGGT	10388
AGCACT	10382
CACAAG	10376
AGTATT	10363
AACTTC	10361
TGCTCT	10354
ATATGT	10345
CATAGA	10333
TGACGA	10329
CAATCA	10320
AAAATT	10312
TAATCA	10309
TCCAAA	10306
CTCAGT	10289
AACTCA	10280
ACTGAA	10268
CACAAT	10268
GGTTCC	10266
ACCTGA	10265
CCTGTT	10258
CACATG	10252
CTGAAG	10243
TGTCCT	10225
ACACTC	10221
AATTCA	10217
GCTTGC	10213
AGATTT	10208
GAAAGG	10205
AAACCC	10200
TGCCTT	10200
ATTATT	10184
ATCTCA	10181
AAACTC	10174
GCTCTT	10163
CATTAT	10156
TGCAGC	10134
ATCCTC	10129
TGTCTC	10127
TACCAT	10122
CTGAAC	10117
CCTTCT	10113
TGGTTG	10109
CTCTTG	10108
AATCAT	10097
AACCCA	10083
AACTGA	10080
TTTACC	10075
TCTGCT	10056
TGCATT	10045
GGCTTT	10043
CTGAGT	10040
TATGTT	10033
GAGGCT	10026
AAGAGT	10019
GGCTGC	10009
CTGGGC	10005
CAGCTG	10005
AGACCC	10001
CTCATT	10000
CATGTA	9993
GACTGC	9979
GTTATA	9967
TGCACA	9966
AGGCCA	9947
CATTGG	9942
GTAAAG	9926
ATCTGG	9926
ATGGAT	9921
ATCACT	9905
TGTGAC	9894
GTTTGT	9894
TGTTGT	9894
AGTCAG	9883
GATGCA	9854
GTGATG	9845
GTCTTT	9845
ATGTAT	9840
CCCAGA	9823
CTATTG	9814
TTTTCT	9807
GATTAA	9800
CCCCTG	9799
AGACCT	9777
GACCTT	9766
AGGGGG	9751
CATATA	9742
GTTAAC	9732
CAGGAC	9727
CACATT	9720
AGTCCC	9708
TTTGGT	9708
AAAGTC	9699
ATTACA	9694
TGGCTG	9691
TGGTCA	9675
GAATGC	9668
GTAAAA	9668
GTCAGA	9661
ATTCCT	9648
GCTTCC	9643
GACAAA	9634
ATTGCC	9631
GCTTAT	9624
TTTCTT	9609
GCTGGC	9603
CTCAAT	9599
AAGTAA	9594
ATCTCC	9578
AATCAA	9576
GACATT	9564
GAATGT	9561
TGTTGG	9549
GAGCTT	9544
CAAGTA	9523
CCAGAG	9515
TCTGGT	9514
CCCTGG	9514
CTGGCG	9514
GGAGGC	9507
CTGACT	9506
GAGAAG	9503
TATGAT	9499
GACTTC	9496
ACCCTA	9496
TGTCAA	9495
CTATGT	9491
ACACTG	9490
AGTAAT	9485
CTACCA	9476
CAGATA	9470
ACCAAC	9465
TCAGAA	9461
TCAATA	9455
TTTTGT	9437
GTTCAG	9434
CTCTCT	9419
TAACAA	9411
CTGTTA	9406
CCTGAA	9404
AGTCTC	9392
ATTGGG	9389
AGAACC	9371
CCAGCC	9353
CAGTGA	9345
CAAGCC	9342
AGGACT	9340
CAGTGC	9336
AATTGT	9316
CTCTTC	9299
TGACAG	9282
ACACCA	9278
TGCATC	9275
GGCATT	9272
GATGAA	9264
TAAACA	9257
CTAAAT	9256
AGACTC	9249
CTCACT	9247
CACATA	9243
GAGGGT	9242
CCCACC	9240
AGGCAA	9239
GCAAAA	9229
GGGAGG	9228
ACTAAA	9220
GTCACT	9219
TATGGC	9209
ATTTGA	9201
TGACTT	9191
ATCAGT	9183
AATTAT	9168
ATAATT	9164
GGAAGA	9158
GCATAA	9150
TGCAGT	9144
AATAGA	9131
CGCATG	9131
CTTGGG	9124
AAGGGG	9120
TGTGGT	9117
TGTCTG	9117
ATACTC	9115
CAGATT	9105
TATCTG	9101
TTCTTC	9092
GTTTTT	9088
ATAAGG	9081
CATGTT	9080
TGACAT	9061
CAGTGG	9060
TCCTTT	9055
AGTAAC	9055
CATTAC	9047
GTTGCT	9043
CAAGTG	9032
TTTGAG	9018
CCCATC	9017
CCTCAG	9014
ACATGT	9010
GGCAGC	8988
ACTGTA	8987
CTTAAA	8987
GCTGCA	8982
GGACTG	8970
TGCCAC	8966
TATTTC	8963
TGCAAC	8956
GTGTGC	8945
CCTTCA	8943
CCCAAT	8941
TCTCTT	8940
ATGGGG	8935
CAGGTG	8929
CCCCAC	8927
TACCTT	8921
AATTTT	8905
GAATGA	8902
CAAGGG	8902
TACCAG	8900
ATTAAC	8886
AGTTTT	8872
GATTAT	8869
GCCTTC	8867
GTGCTC	8858
GAAAAT	8853
CCTACA	8848
TGTTAC	8835
TAATGG	8832
TGACGG	8821
ACTGGC	8814
AAAGTG	8813
GAGATG	8799
GTTATT	8797
GGCTGG	8796
TATTCA	8783
TTATTT	8777
ATGGGT	8776
GGATGC	8769
GTCTGC	8752
GGATTT	8751
AAAGAT	8749
CAGTAA	8734
AATCTT	8712
TGGGAG	8706
CTTTAT	8704
TTGACG	8690
ATTAGC	8684
TTCATG	8673
TGGATG	8670
CTCCAT	8659
AACGGC	8657
GAAATA	8646
TCAACA	8641
GTCCCA	8636
GTCCAT	8630
ATAGAT	8627
TTCCTC	8626
CTCTCA	8622
AGGAAT	8619
GTAACA	8605
GGTGCT	8602
CAGCGT	8594
CTCAGA	8594
GACGTT	8577
AAAGTT	8569
TTTTTT	8565
TTTTTA	8549
GTATTG	8540
GCCAAT	8507
GTTGTT	8503
CCTGTC	8498
AGTTCC	8496
TGGCAC	8488
CTGGAC	8485
GCAATA	8483
GTACGG	8469
GCCACA	8462
CACAAC	8457
CTCTGA	8456
AAGGCC	8450
CCAGGG	8442
CCCTCT	8442
TATGGA	8442
AGACTT	8436
GCTTCT	8431
GGCCTC	8429
CATTTA	8428
TGTCTT	8425
ACTCAT	8425
GAAGCA	8423
ATACAT	8418
GGGAAG	8407
AATTAC	8406
GAATAT	8400
TATGCA	8393
TTCTCA	8381
GCAATC	8379
CGTCAG	8378
ATGGGC	8372
ATATAT	8372
TGTGGC	8369
TGTGCC	8368
ATACCT	8365
ACCAAT	8362
GTTAAA	8331
AAGTCA	8326
GGCTTC	8315
TGTCAT	8302
ATGAAT	8292
TGTAGC	8288
GGTGTC	8273
CGGCGT	8270
GGAGAA	8269
ATTGGC	8269
CCTTGA	8268
TGCAAG	8263
AATCCT	8259
GAACCA	8259
CCCCAG	8252
GGAGAG	8242
ACTGGT	8228
AAACGC	8220
GCTAAT	8213
GTGGTG	8207
CCCCTT	8207
TATTTA	8199
TGAAAT	8190
GGATGT	8177
TGTCCA	8165
CACTTA	8164
CAGGGG	8155
ATTACC	8152
TAATTT	8150
CACTTT	8149
CCTGGA	8146
TAAAGA	8136
GATGTA	8134
TGGTAA	8134
TACTGT	8131
TGGCAT	8127
TGCATG	8117
GCTTTT	8117
TGAATC	8110
GGAGCA	8106
CCTTTC	8104
ATACTT	8103
ACAGGT	8097
ATAGGT	8088
ATTCTC	8085
GAAGTG	8081
TTCTTT	8078
GTGGCA	8068
CACGTT	8051
GATGTT	8029
TGTATG	8027
AGAACT	8025
CGATAA	8021
GTTCCC	8019
TCTTTT	8001
TGGAAC	7996
AGATTA	7992
GGGGAA	7991
CGTCCT	7982
CAGGAT	7978
TTGGAT	7976
CTTCAA	7973
AACTGT	7971
GAAATG	7970
TGGCCT	7967
CGTATT	7966
CCCCCA	7964
TGAAGT	7946
GTTTTA	7945
AACTCC	7939
TGTGCA	7929
GATTCA	7925
TGTAAA	7925
CCAGTG	7914
GACCAT	7894
AAAGGG	7868
ATGGCG	7866
CACTTG	7857
GTGCAG	7853
CAAGTC	7849
CCAATG	7847
ATGGCC	7826
CTTCGG	7821
GGCTGT	7819
AACGTG	7800
GGTGGC	7797
AGAATA	7785
GCAGCA	7785
ATCTTC	7777
GCGGCA	7774
GTCAGG	7765
CGCCAT	7753
GACGAC	7752
ATTGAC	7750
CAGAGT	7748
TGAATA	7742
ATTTAT	7741
TTAATG	7739
TGAGGC	7737
ATTCAT	7732
TGCACT	7731
GTTGTG	7725
ACCTTC	7718
TGATTG	7711
TGTTCT	7711
TGACTC	7700
CCTCTC	7700
GTTGAG	7695
CGTTTT	7682
AAACTT	7680
GCTGTT	7677
TGAAGC	7668
CCACAC	7666
TAACCT	7659
CAAATT	7656
GCAAGC	7652
ACCTCA	7647
ATAACT	7647
CGCAAG	7646
GAGCAG	7645
ACCCAT	7640
ATGACT	7626
AACTTG	7620
CGGAAA	7617
TGGTGC	7604
CTATCA	7593
CAAGAC	7590
ACTGGA	7587
CCAACC	7578
TAGGGT	7571
CTGCCG	7568
ACCTCT	7558
AGCATA	7555
CGCTTT	7553
GATTTA	7539
AGATTC	7526
TAATGC	7524
TTAAAA	7512
TGAATT	7510
CAGACC	7503
CTGTAC	7502
GCCAGA	7497
CCCAAG	7497
CCTGGC	7495
GGGTTA	7483
ACAGGC	7477
CTCCTA	7476
GCTCCT	7467
TTATTG	7467
GACAGC	7461
CAAGTT	7454
GCAGGA	7444
ACTGCC	7443
GATGTG	7429
GCTACT	7423
TGGACT	7404
ACGCAA	7390
AGTCAT	7379
GTGGCC	7367
ACCACT	7359
TTGCTT	7357
GACGGT	7346
GAAGTT	7343
GGTATT	7342
CTGACG	7335
GAATTA	7331
TGGACA	7328
GAACAG	7328
GGCTCA	7325
AGATCA	7305
TCTTTC	7303
CAGCCC	7297
CGGTTA	7297
TGAGGG	7289
TGACGC	7271
TGAGAT	7269
TGCCGC	7265
TGACCC	7265
CCTTTG	7262
GTACTG	7251
TGAGCA	7247
GACAGG	7247
GTCCAG	7243
GGATAA	7243
CCCACT	7241
TCAGTA	7237
GTCTCA	7235
TTAACA	7231
GTGAGG	7224
CTAAGC	7219
TAAATA	7217
GCCAGT	7211
AAACGG	7210
CTACTT	7208
GGGATG	7207
GTTCAT	7196
CGACCA	7195
GGTGTT	7193
GTTTCA	7185
GGACAC	7182
GGTTGA	7180
GCTCCC	7180
GTTACT	7179
CTCTTA	7177
TATCCA	7171
GGAAAT	7164
GGACAG	7163
GTGTTT	7155
TGCAAT	7151
GACACA	7136
CTTGAG	7132
TCATCA	7125
CGTTGA	7120
TAACCG	7117
AGATCG	7110
AAACGT	7109
TACAAA	7106
AATGTA	7105
GACACC	7102
GGCAAG	7101
TTAGGG	7092
CAGTTA	7089
AAGATT	7078
ACTTTG	7077
CTAGGA	7076
CTTGAC	7075
GGCGTT	7072
ACATCT	7072
AGCTAC	7071
TTTGCT	7069
TTTCCA	7069
ACTTCC	7066
GGTCCT	7064
AGGTAC	7060
GATAAT	7058
GGCCTG	7054
AACCTT	7049
CTAACA	7048
ATCCTA	7046
CTAATT	7043
GCCAAG	7038
TGAGTC	7035
CTTGCG	7033
CAACTA	7024
TAACAG	7007
GGATAT	7006
GATTGA	6999
CCACAA	6999
GCCTGT	6990
TAGAAA	6989
GTGATA	6987
AACTTA	6987
TATTGG	6983
AAATTG	6968
GGCCTT	6966
GCTATT	6965
TCCTCT	6954
CAATTC	6943
ATACGA	6936
GGCGTC	6922
GCCAAA	6922
GAATAA	6919
AGTGTA	6918
GTTCTC	6914
ATGACC	6907
CGGCAG	6890
AACTTT	6878
GGAGTG	6863
AAGTGA	6861
AGATCC	6857
GTCCAA	6847
GAACTG	6847
GACGCC	6843
AGGACC	6841
TTGTTA	6838
CTACTC	6838
ACACAA	6834
ATTGAA	6834
AATTGC	6828
ATTACT	6828
CCAACT	6826
AGCGTG	6822
CTTTCA	6818
TTTTCC	6808
CAATTA	6808
TGCCAA	6808
TAAGCT	6801
TATCTT	6798
GGATTA	6797
TTTGCA	6793
TGTGTT	6781
CTACCT	6780
AGCTAT	6778
CTTCAC	6775
TTTTAC	6774
TCCCTC	6773
ATTCTT	6759
ACAACT	6754
GAAGAG	6744
TAGACA	6743
CAACGC	6738
GGTTAC	6736
CCAAGT	6728
CTATTA	6724
CAATTG	6722
GGCATG	6716
TAAGAA	6715
TTAGAC	6712
TTTTAA	6707
CAGTTT	6705
GTACAT	6705
GCCATT	6703
TGGCGC	6696
GAAGGC	6695
CCACCT	6691
TGAGTT	6684
ATAGAG	6682
TGAGAG	6662
TGAGAC	6649
ATCTTT	6649
TAAATT	6645
GGTTGC	6639
GCTCTC	6634
TGGCTT	6631
GCTTGT	6629
TCCATA	6624
CCAATA	6620
AGTTCT	6612
CTATTC	6612
TTCTCT	6609
ATCCCG	6601
TCCATC	6600
TTACCA	6596
TCAGCA	6596
TAAGAG	6592
CCTCTT	6590
GGGGAT	6578
GTGTGG	6577
TTAATC	6570
TTCATT	6565
CATAGG	6565
TCAAGT	6561
TACTTC	6559
CACTAT	6558
ACTGTT	6551
GAAGCC	6538
CGCTAC	6534
TTATAT	6532
TGTCAG	6531
CGGATT	6529
GGCCAT	6523
ATAACG	6511
TGTATC	6509
ACGTTT	6507
TCTGAT	6499
AACTAT	6495
ATAGCT	6489
TTCCCA	6489
AGGTTA	6484
CTGTAT	6477
ACAATT	6470
GTATTA	6467
GCCTTT	6464
TGGTGG	6455
TAACTG	6454
TATTTG	6452
CCAGGA	6451
TAAAAC	6451
ATTATA	6449
TGACTG	6448
AGCACG	6442
CCTGGG	6441
ACTCTT	6440
GTCTAT	6432
TAACCA	6417
TAACTT	6414
ATGCGG	6391
TTGATG	6389
CTCAAC	6387
GGCGGC	6379
TATGTG	6367
CGCTTC	6361
ACACCT	6358
TACCCT	6346
GGGCGT	6339
GGATAC	6324
GAAGTC	6302
CTCTAC	6302
GGAGGA	6289
CCGTCA	6286
TACCTG	6283
AAATTC	6273
TAATCC	6268
TAAATC	6266
ACTATT	6263
CAGTTC	6262
AATTCC	6256
ACCGTC	6255
ACTTGC	6253
GGGAGC	6253
GAAGGG	6252
CCCATT	6251
ATGATA	6249
AAGTGG	6247
CTCAAG	6247
AGCGTT	6237
GATTTC	6232
TCAGGA	6232
GGCTAA	6230
CTAAAC	6227
TATATG	6226
TAATTA	6226
GTAGAG	6223
TTTCTA	6223
GCTGCC	6222
CTTACA	6221
GAACAC	6218
GTAAAC	6215
TCCTTG	6214
ACGTTC	6213
TTGTTC	6211
ACTTCA	6191
TCCACT	6186
GGTGGT	6179
ACTTTT	6178
ATCACG	6175
AACTAA	6169
CTAAGA	6162
GGAACC	6161
GAAAGC	6158
TCCCTG	6149
TGCTAC	6134
GATTTT	6127
TTGATA	6108
GATTAG	6098
TCTTTA	6096
GCAATG	6094
TGATAC	6082
ATAGAC	6080
GTGAAG	6077
TTAATT	6072
ATACCC	6069
TGCCGA	6067
GATAAG	6064
ACGCTC	6063
TTCCTA	6052
AATTTG	6051
CCACCC	6037
ACCTGG	6036
TCATCC	6030
GCCTCA	6022
CTTGTA	6019
ACTCAG	6018
AAGCGG	6016
TCTCAT	6005
CGGCAA	6005
AGATAG	6000
GGCAGG	5997
GGGAAA	5991
GTGTTC	5990
CTATAA	5990
TGGCGG	5980
TGTGAG	5978
ACAGTC	5976
GACCAC	5974
GTTTAC	5958
AGGATT	5956
GGCAAA	5955
CGAGAA	5950
TGTAAC	5945
AGATCT	5943
CGAAGA	5943
ACGCAG	5941
CTAATA	5930
AACGGA	5921
GGACAA	5916
CTTTTA	5915
TTGCAT	5915
AGTCTT	5914
CGCAGT	5909
TGTATT	5909
TTATCG	5908
GTCAAG	5907
ACTCTG	5905
TTCCAA	5903
ACTGAT	5903
TATTGT	5898
GACTGA	5896
TCTGTT	5890
GATATG	5879
CCACTC	5877
GTAGCA	5877
TGAGGT	5876
ACCCAG	5857
ACTTGA	5848
CACGCT	5841
TACCGC	5840
CTAATC	5828
AGGCCT	5825
ACCCTT	5823
TTGCAG	5823
ACAACC	5822
CATTGA	5820
ACACTT	5812
TAACGA	5811
ATTTAC	5810
AACGCG	5810
TGGTCG	5806
CTAGAA	5805
GTCCAC	5794
TGTAGA	5790
AGCCGC	5783
GGACAT	5781
TCTTCT	5780
AGTACC	5777
GTACCA	5777
TACCAA	5776
GGACTT	5773
TTACTG	5755
GTAATG	5751
GGAGGG	5742
TGATAG	5741
TCCCAA	5740
TTAGAG	5734
TACATC	5731
GAGGAG	5716
ATCATT	5715
CGAAAA	5710
TATTCC	5707
AGAGTT	5702
GCCGCT	5701
GTTGCC	5697
TGACTA	5694
AAGCGC	5693
TTTGAA	5687
TACTAA	5684
TTCTCC	5678
GCCTTG	5672
TGTGAA	5671
TGATCC	5668
CCAATC	5666
AGGCGG	5657
AAGTGC	5657
CGACTG	5650
CGCTGC	5641
CTGATC	5637
GGCCAC	5635
TATAGA	5625
GGTCAT	5623
TTACCT	5620
TCATCT	5614
GTCGGG	5612
GATAAC	5612
AACGCT	5610
TTCAGA	5610
TAATCT	5608
CGTGGC	5602
TGACCT	5602
ACTTGG	5588
GCGTAC	5587
ATCTAT	5585
GCTGTG	5584
ACTACT	5584
ACTCAC	5579
TGAGTA	5574
GGTAAT	5566
AATTGG	5564
GTAGAA	5563
AGGTAG	5559
CGCGGC	5556
CAGTCT	5555
CAAACG	5555
GACGCA	5552
ACATTG	5550
CGTACG	5545
TCCCTT	5541
GATGGG	5534
ATCTTA	5526
GGCTCC	5519
CGTGGA	5513
TTACTT	5495
GTATAT	5486
GATGCC	5485
AGCGGT	5483
GCCACT	5478
TTGACA	5476
CGTCCC	5472
TGAGCC	5468
CGGGAG	5467
GGTAGC	5463
CAGCGG	5463
TCTTGA	5463
TGAACT	5462
TGGCAG	5450
TCTGCC	5449
TCACCT	5443
AAGGGC	5437
ACGAAC	5436
CTTACC	5436
GCATTC	5432
GTCTGA	5431
CCTTGT	5422
CGGTAT	5421
GCAACT	5418
GGAGAC	5418
ATAGCC	5416
TGGTTC	5409
CCTGTA	5405
ACTTGT	5404
TAGCAA	5398
ATAGGC	5396
GTGGAG	5395
CCCTTG	5395
GTAATA	5387
AAGAAT	5382
CACTAC	5372
AAGTCT	5366
GTAGTT	5364
GCTATG	5356
CTACCC	5355
ACTCCA	5354
TACCCC	5348
ACACAT	5345
GCATCT	5338
AACCGT	5335
GACAAG	5320
GAAATC	5320
TACTCA	5314
TGCGTC	5313
AACGTT	5297
GCTTGA	5295
GATGGC	5295
AATCCG	5295
ACTGGG	5292
AACGTA	5289
GGCGAC	5284
TAATAC	5278
ACGCCG	5277
GAAGCT	5276
GATACC	5276
GCCGAG	5259
CTAGAC	5242
TGGCTC	5236
TGTGTA	5236
TTTAGA	5234
CAGTCG	5231
GTTAAG	5228
AGACGG	5224
TTCCCC	5220
ACGAAA	5220
TTAAAC	5217
CTATCT	5216
AACGCC	5212
TCTGAA	5209
GACTTG	5207
AAGCCC	5184
ATACCG	5183
CTAGCA	5183
TACTTG	5182
TAGGAA	5166
TTAAGG	5164
GAACAT	5161
CGTCAC	5160
TATAAA	5157
TATGAA	5144
GCCGCC	5144
TTGGCT	5141
TGATCA	5140
GCTGAG	5136
TTACTC	5117
TTTTGG	5114
GCCCCT	5113
TAAACT	5105
ACTGTC	5104
TATTCT	5101
TTGCAA	5099
GATTGG	5095
TGAGTG	5091
TTTCCG	5090
TGATCT	5086
TAATAG	5079
CGCCAA	5079
AGGCCC	5073
GTGCTA	5072
AAGTCC	5071
CGTATC	5069
GCTTCG	5069
GCTTTC	5067
TAAAGT	5058
GGTCTC	5056
TATATT	5051
GCGTAT	5049
ACCGCT	5049
GCATTA	5047
GTCGCA	5044
CCTAGA	5043
GGTATC	5040
GGAATG	5037
TAGCTT	5033
GACGAG	5030
AGTATA	5029
AGTTTC	5027
TTGGAG	5019
GCCCTC	5016
AACTAC	5013
GCCTGA	5012
TAGACC	5008
TCCCCT	5008
TAAGTT	5006
GATGAT	4998
ACACGC	4996
TTTTCA	4988
GAAGAC	4984
TTACTA	4975
CGGATG	4971
CGCAGC	4969
GCACCA	4968
CCACGG	4965
GCAACG	4962
GACATG	4960
AGGTCA	4952
GTACTT	4952
TTAACC	4948
CGTACC	4939
TACAAT	4937
GTACGC	4935
TCAACC	4931
TACATA	4925
GAAGGT	4923
ATCGGT	4923
TACGAA	4917
TACACA	4914
GGTTCT	4910
TTGTTT	4903
GAGCAT	4903
CGAGGG	4902
TGTAAG	4900
CCAGGC	4896
CCTTGG	4895
TTATCT	4894
TCTCCT	4884
TCTTAA	4877
TATGCT	4877
TCTAGT	4875
CTCATA	4873
TAGCAG	4873
GTAGCT	4872
TCATTG	4870
AAGGGT	4869
GTCGGC	4868
CGAAGG	4867
GGCCCC	4865
CGAAGC	4852
CACGGC	4848
TGGCTA	4846
GACAGT	4840
GAACCT	4835
CTAAGG	4835
TCCAAC	4832
TTGGGG	4831
TGGAGT	4830
TCTAAA	4828
GAGCGC	4824
CTTAGA	4791
GGGATT	4781
GCCGAC	4760
ATACGC	4755
CAACGT	4751
CCAGTC	4751
GTACAC	4744
ACTTTA	4742
TGTACT	4741
GAAATT	4741
TGGGTG	4722
GCAACA	4714
TTGCTA	4713
TTCGAT	4712
CACACG	4697
GTGGGG	4693
TAATTC	4691
CGTTCA	4689
GGTCAC	4668
TACAGC	4661
TACTTT	4660
GTAGCG	4658
GACATA	4647
GACGGC	4647
TCTTAT	4643
CAGTTG	4642
AGACGA	4642
TTCAAC	4640
TCAATC	4639
GGCTGA	4637
GTCTGG	4633
CTAGTG	4628
TGGTCT	4623
ACGGAA	4620
CGTGTG	4619
CGACGC	4617
TGGTAG	4599
AATTCT	4595
GGACCT	4592
ACCTAT	4591
CGATAC	4587
GTGGTA	4580
CGTGCC	4573
CCCATA	4568
CGCTCT	4564
GATCCC	4564
TGTAGT	4562
GAATTG	4560
CCTTAT	4552
TAGGAG	4547
TTAGCC	4543
TAACAT	4538
TATGTA	4531
ATACGT	4527
CACGAA	4522
GTACAA	4518
TGGATA	4515
ATATAG	4515
TTTAGG	4510
TAAACC	4509
CATGCG	4506
AAGGTT	4503
TATGCG	4500
GTCACG	4495
TGCACC	4493
GGACTC	4491
GAAGTA	4482
CAACGG	4477
GTCTTG	4477
ACTACA	4476
TCACAC	4471
CATCGC	4467
CACGAG	4464
GGCAGT	4463
CGAGCA	4459
CGTTTC	4455
CGATGA	4447
GAGGAA	4446
TTGACT	4442
ACACTA	4441
TTTTCG	4434
TGCGTT	4433
TATCTA	4422
TACAGA	4415
CGAGCG	4407
AGACCG	4407
TAAGTG	4402
ATGCCG	4392
TCTGCA	4390
TTATAC	4390
AGACTA	4390
GACCGC	4389
CGAAAG	4387
GAATTT	4387
ATTAGT	4384
ACTTAT	4380
GACAAT	4377
TTGGTG	4367
GGCCGT	4357
ACTCTC	4355
AATCGC	4349
CGCAAC	4342
TGTATA	4337
CTACTA	4327
ATGATC	4323
ATCTAC	4319
GGCGCC	4317
TTAGCA	4312
GGAGCT	4311
ATTGAT	4309
TTCACG	4303
CTCGTG	4300
ACGTGA	4300
GGATCA	4293
AGAATT	4287
ATCGTT	4286
GTGAAT	4283
AGCCTA	4281
CTCTAT	4277
GGAATA	4273
ACCCAA	4272
GTTCAC	4271
GCGTTT	4249
CAGGTC	4244
CGAAGT	4243
TATTAG	4243
CGTGCA	4240
GTTGCG	4238
AAGTTT	4236
CCGACT	4226
GACCCA	4222
GAGCAC	4221
TCATAA	4218
ACAATC	4212
GCCAGG	4211
AGTACT	4207
CCAGTA	4203
TTGGTA	4201
CCGGCG	4199
CTAGGG	4194
CGAACC	4188
GACTGG	4187
GCCCAG	4181
TAGAGG	4177
TTCGTA	4176
TCACGC	4173
TGAACG	4171
GCCCAT	4156
GCACAG	4155
GAATAC	4153
TAAGGA	4145
CGCATA	4138
TGCGTG	4136
GAATAG	4135
TCTTCA	4128
GCGTCA	4126
GAGGCC	4121
TCTTTG	4114
CTCCCG	4105
TAAACG	4104
CAGTAC	4103
CGCCGC	4101
AGTTCG	4094
GCTGTC	4086
GTGGTC	4075
TCATTC	4074
TGGGTT	4073
GCACCT	4070
TACTCC	4068
TGCGAT	4067
TACGTT	4065
AGCCGT	4063
GAACTC	4057
AGCGAC	4057
CTCCGG	4054
GACCTA	4044
ACGGCC	4036
GCTGGG	4035
GCTTCA	4034
TTTCCC	4032
GGTCCC	4029
GGCAAC	4022
AACGAA	4021
ACTCGT	4014
GGTGCC	4013
TATACC	4011
CGCCTT	4011
CTTAGT	4003
TTCATA	4002
GTCTAC	3997
TTGGAA	3997
GGCACT	3986
CGCGTT	3971
AATTGA	3969
ACGCGT	3966
AACCGA	3965
GTAGGC	3963
GATCTG	3959
GACCTG	3956
GCCTAC	3953
GAAGCG	3953
GTGGAC	3943
ACGAGC	3942
ATCTCG	3939
CGGACT	3936
AGTCGC	3930
TATATA	3920
TCATTA	3918
CCAGAC	3914
TGGAAT	3912
GCGTGA	3906
CACGAC	3904
ACGGGG	3899
AACGAT	3899
ATAGGG	3897
TACACG	3894
TAACGT	3893
CACGTA	3884
TGTCGC	3883
GTCTTA	3882
GGCAAT	3877
TTGAAG	3876
TTCAGG	3873
GGCGCT	3872
TCTACT	3870
ACGGTT	3868
CCACTA	3867
TAGTTG	3866
GGGTAC	3866
GAACGG	3863
TTAACT	3862
TCCTCA	3862
GAGTTT	3860
AACGTC	3853
TCTTCC	3846
TGGCAA	3837
TACGCT	3834
TCTGTG	3827
TCACGT	3827
TTTGCG	3826
TGTACC	3815
GAGAAT	3814
TATACA	3812
AAGCGT	3804
GGTGAG	3796
GACGAA	3796
GGTCTT	3783
GCCTAT	3780
CAGATC	3776
GCTTAG	3775
CGCAGA	3771
GATCCA	3768
TTCGGC	3766
CGAACA	3765
TGACGT	3760
CAAGCG	3758
GATTAC	3755
GCTTAC	3750
CGAGGC	3748
TCCCTA	3730
TCTCTC	3719
TCCCAT	3718
ACCGGA	3715
ACTTTC	3712
GGGGGT	3709
ACGTGC	3708
TAGATA	3708
GACCCC	3707
TCAAGC	3706
TACAAG	3693
TACACT	3691
TTGGCG	3685
TCCAGT	3685
GACTTA	3669
TTCGCT	3668
GCAGTC	3662
ACGGCA	3652
GGAGTA	3651
ACGAGT	3646
TATAAG	3646
TGGGCT	3643
GTTACC	3641
AGGCCG	3635
GGGTTT	3635
GCTGAC	3635
GGACGC	3632
TTCACA	3631
GCCAAC	3623
CGGCAC	3619
GAGTCA	3618
CACGGA	3618
GTCCTA	3613
CGGCTC	3611
ACCTTA	3605
CGTAAA	3597
TATGCC	3595
GACTAA	3594
ACGTCA	3593
TCTCCC	3589
TACCGA	3588
TCACGA	3586
TTACCG	3583
TATAGT	3571
GCACTT	3569
TCTATG	3565
GGAGGT	3559
GCCCTT	3558
GAGAAC	3558
CGTTGG	3556
GAGTGT	3552
GGCATA	3550
AAACGA	3550
GATGTC	3549
CCGTCT	3547
TTGTGT	3543
ATCGTC	3543
CGCAGG	3538
GACAAC	3538
AAATCG	3537
GTTTAG	3537
GTAGTG	3536
GGTGAA	3535
GGCCCT	3529
ACGGGT	3528
TTAGTG	3515
GACGCG	3512
TCTTAC	3496
GCACGT	3494
ATTCTA	3493
GGAATT	3486
CCTGCG	3479
TAAATG	3479
AACTAG	3470
TGGCGT	3458
AGACGT	3451
AGGCGC	3449
GTGGGT	3445
TCAGGG	3444
GTGACG	3437
TTCACT	3436
GAGGTT	3433
TCCAGA	3432
GGCGGT	3426
GGTCGC	3421
TCACTT	3417
TGTTAG	3415
GAGTGG	3402
TGGACC	3399
TAATCG	3392
TATCGA	3390
ACGTAT	3387
CTTTCG	3379
GTTAGC	3370
CTAACG	3370
TTACAT	3367
CACTAG	3367
GATTCC	3366
GCTCGC	3360
TAACGC	3357
TTGTGG	3354
GTCGCT	3354
CGGGGC	3351
GACTAC	3345
TAGGTG	3341
TGTGGG	3339
TCCACG	3335
CTATAT	3332
CTAGCT	3326
CGAGGT	3325
GCTGCG	3325
ACTAAT	3321
GAAACG	3319
CGCAAA	3319
TTCCAC	3316
ATTGCG	3315
CGGTAA	3309
CGATGG	3308
TTTATA	3294
ACGAAG	3276
ACCGAT	3270
CGAGTA	3266
CGATGT	3259
TATAGG	3253
GGATCT	3252
CGGAGT	3247
CGTGTC	3246
AGCTCG	3242
GGAACT	3236
CGATGC	3236
GTGAAC	3220
ACTATA	3216
TCTGCG	3210
GGGGAC	3206
GACGAT	3206
TTGTCA	3204
TAATTG	3188
GAACTT	3186
GATCAG	3185
CTAGAT	3181
CGCCTG	3181
TTTACG	3180
CGCTCG	3174
CACCGG	3166
CGGAGC	3155
CTATAC	3149
GTCGTT	3148
CTGTCG	3146
GGATAG	3144
CGCTTG	3137
ACCGAA	3135
GGCCAG	3135
GGTAAG	3128
CCTCGC	3128
TTATTC	3127
CCTATT	3123
CCCGTG	3121
CGGCCT	3121
TTCGTG	3120
TACATT	3118
CGGCGC	3117
GTCCGG	3112
TTACCC	3110
TGCGAC	3103
AAGTAC	3101
TCTACA	3096
TAAGTC	3094
TCGTGA	3093
CCCCTA	3093
CGCAAT	3092
CCGTTC	3088
GCGGCT	3087
TCCGCT	3086
TACATG	3084
TAGAAG	3083
GGCACC	3082
TAGGTC	3078
GACGTC	3076
GTTCGC	3072
GGACGA	3065
ATCCGC	3065
AAGTAG	3060
GGAGTC	3050
ACGTTA	3049
TACTCG	3049
GAACGA	3048
ACACGT	3045
GTTCTA	3038
CGCCGA	3038
CACGTG	3037
TAAGGC	3033
ACTAAG	3032
GGGCAT	3029
GAGACT	3028
GCCCCA	3028
GTACTC	3026
ATCGCG	3021
AGCGAG	3020
GCCCGT	3018
GGGTGA	3006
TTTCAG	3006
TAGCGG	3006
GCGTGT	3005
TTGCCG	3004
CCTAGT	3001
AACCGG	3000
TCACTG	2999
GGCGAG	2999
ACTCCG	2994
GCCGCG	2992
TCTGGC	2985
TGGTAC	2983
CGACCC	2973
ACGAAT	2970
GGTAAC	2969
ACGCGG	2964
TTAGCT	2955
CGTTCG	2949
GATCTC	2948
ACGCGA	2939
TCAGTG	2938
TTAACG	2936
GAGGAT	2933
GTACTA	2927
GAGGTG	2920
TAGCCT	2919
TCTCTA	2910
CGACCT	2908
GGCGTG	2898
CGGTGG	2892
TGAACC	2892
CGCTGG	2890
AGCGAT	2884
TTAGAT	2884
GGGAAT	2870
ATCGTG	2866
CGCCGT	2862
GGCCAA	2851
TACCTA	2850
AATCGA	2849
GTCGTG	2847
TCCCGA	2841
GGGCAA	2839
CCCCGG	2827
TAGCGT	2823
GGAGCC	2822
TCAGGC	2822
TAGCTC	2821
TCTATA	2819
GTAGAC	2819
TCATAT	2818
CCCTCG	2815
CCTTCG	2813
TCATGT	2801
CTCGAT	2796
CGGACA	2794
GGATTC	2791
TACTAC	2788
CGCCAC	2784
ACTTCG	2783
TAGTCA	2782
TAAGGT	2772
TCAGTC	2771
CCACCG	2770
AGCTAG	2766
CGAATA	2763
GTATAG	2762
TTTACA	2761
TCGGTA	2757
CGTCGT	2757
CCCGAC	2756
GCAATT	2753
TGGCCC	2751
ACTACC	2749
ATCGGC	2745
ACGTGG	2741
GGTGGG	2741
AACCGC	2740
CGGCTG	2738
GGGAAC	2733
CGCATC	2729
GATACG	2729
GCCCGG	2729
GCACTC	2726
TCTTCG	2724
ACTCTA	2723
TCCACA	2720
TCTTGT	2716
GCCCCG	2713
TCATCG	2710
TCCCAG	2709
CAGCGC	2705
CCGGAG	2704
TCACAT	2701
GGTGAC	2699
CCATCG	2698
CCGATA	2695
GGGCTC	2695
CGGCTT	2692
GAACGC	2692
CCCACG	2689
CGAAAC	2688
GAGCCG	2687
ACGGAG	2687
TACAAC	2686
GTCCGC	2685
GGACCA	2684
GTGGGC	2678
CTAGGC	2677
CCGTGC	2677
GGTGTA	2672
CCAACG	2668
CCCCGA	2666
TCAGTT	2665
CGCGTA	2664
GGGTCT	2663
CGAGAG	2663
TCCCAC	2661
CACTCG	2660
ATCGCT	2659
GATATA	2653
GCGTTA	2647
ACGCTT	2645
TCCAGG	2638
TTGCCC	2637
TGCGGC	2635
CGACGT	2633
TCACCC	2627
TACGCA	2623
CAGCCG	2617
GCAGCC	2616
CGCATT	2612
CCTATA	2598
GCAAAC	2591
TCGGCG	2584
CGAACT	2582
GGGAGT	2581
ACGGTA	2580
TGGATC	2580
TAGTGC	2579
GAGGGG	2575
CACGCG	2573
GCCACG	2569
TTAGCG	2563
AGACGC	2558
TACCCA	2556
TAGATG	2555
ACTTAG	2553
TTCACC	2547
GGGGTT	2544
TAGTCG	2544
TCACAA	2543
GTAGTC	2529
CGCTGT	2523
GAACTA	2518
ACGACA	2513
GAATTC	2511
CGAGCT	2505
CGCCCT	2499
GATGAC	2482
GCCCAC	2481
GCACAC	2480
CGATTA	2476
CCACGT	2473
ATCGAG	2471
GGGCAG	2471
ATCCGG	2452
TGTCGT	2451
ACAGTT	2450
AACGAC	2449
TCACTC	2445
GGCGAT	2434
GCCTCG	2430
CGACTC	2426
GGACCC	2421
TTGGCA	2419
TCTACC	2418
GGCTAC	2412
CACCGT	2411
CGTCGG	2410
GCGTTC	2408
GCGAGT	2407
GGCCTA	2403
GGCGGA	2400
CGCCCC	2398
CTCGAG	2395
ATTCGC	2390
CGCGAA	2388
AAGTTC	2385
CTCACG	2370
GAGGTA	2369
GAGCCA	2367
GATAGC	2365
CGGCCA	2363
CCGTAC	2360
TGCGGT	2355
ATATCG	2354
CGGAAC	2352
GCGAAT	2349
CCTTAG	2345
GCAGTG	2345
GCTATC	2344
GGACGG	2343
GTCGAG	2339
TTTGGG	2338
GGTCGG	2338
ACGGCT	2338
TCAGGT	2327
CCACGC	2322
CGAATT	2317
TAAGAC	2316
CCCGCA	2305
ACTCGC	2302
CTAGTC	2297
CGCTCA	2296
ATTCGT	2295
GCGTCG	2279
CCCGTC	2279
TGCGCC	2271
CGCGCT	2271
AGTCCG	2265
CGACTT	2262
GGAATC	2259
CCGTTG	2258
GAAACT	2257
GTCGAA	2255
GGGCTT	2254
CTCTCG	2246
TAGCTG	2245
GATAGG	2242
TAACTC	2241
CTCCGC	2236
GACCGA	2231
CCGTGT	2227
TCACTA	2224
GGCTAT	2223
AGCGGG	2220
GGAGTT	2210
CTAGGT	2199
TGGGCC	2197
AGTCGT	2195
CGCCGG	2190
CGATTC	2187
GAGTAG	2183
CCCCGC	2179
CGTTAG	2178
GCGAAA	2171
CAATCG	2152
AGCCGA	2143
TTTCGC	2140
TCTGTA	2136
GAACCC	2134
CGAGTG	2132
GCACTA	2122
ACGGGA	2119
CCCCCG	2117
ATCGGA	2116
ACGTAA	2112
CGAATC	2109
TTCGTT	2106
TCCGTT	2106
TTTCAA	2102
CTTCGT	2101
TAGCGA	2100
ACGATA	2100
GCGGAA	2089
CTACGC	2082
GAACCG	2078
CGGTAG	2076
CGTAGA	2076
GATGCG	2070
TTTCGA	2070
GAGGGC	2069
AATTCG	2061
TCTGGA	2059
TAAGAT	2058
TACGAC	2045
TCGCGT	2036
CGGACG	2035
GTCGCG	2032
CGAACG	2030
TGTTCG	2024
CGACGA	2024
GAGTGC	2023
GCGATA	2014
TAGAGT	2013
GAGTTG	2002
GGCCCA	1984
CGAAAT	1972
CTCGGA	1968
CCCGAG	1962
CCGGGC	1956
TAGTGA	1955
CTACGT	1950
AGCCGG	1950
TAAGTA	1945
TCGTTA	1943
ACCGAG	1936
ATCCGA	1936
GGGGGC	1935
TCTTAG	1934
CGAATG	1931
TTAGTT	1930
GGTAGT	1924
TACACC	1920
TCGCAG	1919
CGCACA	1918
TCCACC	1917
GGGATC	1910
CGAGGA	1908
CGGGTA	1904
GGGCAC	1900
GCACGA	1891
GGACGT	1891
CCTCGA	1886
CGGCGG	1886
ACTAGC	1884
CCTCGT	1884
GGGTCA	1883
CGCGTC	1879
TTACAA	1878
CGGGGG	1878
GGGTGC	1867
TAAGCG	1866
TATTCG	1865
TAAGCC	1865
CGTTAC	1862
CCGGTG	1862
GTTACG	1855
CTCGGG	1851
CGAGTC	1849
TTAGAA	1847
GCTAAG	1846
CCACGA	1839
AGTCGA	1838
TCGTTC	1838
CGGAGA	1838
TAACTA	1833
GGGGTA	1829
TCCGCC	1829
TACGCC	1824
TTACGG	1820
GGGATA	1818
TGAGCG	1817
TCGAAA	1814
CGACAT	1813
CCTCCG	1808
CGTGGG	1807
CGTCGC	1806
TAGGCG	1804
GGGACT	1800
GAATCG	1799
CACCCG	1798
CGTTGT	1793
CGCGTG	1788
TGCGAG	1788
TGCGCT	1782
CACGAT	1777
GCAGGC	1774
AATCGG	1765
TTACGC	1755
GATCTA	1755
CCGCTA	1751
GTAGGG	1744
ACCTCG	1741
GAGTTC	1740
TATAGC	1726
GTTCCG	1726
CATCGG	1715
TCAACT	1715
GTACCG	1713
GCTCCG	1712
CAACCG	1710
TCGTCT	1710
CGGTTT	1703
CGGTTG	1702
ACGCCT	1697
ACCCGA	1696
GGGTGG	1693
TTCGAC	1691
CGACAA	1687
GGGTAT	1678
TTGCGG	1670
GTCCCG	1656
GTCTCG	1654
CGATTG	1654
GGACTA	1653
GGCACG	1647
TTGAAA	1643
CCGCTC	1641
TAGGTA	1641
ACTAGT	1640
ACCNCN	1638
GCGGTC	1635
ATTTCG	1633
ACACGG	1633
GCGGTT	1628
ACGGTG	1627
CGATAT	1621
TTGTCC	1620
GGCGAA	1620
CCGCCC	1615
GTAACG	1609
CCGTGA	1609
TCAGCT	1607
TAGTGG	1583
GCTATA	1575
CGTCCG	1563
GCCGGG	1560
CGCGAG	1558
TTAGGT	1548
CCGAAA	1543
TTCGCG	1538
GGGTAG	1537
TCGGGT	1523
CACCGA	1509
TAGGCC	1508
AGGTCG	1501
GCTAGA	1495
CGCACG	1493
ATTACG	1490
TAGACT	1485
GAGCAA	1481
TAGAAC	1464
AACGGT	1454
TCTGAG	1452
ACCTAG	1449
CAACGA	1447
TCCGCA	1439
GCACCC	1434
GAGGAC	1431
TGTACG	1431
TTACAC	1421
CGCGGA	1416
GCGCGC	1411
CGGATA	1411
ACCGGC	1409
TCGACG	1408
ACGGAT	1384
CGGGAA	1380
GAGCCC	1371
TCGTAA	1368
CGGGGT	1364
TCGAGA	1358
TCGTCG	1347
GGGCGG	1345
GAGCTC	1332
TCCGAG	1325
CTCGTA	1324
GATTCG	1319
TCCAAT	1312
ACGACT	1310
CGCACC	1305
CGAGCC	1304
CGTGCG	1299
AAACCG	1295
GCGTAG	1295
CGTAAG	1294
CGCTAT	1292
AGGCGA	1287
ATTCGA	1286
CTTCCG	1282
TAGCGC	1281
CCGGGA	1278
CGGGCT	1265
TCCGTG	1264
TTCGGA	1261
GTTTCG	1258
ACGTCC	1255
GACACG	1247
AGTGCG	1241
NGTATG	1225
CATCCG	1220
GAGATC	1219
CGGGAC	1206
CGGAAG	1200
TATCCG	1195
GCTAGT	1185
ATGCGT	1180
GCACGC	1177
GAGTCC	1176
AACCCG	1175
GGGCCC	1170
TCCGCG	1167
TAGGCT	1165
TAGATC	1159
GAGTCG	1154
ATACGG	1153
GTTNGN	1152
GCGCGT	1151
TTGCTC	1150
GTCCGA	1149
ACCCGT	1147
GACGGA	1143
GCGTGC	1131
CCGGCT	1129
TAGGTT	1128
GCGTCT	1128
GACTAG	1118
CTCGAA	1118
TCTAGA	1118
GGGTTC	1111
CGTAGC	1110
TCCTAT	1103
TCCGAT	1102
TCAGCC	1100
GCTAGG	1093
CATCGA	1083
ACGCGC	1070
GAGCGG	1050
TAGCCG	1043
ACCCNN	1043
CGGGTG	1039
ACCGGG	1027
CCGCGC	1015
CGCGAC	1013
GCACCG	1009
TCGGTG	1008
ACGGGC	1001
TAGCCC	993
TCCTCG	990
GGGCCA	981
TGGACG	980
CGCACT	978
TCGTCC	976
GGGCGA	966
ACGTCG	960
CGAGAC	958
CCGCCG	958
GCTAGC	956
TAGTTC	948
GCTNAN	946
CGATCT	932
ACCGTT	929
CGACCG	923
TCCGTC	923
TTGGCC	922
TCGGGG	918
CGACAC	917
GGAACG	912
TCTACG	909
GCGGAG	908
ACCCGG	896
ATTCCG	887
TAGGGC	886
TTTNTN	885
ATGNTN	885
AACTCG	884
TGTGCG	869
ATCGGG	859
GACCCG	859
TCTNGN	857
TCTATC	857
GGCCGA	849
TCCGAA	844
GAGGTC	844
GGTCGA	840
GGCTAG	830
CGATCA	828
TTAGGC	821
GGCTCG	817
GGGCTA	815
ATTCGG	810
TAGTTA	798
GGATCG	783
ATANTN	776
ACGTCT	774
GCCTAG	772
TGATCG	762
CGCCCA	759
GACGTG	758
CGTAGT	755
CGGAAT	751
TCGTGT	748
CCANTN	747
CATTCG	740
CGGTGA	729
GTGCGG	728
GGTNTN	721
CCGGCC	712
GCCNTN	706
GATCCG	704
CGGATC	704
GTANCN	699
TTGTCG	698
CGATAG	694
CGTNTN	689
AATNTN	682
CCTNAN	670
AGTNGN	664
TCGGCT	664
GTTCGG	663
AGGNGN	663
TGGNGN	659
TCTAGC	659
GCCCGC	646
GCGAAG	636
GATNGN	632
GAGTTA	629
GCTCNN	615
GTACGA	613
CCGACA	607
TTGTAC	601
CTGNGN	593
GTTGNN	593
CTANAN	589
TCTCNN	585
ACANGN	582
CTATCG	579
ACTCGA	578
CCTACG	575
ACCGAC	574
GTGCGC	572
TTGGGT	567
GGCCGC	563
CCCGCG	558
CCTANN	535
GCGGGG	534
GTANGN	531
CTTNGN	529
CGAGTT	528
TCGNTN	527
CCGTAG	524
ACANCN	515
GTATNN	508
CCCNAN	502
AGGNTN	501
NTCGTA	501
CCGGTC	501
CTTNTN	498
ATCGAC	497
GTGTCG	496
CTCNCN	490
CCGGAA	489
TCGTGG	486
TTANGN	485
CTAGCG	485
AAGNTN	485
ACTACG	478
CCGATC	474
ACCNTN	473
GTCNTN	473
GAGTAC	466
AGTANN	466
CCCNGN	463
CATNCN	454
TCCNGN	452
CGTNAN	452
AGTNAN	449
TACNGN	447
GGTCCG	444
ATCNAN	441
TATNAN	438
GGGCGC	438
TTCNAN	438
GCCGGC	434
TCANAN	433
TTGNGN	433
CTGNTN	428
ATCGAT	427
GACNCN	427
GGCGGG	426
CGGNCN	422
TGTCGA	420
ACGTAG	416
AATNAN	413
TTTNAN	408
GAGNGN	405
TTTGNN	405
GTCGGT	403
GCGGGA	402
GGTNCN	401
TCCGGA	401
GGACCG	400
CTGCNN	396
CAGNCN	395
ACAANN	395
ATAGNN	392
ATGNAN	391
GCGCAC	388
CTACNN	385
GCTACG	385
GATCNN	381
CCATNN	381
GCANAN	377
CTTTNN	376
GCCCGA	375
CCGNGN	372
TAACGG	368
TATACG	366
GCCGNN	365
ACANAN	363
TAGTCC	357
GTAANN	354
AATANN	353
TGGGNN	351
GGCCGG	348
ATGTNN	346
CCCTNN	345
TCACCG	344
TTCTNN	344
AAGNCN	337
ATCANN	334
CACNTN	333
GGGNCN	332
GTGNCN	332
TCCTNN	329
CCGTTA	326
CGTGNN	326
TAGNAN	324
GCANGN	324
AGCNCN	322
GGTTNN	317
TCGNAN	316
TGCNTN	314
TCAANN	312
ACGATC	311
TACGTC	306
GTGNAN	304
GACCGG	304
TGCNCN	302
AGGTNN	300
TCGNCN	299
CGGCCG	297
CCGGTA	292
ACAGNN	290
AGTTNN	290
CCCGNN	290
CATANN	288
TTGANN	280
TTTANN	278
TCGANN	277
AGGGNN	275
CGCTAG	274
TACGNN	274
GTCGAT	273
GGTANN	268
TCGTTG	267
TATCNN	267
TTATNN	265
TACGTA	260
CGTATN	259
ACCANN	257
GTCANN	256
CTTANN	256
CTCGNN	251
GACTNN	250
TCGCTC	247
CGTCNN	247
CCGANN	245
GAGANN	244
AAGANN	240
CGGTNN	239
CGACGG	237
CAGGNN	236
CGCGGG	236
GCAGNN	235
TGCGAA	233
ATGCNN	230
TCGCGC	227
ACATNN	226
TCGGNN	222
GCGNCN	221
GTGCNN	219
AAGCNN	218
AATGNN	211
TGCCNN	211
GTCGAC	207
CCGNAN	206
CTGGNN	205
GCATNN	199
GGGGNN	190
GCGCGA	188
AGCGNN	187
TACGAT	187
GCGNTN	184
CGATCG	184
TCGCNN	182
CCGTCG	177
TTCGCA	176
TAGTNN	172
GTGTNN	171
GCGGGT	167
NAAAGA	163
NGACAA	163
NTGCTG	161
GCGGGC	159
CACCNN	158
CCGCNN	152
TGCTNN	151
CGCGCG	144
NAAACA	143
GCGANN	136
GTCGTN	134
NAAAAG	130
NAATGT	128
NAATGC	125
CGTANN	124
NAAAGC	123
NACAGA	123
NATCAG	121
NAAGAA	121
NAATAA	120
NTTCTG	120
NTAAAA	119
NAAAAC	119
NCATGA	117
NCTGCT	117
NAAAGG	117
NGATGC	117
NAAGCA	116
NATGCA	116
NATATG	115
NATGCT	114
NAAAAA	114
NGCTGC	113
NTCCTG	113
NTCTGC	113
NATAAA	113
NTGATG	111
NTGCTT	111
NGAAGG	111
NAACAG	111
NAAGGA	110
NACAGC	110
NACCCT	110
NTAAAG	110
NAGAAG	109
NAATGA	109
NACAAA	109
NACACA	109
NCCAGC	108
NACTGC	108
NAACAA	107
NGAAAA	107
NTTTTG	107
TTCGAA	106
NTTGGT	106
NAAGAG	105
NACAGT	105
NTGCAG	105
NTTCCT	105
NAGCAG	104
NTGTGT	104
NTTTGA	103
NTGTGC	103
AAANGN	103
NATGAA	103
NTATCA	103
NACCAT	103
NAACCA	103
NTTTGT	102
NTTTGG	101
NATGGA	101
NAAATG	101
NGAGAA	101
NACCAG	101
AAANAN	100
NTGAGG	100
NAGAAA	99
NATGGT	99
NATTGC	98
NGATGA	98
NTTGCA	97
NTCCTT	97
NGAAGC	96
NTATGG	96
NAAATA	96
NACTGT	96
NTGTTT	96
NCAGAA	95
NAACAT	95
NTTCCA	94
NCCCTG	94
NTGTGG	94
NTATTG	94
ATGNGN	93
NTGGGA	93
NAAAAT	93
NGATGG	93
NACCAA	93
NGAAGT	92
NGAGCA	92
NCATAA	92
ATANAN	92
NGAACA	91
GCGCNN	91
NTCAGC	91
NAACAC	91
NTTGCT	90
NTAACC	90
NGCAGA	90
NGGAAA	90
NGATTT	89
NATCCT	89
NATTAA	89
NGCTGG	89
NATCCC	89
NTACTG	88
NATACA	88
NGCAAG	87
NAAGCT	87
NCTTCT	87
NTCCAT	87
NACTGA	87
NTGGCT	87
NTCACA	87
NACCTT	87
NTGAGA	87
NTGGTG	87
NATTTT	86
NACCAC	86
NTTTCT	86
NTTTAG	86
NTTTTT	86
NTATTT	86
NAATAG	86
NCCCCT	86
NATCTG	86
NTGGAA	85
NTAATA	85
NGCAGC	85
NATGTT	85
NTCTGT	85
AAGNAN	85
NAATCA	85
NTCCCA	85
AGANAN	85
NGAAGA	85
NAAACC	85
NTTTAA	84
NATATT	84
NAGCAT	84
NACCTG	84
NATCAA	84
NTGGAT	84
NTCAGG	84
NGGAGG	84
NAATAC	83
NAATAT	83
NGTGCT	82
NGACCA	82
NGGGAG	82
NCTGGT	82
TGANAN	82
NACAGG	82
NATGAC	81
NATAAT	81
NGATGT	81
NAATTT	81
NAGGGA	81
NATGGC	81
NTTCCC	80
NTGCAA	80
NTCCCT	80
NGCCTC	80
NGTTAT	80
NATGTG	80
NTTGGC	80
NACACT	80
NAATCT	80
NAACCC	80
NTTCTC	80
NGATAA	79
NCATGC	79
NGGAGC	79
NTCATG	79
NCTTGC	79
NCTAAA	79
NTTGCC	79
NTTGTG	79
NCAGCA	79
NCCAAA	78
NTGAAG	78
NGGAGA	78
NGCTTT	78
NTGATT	78
NCAAGG	78
NCAAAA	78
NGAAAG	77
NGGGAT	77
NATCAT	77
NAATGG	77
NTAAAC	77
NCACTG	77
NAGCAA	77
NTACCA	77
NTGAAT	77
NTCCCC	77
NAGGAG	76
NGAGAG	76
NTGGCA	76
NTGTCT	76
NGAAAC	76
NTTCAG	76
NTCCAG	75
NCTGCA	75
NGTTTT	75
NTCTTT	75
NCTGAA	75
NTATGC	75
NGTCAG	75
NAGGAA	74
NTCTGG	74
NTCTCC	74
NGCAGG	74
NGGAAG	74
NTATGT	74
NTTGTT	74
CAAANN	74
NAGCTG	74
NACACC	74
NACAAG	74
NTGACA	73
NAATTA	73
CAANAN	73
NTTATT	73
NTATAA	73
NTAAGC	73
NTCTTG	72
NAAATC	72
NCTCCC	72
NGTTCC	72
NATAAC	72
NTGAGT	72
NTGCCA	72
NATTTA	72
NTTTTC	72
NGATAT	72
NAGAGG	72
NTTTAT	72
NTTAAA	72
NTTGAC	72
NCTTTA	72
NGACAG	72
NTGGAG	71
NGTTGC	71
NATTAT	71
NACATT	71
NTCCTC	71
NAGCTT	71
AGTNTN	71
NAGAGC	71
NTGTGA	71
NGCTGT	71
NTCTGA	71
NAAGAT	70
NCAACA	70
NCATGT	70
NCCTCC	70
NAGATT	70
NACATA	70
NATGTC	70
NCTCAT	70
NTCAGA	70
NGTGCA	70
NAAAGT	70
AAANTN	70
AGANGN	70
NACTTC	70
NTTCAA	70
NATAGC	70
NCCTTC	69
NGAAAT	69
TGANGN	69
NGCCTG	69
NATTCA	69
NTAGCA	69
NACCCC	69
NTCATT	69
NTTCAT	69
NAGACA	69
NGTGTG	68
NCTGAT	68
CAANGN	68
NGGGTT	68
NGCACA	68
NTTGAG	68
NTCCAA	68
NCTGTT	68
NATCTC	68
NCCTTT	68
NACTTT	68
GATNAN	68
NATTCT	68
NCCTGT	68
NGTTGT	68
NAACTG	68
NTAAAT	68
NGAGGG	68
NCATCA	68
ATTNTN	67
NAAGGC	67
NGAGCT	67
NCTCCT	67
NTTGAT	67
GTGNTN	67
NCCTGA	67
NATTTG	67
NGAGAT	66
NGAGGA	66
NGCATC	66
NGCCAG	66
NGCCAT	66
NTTTCC	66
NAAGCC	66
NAAGGG	66
NATAAG	66
NATAGA	66
NTCTCT	66
NGTAAA	66
NAATTG	66
NATATA	66
NATGAT	66
NAAGGT	65
NACATG	65
NCTGTG	65
NCTCTG	65
GAANAN	65
NATTTC	65
NCAAGC	65
NAACTT	65
NAAGAC	65
NTCAAC	65
NTCAGT	65
NTGAAA	65
NTGGTC	65
NCAAAT	64
NTATAT	64
CATNTN	64
NATCCA	64
NGTCAA	64
NAACCT	64
NAGGGT	64
NAGGCT	64
NCTTAA	64
NTTTTA	64
NTTCTT	64
NGCAAT	64
NCTTGG	63
NATTGG	63
NCCAGG	63
AACNTN	63
NGTTTA	63
NGATTA	63
AGGNAN	63
NTATCT	63
NGTGGT	63
NTCTTC	63
NGCCAC	63
NGCTTG	63
NACGTT	63
NTGCTC	63
NGCTGA	63
NCAGGA	63
NGCTCT	63
NTAGAG	62
NCCACC	62
NAGGAT	62
NTTAGC	62
NTTGGG	62
NGCTCC	62
NTACCT	62
NTTATC	62
NCAAAC	61
NGAGGC	61
NATTGA	61
NTCAAT	61
NATACC	61
NTGCTA	61
NTGGTA	61
CAGNAN	61
NCTGAG	61
NGTCCT	61
NGGATG	61
NGTGTC	61
NGGGGT	60
NCTTTG	60
NTGACT	60
NGGTAA	60
NTGTCC	60
NTCACC	60
NAAATT	60
NGTGCC	60
NCTACA	60
NGTTTC	60
NATTGT	60
NGAATG	60
NCAGTG	60
NGACAC	60
NTAATG	60
NTTAGA	59
NGTTGA	59
NAAGTC	59
NGACTG	59
NACTTG	59
NGCTTC	59
NAGCCT	59
ATTNAN	59
NTAAGG	59
NACCCA	58
NTGTCA	58
AGCNAN	58
NGGTTA	58
NTTAGG	58
TCGTAG	58
NGCAAC	58
NAGTGT	58
NGAGTG	58
NAACTA	58
NGTCCC	58
NATGCC	58
NTATTC	58
NCCACA	58
NTAACA	58
NCATCC	58
NCACCA	58
NCAATA	58
AAAAAN	57
CTGNAN	57
NTTAAG	57
NAGATG	57
NCTTCC	57
NGGCAT	57
AAATAN	57
NGTGAG	57
NTAATC	57
NTATAG	56
AGCNTN	56
NGTGGA	56
NGGGAC	56
CACNGN	56
NGTGTT	56
NGATTG	56
AAANCN	56
NGTATT	56
NCTCTT	56
GTATAN	56
CATNAN	56
NATTCC	56
NTGCAT	56
GGTNAN	56
NGGGGG	56
NACAAT	56
NGCAGT	56
AGANCN	56
NCAGCT	56
NCATAG	56
NCATAT	56
NCTCAG	56
NCATCT	56
NCATTA	56
NACATC	55
NTACAA	55
NTAAGA	55
NAAGTG	55
NGCATT	55
NGTTCA	55
NGTTGG	55
NGTCTG	55
NAGAAT	55
NCCATA	55
ATCNCN	55
NTGGGG	55
NCTAAT	55
NCTCCA	55
NAGAAC	55
NGTCTT	54
NCTTTT	54
NCTGAC	54
NGTTCT	54
NGATTC	54
NCAATG	54
NATAGT	54
CAGNGN	54
NACTCA	54
NCATTG	54
NCCAGA	54
NAACTC	54
ATTNGN	54
NAGCAC	53
NCTGGA	53
NTGAAC	53
NTCTTA	53
NCCAAG	53
ATTTGN	53
GTCGNN	53
NGCAAA	53
NTAACT	53
AGCNGN	53
NACTGG	53
NGGCTT	53
NACTCC	53
NTATTA	53
GTANAN	52
NCAGGT	52
AAAAGN	52
NGAGGT	52
NGCATG	52
AGAAGN	52
NCTGCC	52
NATCTT	52
NTCTCA	52
AGAGAN	52
CAANTN	52
NGGGAA	52
NGTTAC	52
NGTGGC	52
CAGNTN	52
TGANTN	52
NTTGAA	52
GTTNTN	52
NTTACT	52
NGCCTT	52
AATNCN	52
NAAACT	52
NTTTAC	52
NTACAT	52
NATTAG	51
NCAGTA	51
NCCATT	51
NAGCTC	51
NGTGAC	51
NACTAA	51
NTAATT	51
NGGAAC	51
NCCCAT	51
NTACAC	51
NCTGGC	51
ATAANN	51
NTTACA	51
NGGGGC	51
NTTTCA	51
NTTACC	51
NAGGTG	50
NCCAGT	50
NAGCCA	50
NCCTCT	50
NATTAC	50
GTGNGN	50
NGACAT	50
NTGACC	50
NCCACT	50
ACANTN	50
NTGTTC	50
NTAGAA	50
NCCCTC	49
GGANAN	49
NGTCTC	49
NGGCAG	49
NAGCGT	49
NTCTAA	49
ATGAAN	49
AGTGAN	49
NTGATA	49
NCAAGT	49
CTANTN	49
NCTACT	49
NTCCAC	49
AATAAN	49
ATAAAN	48
NGCCCT	48
NTAGTG	48
CCANAN	48
NGGTAT	48
NCTCAC	48
NATCGG	48
NGTCAC	48
NAGAGT	48
NGGTGC	48
NAAGCG	48
NGGACA	48
NCACAT	47
NGTAAC	47
NGAATC	47
NGGCTG	47
AGANTN	47
TATNTN	47
NAGGCC	47
NAGGGC	47
NAGGGG	47
NCTTCA	47
NGGGCT	47
NTAGTT	47
NGAACC	47
NTCACT	47
NAAGTT	47
NCCTTG	47
NTGACG	47
NTCCTA	47
GTTNAN	47
NCTTTC	47
NGGTGA	47
CTTNCN	46
NGTATC	46
NAGTAA	46
NCCATC	46
NTCAAG	46
NTTAAC	46
NTACTT	46
NGAATA	46
NCCTCA	46
CAANCN	46
GTANTN	46
NTGGGC	46
NTTATA	46
NCACCC	46
NGCTCA	46
NAATCC	46
NTATCG	46
NACTTA	46
NAAACG	46
NTGTAG	46
NATGTA	45
AGAANN	45
TTGNTN	45
NATAGG	45
NTTCAC	45
ATGAGN	45
CATGNN	45
AAGNGN	45
ANAGCA	45
NTGGGT	45
TGGNTN	45
NAGTCA	45
NTAGAC	44
NCCCTT	44
AAGAAN	44
NGTCCA	44
NACTAT	44
NGTAGC	44
NTTGTA	44
CATNGN	44
ATGGTN	44
NGAGCC	44
NCCAAT	44
ATANCN	44
NGACCC	44
NTGTTA	44
NCACAG	44
NTAGGA	44
NCACAA	44
CACNAN	44
NAGTAG	44
NATGGG	43
ANCCCT	43
NAACGC	43
NTGTAT	43
NTGGCC	43
NGGCAA	43
NAAGTA	43
NACGGT	43
NTATAC	43
ATANGN	43
NGCACC	43
NTGGAC	42
NCAATC	42
NTCGGT	42
NAGTGG	42
CACNCN	42
NTGGCG	42
NTGCCC	42
NCCAAC	42
NTCTAT	42
NTACTC	42
NGTAAT	42
NATCTA	41
NACAAC	41
NTTGCG	41
TGTNAN	41
NAGGTT	41
NCACAC	41
NGGCTC	41
NCTTGT	41
NCAGCC	41
NCATTC	41
CTCNTN	41
TGCNGN	41
ATCNTN	41
NGGCGT	41
NGCGGC	41
TATNGN	41
GTATGN	41
TAANGN	41
NCACTC	41
GTTTGN	41
NAGGTA	40
NGTCAT	40
NTAGGT	40
CAAGNN	40
NGACTT	40
TGACAN	40
AGCANN	40
NGTGGG	40
NGGGTG	40
NAGGAC	40
NACCTA	40
CCANCN	40
NGCCAA	40
NCAGAG	40
NGTAGT	40
AGTGTN	40
NTCATA	40
NCTGTC	40
AAAGAN	40
CTGTNN	40
NCTTAT	40
CTGCTN	40
AGCAAN	40
CTGTGN	40
ACTNTN	40
NGTGAA	40
NTCGTC	40
NGCACT	40
NCTATG	40
NGCTAT	39
NGGGCA	39
TGACNN	39
NGAGTC	39
AAAGNN	39
NCACTT	39
ATGNCN	39
TGTNTN	39
NAACGT	39
NGAACG	39
AAAANN	39
NCACCT	39
NGGAGT	39
CAAAGN	39
NCCCAG	39
NCCCAC	39
AGGANN	39
GGGGAN	39
AAGAGN	39
NTTAGT	38
GACNTN	38
TTCNGN	38
NGAGCG	38
NGCCCC	38
NCTTGA	38
AGTATN	38
CACANN	38
NGCTAA	38
NATACG	38
CATAAN	38
NCAACC	38
ANAAAA	38
NGTATA	38
NCAGGG	38
CTCNAN	38
NGAGAC	38
NGGTTG	37
NCTGGG	37
NGCATA	37
GGANTN	37
CTCNGN	37
NACTAC	37
GTCNCN	37
NCTCGT	37
NCAACT	37
NTGCGT	37
AACANN	37
CAAAAN	37
NCCCAA	37
AGGGGN	37
TAANAN	37
NGACGA	37
NGACGC	37
TGAANN	37
NGACGG	37
NGGTTT	36
AGGAGN	36
NGGCAC	36
TNACAA	36
TGATTN	36
TGGNAN	36
TAAAAN	36
AAGGAN	36
NCAGGC	36
ATTATN	36
CTGANN	36
NCGTCA	36
AACNGN	36
AACAGN	36
NGGACT	36
ATGTGN	36
NTCACG	36
TGAAAN	36
ANAAAT	36
NAATTC	36
NCCTGG	36
NTACTA	35
ANGCTG	35
NCTCTC	35
ATGANN	35
NGTAAG	35
NGACTC	35
GCANTN	35
GCTNTN	35
GGCNTN	35
TATAAN	35
CATCNN	35
AGAGNN	35
CTGAGN	35
CTGCAN	35
ANACCA	35
NTAGCC	35
CTGNCN	35
AACCNN	35
NAGATA	35
NAGACC	35
NACCGC	35
GTCNGN	35
AGAAAN	34
ANAATG	34
NGATCC	34
CNAAAA	34
ANAACA	34
ACTNAN	34
CNTGCA	34
ANAGAA	34
NAGTTG	34
NTGTAC	34
NAGTGC	34
NGGCGG	34
NTAGAT	34
CAGCAN	34
NGACCT	34
CNCTGC	34
CTTNAN	34
AGCTNN	34
NAGACT	34
ANCAGA	34
NACGTA	34
AACNCN	34
ATTNCN	34
AAAGCN	33
ANTGCT	33
TTTNGN	33
ANAAAC	33
GAANTN	33
TGTNGN	33
ACCNAN	33
NGTTAG	33
GATAAN	33
CAGANN	33
NGCGTT	33
NGATCT	33
NGATCA	33
NGATAC	33
ANTGCA	33
AAAATN	33
AACNAN	33
GTTNCN	33
NGGATT	33
TGATGN	33
NTTCTA	33
ATACNN	33
GTCNAN	33
NTAGTC	33
NGGTCA	33
NGCGTC	32
NCCTAT	32
NCAGTT	32
TAATGN	32
NAGCGG	32
NCTGTA	32
CAGAGN	32
ATATNN	32
NCTCTA	32
ACTNCN	32
ATGGNN	32
GAANGN	32
NGTAGA	32
CAATNN	32
NACGCA	32
NCACTA	32
NCGGCA	32
NCGTTT	32
CTTCNN	32
ANAATA	32
NAGTCT	32
ATCNGN	32
NAGTTT	32
AAGCAN	32
CNAAGA	31
TGCTGN	31
GCTNGN	31
CCTNTN	31
ANACAG	31
NCTTCG	31
NAGTGA	31
CAGTNN	31
CAGAAN	31
NAACGG	31
CACTNN	31
AGAGGN	31
CCANGN	31
ANCAGC	31
GGANGN	31
NCCGTT	31
TAANCN	31
NGCCCA	31
NACGGC	31
NACACG	31
AAGATN	31
NGAGTT	31
ANTATG	31
NGAATT	31
NTTCGT	30
NAGCCC	30
ANATTT	30
NGAACT	30
ATCCNN	30
CAATAN	30
AGATNN	30
ANACAC	30
NGCGTA	30
NCGCTT	30
ANAAGG	30
ANAAGC	30
ATCTNN	30
ANAAAG	30
NTAGGG	30
GATNCN	30
CATGGN	30
NACCGT	30
AGTGNN	30
GAAGAN	30
NACGAA	30
CTCANN	30
NGTCGG	30
CATTNN	30
ATAGAN	30
NGAGTA	29
AGATGN	29
GATNTN	29
CAGGAN	29
AGCTGN	29
NGCCGC	29
NACGCC	29
CTCCNN	29
GAGNAN	29
TGCANN	29
NGTACC	29
AATNGN	29
TGGANN	29
NGGATA	29
NGGTGG	29
NCAGAC	29
GAGNCN	29
NCTAGG	29
NTGCCG	29
GAANCN	29
AAATTN	29
TAANTN	29
AGTNCN	29
NGGAAT	29
ANTCAG	29
ATGCTN	29
NAGGTC	29
CACACN	28
NCCTTA	28
GACNGN	28
AGCCNN	28
NGCCTA	28
NGCCGT	28
TGCNAN	28
ATTCNN	28
NCAGTC	28
NCCCCA	28
TCCNTN	28
AACATN	28
ANACTG	28
TTCNTN	28
ANTGTG	28
NCTAAG	28
NTACGG	28
GNAAAA	28
AAATNN	28
CTCCTN	28
ANTAAG	28
ANATTG	28
TNATGC	28
NCAATT	28
NGGTCT	28
NGATAG	28
NACGTG	28
TATGGN	28
NCGTGA	28
ATTTTN	28
ACACNN	27
GNTTAA	27
TTTTGN	27
NGCTAC	27
NTAGCT	27
TATAGN	27
ANCACA	27
GCTTNN	27
GATAGN	27
CCAANN	27
NATCGA	27
GGCNGN	27
AAAGGN	27
GAAGTN	27
NCTATT	27
ANCTTT	27
AAACNN	27
ANACAA	27
GACNAN	27
GGTAAN	27
ANATGA	27
ANATGC	27
ANCATC	27
ANATGT	27
NCCGTG	27
NAGCGC	27
NTCGCA	27
CTGTTN	27
NAATCG	27
NGTGTA	27
NACGGA	27
NACGCT	27
GATGGN	27
AGACNN	27
NAGTCC	27
NTAACG	27
AGAGCN	27
CCCANN	27
NGGTAC	26
AGCCCN	26
NTACCC	26
NGGTTC	26
TACNTN	26
ATTAAN	26
CAACNN	26
NGGCCT	26
NTCGGC	26
AATGCN	26
ACCNGN	26
TGTGTN	26
TGTGNN	26
NCAACG	26
GAATGN	26
CATCTN	26
NCCGCT	26
NCCTAC	26
AGCAGN	26
ANGGAA	26
NCGATA	26
NCGCAG	26
TCTNTN	26
NCGCCT	26
NCTATC	26
CNTCTG	26
NCGTGG	26
TTANCN	26
ATTANN	25
CNTGTG	25
NACGAG	25
NACGAC	25
ANCCAA	25
ANCCAC	25
TTANAN	25
TTANTN	25
NTCGCT	25
CNCACA	25
NCGGAA	25
ANCCTG	25
NAACGA	25
CNTGAA	25
AGGAAN	25
TAGGAN	25
NATCGC	25
AGTGGN	25
TGTTTN	25
CNCCAG	25
CAAATN	25
CATGCN	25
CNCCAC	25
NTGCGG	25
AGTTGN	25
NATGCG	25
TNATGT	25
TGGGAN	25
ANAGAG	25
ATTTNN	25
CATCCN	25
NCCCTA	25
TNATTA	25
CNAAAT	25
NGGCGA	25
NGGCCA	25
NGCGAC	25
CAGCNN	25
NGCGAA	25
NCTATA	25
ATAAGN	25
CNAAAG	25
NCCGAC	24
ANATAT	24
CAGGGN	24
NGTACT	24
CTAAAN	24
ATATAN	24
ANAGGC	24
ANAGGA	24
CCCCNN	24
CTTGNN	24
AACCAN	24
GGGNAN	24
TNATCA	24
NAGTTA	24
NCGTTG	24
CTANCN	24
CTANGN	24
GAATNN	24
NGCGAT	24
NTGCGC	24
CATGAN	24
NGCACG	24
TGTTCN	24
AAATGN	24
GCTGAN	24
TGTNCN	24
NGGCTA	24
CAATGN	24
GTGANN	24
CACCAN	24
GNTAAA	24
TGANCN	24
CACTGN	24
CTGGAN	24
ANGAAG	24
NTACCG	24
AAACAN	24
NAACCG	24
NCGAAG	24
CCTNCN	24
GCTNCN	24
TTCTGN	24
ANCATA	24
NCTACC	24
ANCTGC	24
TGATNN	24
GNTTTT	24
ATTGNN	24
ATCCCN	24
NCGAAC	24
AGGGAN	24
CAAGAN	23
NTACGA	23
GTGTGN	23
CAAGCN	23
TGTTNN	23
NTACGC	23
CTCAGN	23
GTGAGN	23
NGGGTA	23
AATCNN	23
AGGTAN	23
TTCANN	23
TTAANN	23
ACCCTN	23
ACAATN	23
TNTGTG	23
CTTCTN	23
ACAAAN	23
GTGATN	23
ATCTGN	23
TTGNAN	23
GTTANN	23
TNATAA	23
GNAAGA	23
NTCGTT	23
TNAAGG	23
NGCGCC	23
NCACGT	23
NCGGTT	23
ANATAG	23
TGAGAN	23
ANTAGC	23
GGGNTN	23
NCTCGA	23
AATACN	23
NGACTA	23
ANGCAG	23
GCCNCN	23
ANAGAC	23
ANGATG	23
ANAACT	23
ANGAGC	23
AATCCN	23
GGTNGN	23
TGTANN	23
TACNAN	23
CNCTCC	23
ACTGNN	22
NCGCCG	22
CGCNAN	22
AGGTTN	22
ANCACC	22
ATGTCN	22
ATGGGN	22
CNATAA	22
AAGGNN	22
NTTTCG	22
GTCTNN	22
CNTGCT	22
NCGAGA	22
AGGCNN	22
NCGTAT	22
GTTTNN	22
CACAGN	22
NCGCGT	22
CTGAAN	22
TGGCNN	22
GGATGN	22
ANTTGT	22
CNAGAA	22
CNAAGC	22
TCANTN	22
TNAAAC	22
ANTTGC	22
GGTGAN	22
AATAGN	22
NGGTAG	22
CCTGTN	22
GNAATC	22
NTAGCG	22
ANAGAT	22
NGCGTG	22
GNATCA	22
ATGGCN	22
GNATGC	22
ANTATT	22
ANAGGG	22
AGCCAN	22
GNCAGA	22
AACCCN	22
CCTGCN	21
NTCTAC	21
ACCAGN	21
GNTGCA	21
GNTGAT	21
NCGGCG	21
CCTGNN	21
NACGCG	21
CATTAN	21
NGGCGC	21
CATTTN	21
CCAAAN	21
NCACGC	21
CNAGCA	21
CNAATA	21
CCAGNN	21
NGGGCC	21
NCCGCC	21
CCCAAN	21
NCTTAC	21
NGGACC	21
NGGATC	21
NCCTAG	21
GGCNAN	21
NCGCAA	21
ACGNGN	21
ANTAAA	21
CNTGGA	21
AGTCNN	21
GCAGTN	21
AGTGCN	21
TAAGGN	21
CNCTTC	21
GAGNTN	21
CAAACN	21
TTATAN	21
ANTTTG	21
NTGATC	21
AAAGTN	21
ANCCTC	21
CAAGGN	21
ANAGCT	21
AGGNCN	21
CNCCCC	21
ANACCC	21
ANCTCA	21
GAGAAN	21
GAATAN	21
AACTNN	21
ANCAAG	21
CTTGCN	21
TAAANN	21
NTACGT	21
ATCCAN	21
AAACCN	21
ANCAAT	21
TNCCAT	21
GCCANN	21
CNTCAT	21
ATACAN	21
CNCAGC	21
ATCTCN	21
ANGTTT	20
CNACCA	20
CATGTN	20
AAATCN	20
CTCCAN	20
ANGGGA	20
ANTAAC	20
CATTGN	20
GNAAGG	20
ANTTTA	20
TNTGGA	20
NACTCG	20
GCAANN	20
TATTNN	20
CNGCAG	20
TATTTN	20
NGCCGA	20
NACCGA	20
NAGGCG	20
ATAACN	20
NGGCCG	20
ATGTAN	20
TCANGN	20
CCCAGN	20
CNAAGG	20
NAGTCG	20
GNACAT	20
TACNCN	20
ACTNGN	20
GAAANN	20
TNAACA	20
AGGGCN	20
TAATNN	20
ANAGGT	20
ANCTCT	20
CAACAN	20
GNTTCC	20
ANATCA	20
NCCACG	20
CTAANN	20
NTCTCG	20
CNAGAT	20
CTAACN	20
ANACAT	20
NCGCGG	20
TTTGGN	20
NGTTCG	20
ANAGTG	20
ACGNCN	20
NCGATG	20
ANCCAT	20
NCGAGT	20
GTGGAN	20
ANGCAA	20
NCTGCG	20
ANAACC	20
AACAAN	20
ANATTC	20
NCTCGC	20
CNTTGA	20
CNTTGG	20
ANGAAA	20
TGGNCN	20
ANCTGA	20
CTGGGN	20
GNTGCT	20
TTTTTN	20
GACTGN	20
GCCNAN	20
NCACGA	20
ACCTTN	19
NCGACT	19
NCCCGT	19
GNTGGT	19
NCCGGA	19
CNTTAG	19
GGATTN	19
AGAACN	19
TNCAGC	19
CNTTAA	19
GGGAGN	19
ANGGCA	19
GAAGNN	19
NCTTAG	19
ANGACA	19
GAAGGN	19
CAGTAN	19
NGACCG	19
CNTAAT	19
TGAAGN	19
ANTCTG	19
ANTGAA	19
TNCAAA	19
ANTGAC	19
TNAAAA	19
NCGCTC	19
ACCTNN	19
NAGTTC	19
CNTGCC	19
GATGNN	19
NAGTAC	19
ANCCCA	19
CATCAN	19
CNACTG	19
GNCTTT	19
AAGGTN	19
NGTCGT	19
TACTGN	19
CCTGAN	19
NTTCGG	19
GTCCNN	19
TAGGGN	19
ACAGAN	19
AGCATN	19
GTTAAN	19
NTTCGA	19
TTAAAN	19
ACTGAN	19
GTGAAN	19
NGTACG	19
NGGCCC	19
GTGGTN	19
GNCTGT	19
TAGNGN	19
CTGCCN	19
CTCTGN	19
GNTTAT	19
AGGCAN	19
CCTTNN	19
AGATTN	19
ACCAAN	19
CNACAT	19
TNTTAT	19
ACACCN	18
GGTTGN	18
ANGAGA	18
GGCCNN	18
TGTTGN	18
CNCTGT	18
CNCTGG	18
AGACAN	18
AGCTTN	18
GTTATN	18
ANGGTT	18
CGANTN	18
ANGGTG	18
GACANN	18
GTTGAN	18
NTCGAG	18
NCCCCG	18
CNATGA	18
GNTTGG	18
ANATGG	18
ANATCT	18
NCCGTC	18
ANCAGG	18
ANCATT	18
CATAGN	18
NCGACG	18
CCTNGN	18
ACACTN	18
AGCACN	18
TTTNCN	18
GNTAGA	18
NTCGGG	18
NTCGTG	18
ANACTC	18
GACCAN	18
ANCTCC	18
NCGTGT	18
TGTCNN	18
CNTCCT	18
CNTCCC	18
CNTCAA	18
TNTGTT	18
CNAAAC	18
AGTCTN	18
ANTTCT	18
ATAGCN	18
TATTAN	18
GAAAAN	18
TNTATT	18
NATCCG	18
ATATTN	18
CTCTNN	18
CCATAN	18
ATCAGN	18
AATGGN	17
TGCATN	17
GNATGT	17
ACCTGN	17
NAGCCG	17
AGCGGN	17
ACATGN	17
ANAGCC	17
NCGGGG	17
CTGATN	17
CNAGAG	17
GNATTT	17
TATTGN	17
TTTCNN	17
TAGNCN	17
NCGTGC	17
ANCAAC	17
CCTCNN	17
GNATAA	17
TNAAAT	17
AAGTNN	17
CCATGN	17
ANCTGT	17
GGAGNN	17
GNCCTG	17
TNTGCT	17
CNCACT	17
TTTTNN	17
CATATN	17
GCTAAN	17
ANATAA	17
CNGCCA	17
CNTTTT	17
TGCTAN	17
NCCTCG	17
TGAGNN	17
CNTGTA	17
CNTGGT	17
CNTGGG	17
CCTTGN	17
CNTGGC	17
AGCCTN	17
TTTTAN	17
NCGAGC	17
TATGTN	17
ANAGTC	17
GNTTCT	17
TNAATG	17
GTTCNN	17
ANGGAG	17
GTTCTN	17
TNATGG	17
ATCATN	17
TAAAGN	17
ATAATN	17
ACATTN	17
NATTCG	17
AGATCN	17
GTTTAN	17
CTCAAN	17
CAGTGN	17
CNGAGA	17
GAAAGN	17
CTCATN	17
ANTAGT	17
CACTTN	17
AGATAN	17
GTTTTN	17
ANTGGA	17
CCCNTN	17
TTCCNN	17
ACAGGN	17
CTCCCN	17
TTCNCN	17
ATGGAN	17
CNAAGT	17
ATTTCN	17
TNATTG	17
CNTCAG	17
TGGTGN	17
ANTTGG	17
ANTTCA	17
CTATCN	17
GAACNN	16
AAGTGN	16
TNTTCA	16
GTAATN	16
CNTTTA	16
ANAAGT	16
TNCCTT	16
NACGAT	16
GNCTCC	16
GTAAAN	16
AATGTN	16
AGACCN	16
CTACTN	16
AGCTCN	16
CCCNCN	16
GNAGGA	16
CTTTAN	16
NCACGG	16
AGGCTN	16
TNCATC	16
GNTGTT	16
NCCGAT	16
GNCTCA	16
GNCACA	16
GTATTN	16
TGTCAN	16
GNATCT	16
GGTGTN	16
TNATTC	16
NAGCGA	16
GNCAAA	16
TNGATG	16
TNATCC	16
AATTTN	16
AATTAN	16
GNAATG	16
CCTTTN	16
CTTGGN	16
ANACCT	16
TGCTCN	16
CCACAN	16
CTCTCN	16
CTTCCN	16
GNGACA	16
GNCAGC	16
GTCAAN	16
GGTTAN	16
TNTAGC	16
NTCGAT	16
ANTCTT	16
GCAATN	16
CNTACA	16
ANTAAT	16
CNGCAA	16
GGCGNN	16
ANGGGG	16
CNCCAA	16
CGGNAN	16
ATTTAN	16
NTCCGA	16
CNAGGA	16
ANGAGG	16
CNCAGT	16
ANCTTG	16
NCTAGT	16
NCTAGA	16
TGAACN	16
NCGTTC	16
CNGTCT	16
NGCGAG	16
ATAGGN	16
ATGACN	16
ATACTN	16
GCATCN	16
CNAATC	16
ATACCN	16
GGAAAN	16
TCANCN	16
NCCGAA	16
GGCAGN	16
ATCCTN	16
NGATCG	16
CNCTGA	16
TAACNN	16
ANTTAT	16
NTTCGC	16
NTTCCG	16
ATTGTN	16
ATATCN	16
NCCGGC	16
NCGGTA	16
NTAGGC	16
NCGCTA	16
CGCNGN	16
CNCAGA	16
CGCNTN	16
TGCAAN	16
NGGTCG	15
ACTATN	15
GNCCTC	15
GNTGAG	15
CACAAN	15
TCATNN	15
CNATTC	15
GNAATA	15
ATTGCN	15
TNGGAT	15
ACGCCN	15
AATTNN	15
TNAGAA	15
CCAAGN	15
TNACCC	15
CNCAAG	15
GNAAAT	15
TGATAN	15
GCTGNN	15
TNTTTG	15
GGGANN	15
TNTACC	15
TNAAGA	15
CCACTN	15
TACTNN	15
GNATGA	15
AGTAAN	15
GCAAAN	15
TNCTGA	15
ANATTA	15
TGCCAN	15
ATGCCN	15
TNCCTC	15
GNAGTG	15
ATGCGN	15
GCTTGN	15
TGCAGN	15
ACTTNN	15
GATTGN	15
CNTTCA	15
CNGAAA	15
NCCGGG	15
CNGTAT	15
CCCTCN	15
TTGATN	15
CGTTTN	15
TNAAGC	15
ANAACG	15
CGTNCN	15
AGTTCN	15
AAAACN	15
TTTAGN	15
TNTTGC	15
NCGGCT	15
AACTGN	15
CNAGCT	15
NTCGCG	15
GNTAGG	15
GGTATN	15
ACTGTN	15
CAGACN	15
TTTCTN	15
TGGAGN	15
TGGATN	15
AACACN	15
NTCCCG	15
TATGAN	15
NCGGTG	15
CNCAGG	15
ACGCNN	15
CTAGAN	15
GACAGN	15
ACGNAN	15
ANCGTC	15
CNGCTG	15
GTGACN	15
CNGTTG	15
TNTCTT	15
GCCNGN	15
CNGCTT	15
AGCTAN	15
TTTATN	15
GNCAGT	15
GATCAN	15
ANTACC	15
GATATN	15
TGTCCN	15
TNTCTG	15
TNTTGG	15
ACGNTN	15
ANGTTC	15
ANGGGC	15
ANCCTT	15
TNTCCT	15
AAGTTN	15
TNTTCC	14
TAGCAN	14
TNTTTC	14
NGGACG	14
ATCACN	14
NACGTC	14
GNCTGG	14
TAGNTN	14
GCGTTN	14
TNTTTT	14
TNTTAA	14
CTCTAN	14
ACTGCN	14
AGACTN	14
GNCTGC	14
CNAACC	14
GNTTGT	14
CNCCCA	14
GCTCTN	14
CNCCAT	14
NTCGGA	14
TTTGCN	14
CNCATC	14
GNTATT	14
GNTCCT	14
CAATCN	14
GNGTGT	14
CAATTN	14
GNTTGC	14
GNTTGA	14
GNTCTT	14
CNATAC	14
CNCAAA	14
CNATGC	14
CNATCC	14
ATTCAN	14
GCANCN	14
CCCATN	14
ACTCCN	14
CNAATT	14
GCATTN	14
CNCTTT	14
CCCTGN	14
GCCACN	14
GCCAGN	14
ATCTTN	14
ACTAAN	14
GTGCTN	14
GCTGGN	14
NTTACG	14
CTGACN	14
CNCCTA	14
GCCTCN	14
AGCGTN	14
TNAGAC	14
CATTCN	14
NGACGT	14
ANTCCC	14
ANTGAT	14
ANTGCC	14
CAGGTN	14
ANTGGC	14
ANTGTA	14
TNACAC	14
GNAACC	14
ANTGTC	14
ANTCAC	14
GNAATT	14
CNGTGA	14
GNACAG	14
GGCANN	14
TNAGGA	14
TNAGTA	14
ANTTCC	14
GNAGAA	14
CAGCCN	14
GNAGAG	14
TGGTNN	14
NCCGCA	14
ANAGTT	14
NCGAAA	14
CGCCNN	14
GAGGAN	14
NCATCG	14
ANACTT	14
ANACTA	14
AACGTN	14
GGTCNN	14
GGTCTN	14
NGCTCG	14
GAATTN	14
ANGCCT	14
GGTGGN	14
CGANGN	14
CGGNGN	14
ACATCN	14
GATANN	14
ANTACA	14
ANTACT	14
ANTCAA	14
GNATTC	14
CTTGAN	14
GNAGTA	14
CNGGGA	14
GNCATG	14
GATTTN	14
NGCGCG	14
CTTGTN	14
TNCTTC	14
GNCATT	14
TNTAGG	14
NGCGCT	14
TATNCN	14
TNTAAC	14
GCAAGN	14
GNCAAG	14
NGCGGA	14
NACTAG	14
GNCCCC	14
ACGCAN	14
GGATNN	14
TNCATG	14
CCACNN	14
TCTNCN	13
TGGTTN	13
GNTTAC	13
ANCACT	13
ACCACN	13
ANATCC	13
NTCCGC	13
ANGATA	13
TNTTTA	13
TCTNAN	13
ACCTCN	13
AGAATN	13
TATGNN	13
NCCGAG	13
GTCCCN	13
TNTCAT	13
NCGGAG	13
TGAGCN	13
CGACNN	13
AACGNN	13
TNTCAG	13
TNTCAA	13
ANACGT	13
ANCAGT	13
ANCCAG	13
ANCTTC	13
TCTTNN	13
TNTTGT	13
TNTCCA	13
AACGGN	13
TGAGGN	13
AGGTCN	13
ANTTAC	13
TTGTAN	13
ATTGAN	13
ATTCTN	13
TNAGCA	13
TNCCAG	13
TTCAAN	13
AGGACN	13
TTCATN	13
TNCCTG	13
AAGGCN	13
TNATAG	13
TNATAT	13
ACGAGN	13
TTGCAN	13
AAACTN	13
CAGCTN	13
TTCTCN	13
ACTCAN	13
ANTCCA	13
NGTCGC	13
ANGGCT	13
ANGGTA	13
CCAGCN	13
TNCAGG	13
TGTGAN	13
TAGANN	13
CAACCN	13
TAGACN	13
NCGGAT	13
TNGATA	13
TNCTGT	13
TNCTCA	13
ANTGGT	13
TNAATA	13
TTAGNN	13
ACTCNN	13
GTGTTN	13
CNTTGT	13
GNGAGC	13
GGCTCN	13
CTTTTN	13
GCAGGN	13
GNCGTT	13
AATTGN	13
GGCTNN	13
CNGGAC	13
CNGGAG	13
GNATTG	13
CTAATN	13
GGGGGN	13
GNTCAT	13
CNACAC	13
GGGTTN	13
CNTGTT	13
GAGCGN	13
GGTGNN	13
CNTCTT	13
GAGGNN	13
CNTAAG	13
GNAGCA	13
GNTATG	13
GNAAAG	13
CNTAGG	13
GNAAGC	13
CNATGG	13
GGCATN	13
GCCATN	13
CNAGCC	13
CNCTCT	13
CNAGGT	13
ACACAN	13
GGAGAN	13
CTCTTN	13
CNCCTT	13
CNACCT	13
GCCTTN	13
CGANAN	12
AATCTN	12
CNAGTG	12
TCCAGN	12
GATGAN	12
GNTAAT	12
CNGTGG	12
ANTGTT	12
CNATGT	12
ANTCCT	12
TCCNAN	12
CNAACT	12
ANTATA	12
ANTAGA	12
CACTCN	12
CCAACN	12
GGAANN	12
GCTTCN	12
CNTAGT	12
ANGGCG	12
ANGGCC	12
CCTGGN	12
TCTAGN	12
TTTTCN	12
TATATN	12
CNGAAC	12
CNGAAG	12
GTCTGN	12
ATTACN	12
CGGNTN	12
TACANN	12
ATGATN	12
GCATAN	12
CNGAGC	12
ACTGGN	12
CNCCTG	12
CNCATT	12
TAGATN	12
CAGTTN	12
CAGATN	12
TATCCN	12
TATCTN	12
NCGTCC	12
CGTCAN	12
ACTTGN	12
NCGGGT	12
TCAAGN	12
GCGNAN	12
TCAATN	12
GNTAAC	12
GGCAAN	12
GGGNGN	12
GATTAN	12
TNTCTC	12
TGTACN	12
GTACCN	12
TGTAGN	12
GTGCAN	12
CTATNN	12
CTATTN	12
CCAGTN	12
TGTTAN	12
TNATTT	12
TNCAAG	12
TNCATT	12
GNGATG	12
TNCTAA	12
TNGAGA	12
TNGGAA	12
ANGCCA	12
TNTGAC	12
GTTGTN	12
TNTTGA	12
TTATTN	12
ACCCAN	12
TTGCNN	12
AGGATN	12
GNTCTG	12
TTGCTN	12
GTTACN	12
CTGTAN	12
TTGGTN	12
GTGGGN	12
TTTGAN	12
AGCGAN	12
GACTTN	12
CNTGAG	12
CNTCCA	12
GTAGAN	12
CCAGAN	12
ANCTGG	12
CNTGAC	12
GNATAG	12
ANCGCC	12
TGAATN	12
ANCGGC	12
ANGAGT	12
ANGATT	12
ANCGGT	12
TGACCN	12
CNTTCT	12
TGCCTN	12
ANGCTC	12
CNTTTC	12
GACGTN	12
ANAATC	12
GTAGNN	12
GGACTN	11
GGATAN	11
GNAAAC	11
GNAGGC	11
GNGGCT	11
GNAACG	11
GGCNCN	11
GTGGNN	11
CNAACG	11
GNACTG	11
GNTGTA	11
GNACAA	11
GTGGCN	11
GGAAGN	11
CNAATG	11
CCCACN	11
CCAGGN	11
NCGTAC	11
GNCAGG	11
GNATTA	11
GGGAAN	11
GGCTTN	11
GNCCAA	11
GNCTAA	11
NACCCG	11
NCTCCG	11
GNGGCA	11
GGTCAN	11
GNCTTC	11
CCCCCN	11
CGATTN	11
CCCTTN	11
CGGCAN	11
GNGCTT	11
CGGTAN	11
GNGGAG	11
TGCGTN	11
TNACCA	11
TNACAT	11
TGTGGN	11
TGTCTN	11
CTATGN	11
TGTATN	11
GAATCN	11
TGTAAN	11
TNACTT	11
AACCTN	11
CNTTCC	11
ANCTAC	11
ANCTAT	11
TCTGNN	11
ANGCAT	11
ANGGAC	11
ANGTAT	11
TNTGTA	11
TTGTTN	11
TTGNCN	11
TTGGNN	11
TTGGGN	11
TTGGAN	11
TTCCTN	11
AGTCAN	11
TTAATN	11
ANGTGA	11
TNTGGT	11
TNGCTT	11
TNCCCT	11
TNCCAA	11
TNCAGT	11
TNCACT	11
TNATCG	11
CNATTG	11
TACAGN	11
CNGACA	11
CNGAAT	11
CNCGCT	11
NTCCGG	11
AATCAN	11
CAAGTN	11
CNCACC	11
TACTTN	11
CNATTA	11
CACATN	11
CNATAT	11
GCTANN	11
CNAGCG	11
CACTAN	11
CNACCC	11
GCTTTN	11
ACTTTN	11
ANGTGC	11
TCCTTN	11
ANTCTC	11
TCCCNN	11
CNGTGT	11
GATGCN	11
ANTTTC	11
CNGGTA	11
CNACAA	11
GATTNN	11
CNGGCT	11
TATTCN	11
CNGCTC	11
TATANN	11
CNGCGT	11
CNGCCT	11
CCTCCN	11
GNTTTC	11
GNTGGC	11
CCTCAN	11
GNTGAA	11
GTCCAN	11
GTCTTN	11
GNTACT	11
GNTCCC	11
GNTGAC	11
GNTGCG	11
GTACNN	11
GNTCAG	11
GNTGTC	11
GNTTAG	11
GTCAGN	11
CNGGGC	10
GNAGAC	10
ANATCG	10
GACAAN	10
CNAACA	10
GGACAN	10
CTATAN	10
ACCGCN	10
AAGTCN	10
GNATAT	10
ANACGA	10
GACCCN	10
CGTGTN	10
TNTATG	10
GNGATT	10
AGAGTN	10
TNTATC	10
NCCCGG	10
GACGNN	10
NGCGGT	10
GGGTAN	10
TNCTGG	10
GNTTTA	10
TAAATN	10
TAATTN	10
CTTTCN	10
TNAGCT	10
GCCAAN	10
TAATCN	10
GTCCTN	10
TNACGA	10
TNACCG	10
ACTANN	10
AAGGGN	10
TNACAG	10
CTTCAN	10
GAAACN	10
ACGTNN	10
TNCATA	10
ACCTAN	10
CTTAAN	10
TNAATC	10
AGTCCN	10
TACAAN	10
ACAGTN	10
TNAACC	10
GAACAN	10
TNTGAT	10
CNTAAA	10
GNACCA	10
GNACCC	10
GNGGAA	10
GCTGCN	10
GTTGCN	10
TACCAN	10
AATTCN	10
TCTANN	10
TNTAAA	10
TCTAAN	10
CNAGGG	10
TNGACA	10
TCATGN	10
CCTCTN	10
NCTAGC	10
TTTCCN	10
CCGNCN	10
TNGCAA	10
GGCTGN	10
ANGGAT	10
ANCGAT	10
NACCGG	10
ANTTGA	10
TCTTGN	10
ATCGNN	10
TAGAGN	10
CNGTAG	10
GNCGTC	10
GTCGCN	10
ANGACC	10
NTGTCG	10
TCTTAN	10
GATGTN	10
NCGCAC	10
NGTCCG	10
GNGTAT	10
CCTTCN	10
TNCTTG	10
CNCTAC	10
CNCGTT	10
CNTGTC	10
GNCAAT	10
GNGTTT	10
ANTTTT	10
TNCTTT	10
TNGAAA	10
CNATAG	10
ANCCCG	10
NCGCCC	10
ANGGGT	10
NCGCGA	10
ANTCAT	10
TTGACN	10
CAACGN	10
ANCGAA	10
TCAGAN	10
GNGTGA	9
GNTAAG	9
ACTTAN	9
TAACTN	9
TNCCAC	9
TCAGCN	9
GNCCCT	9
GNCAAC	9
NAGATC	9
GNCACC	9
TNCTAT	9
TAAGTN	9
GGAATN	9
TNCGTT	9
GNAGTT	9
GNCATA	9
TAAGNN	9
GNCGGC	9
CNCATG	9
GNCCTT	9
GNCGAC	9
CNCTTG	9
GNACGG	9
NTCGAA	9
TNCCTA	9
GGACNN	9
GNCGCT	9
GNAACA	9
CNTCGA	9
NCGACA	9
CGCTNN	9
TGATCN	9
CGCTTN	9
GAGCNN	9
TCCNCN	9
NCGGCC	9
NCGGGA	9
NGCCGG	9
NCGTCG	9
NCGTCT	9
ANCGCT	9
CNGCCC	9
ANCTAA	9
GCACNN	9
CCTTAN	9
GTAGTN	9
ANGAAC	9
ANGTGG	9
GGCGTN	9
CNTATT	9
TAGAAN	9
CACCCN	9
ANGCTT	9
CNTATC	9
CGTACN	9
GCAGCN	9
ANGTAA	9
CNTAGC	9
GATACN	9
NGCTAG	9
TNAGGG	9
GTCTAN	9
TNAATT	9
TNAAGT	9
CGANCN	9
CGATAN	9
TCCCTN	9
CTCACN	9
CGAANN	9
CGCAAN	9
GCGGCN	9
CGCANN	9
ACGATN	9
GGAGCN	9
TNATCT	9
CNCAAT	9
TGGTCN	9
TGGTAN	9
GACACN	9
GNTCCA	9
TGGCTN	9
CTACCN	9
TACCNN	9
GACCNN	9
GACCTN	9
TGGAAN	9
ANTCCG	9
CNTTTG	9
GACTAN	9
TNTGGC	9
TTAAGN	9
CTGGCN	9
AAGTAN	9
CNGGTG	9
GCCTGN	9
TTTACN	9
TNTAGT	9
ATTGGN	9
CNACTA	9
TTCCCN	9
CNCTCA	9
TCACNN	9
TTCTTN	9
GNTGCC	9
CNCTAT	9
TNTGAG	9
GTTCCN	9
TNTTAC	9
GCCTNN	9
GNTGGG	9
TTACNN	9
TNTCCC	9
CCGNTN	9
CTGTCN	9
GTCACN	9
GNTCTC	9
GNGCCA	9
NGTGCG	9
GTTAGN	9
TTGTGN	9
GNGAAG	9
CNGGAA	9
ATATGN	9
GNGCAT	8
CCAATN	8
CNTTAT	8
GGANCN	8
GNACAC	8
TGCACN	8
NCGAAT	8
NGTCGA	8
GNATAC	8
GNACCT	8
CGCTGN	8
GGGCTN	8
GNGGGA	8
CCGCTN	8
AAACGN	8
TNCGGC	8
CCACCN	8
CNGTGC	8
TCCTCN	8
NCGTAA	8
GNAGTC	8
CGGCGN	8
GCTGTN	8
GTCTCN	8
TGTGCN	8
TAATAN	8
CACGNN	8
TCCATN	8
GGTAGN	8
TTATCN	8
CGCCAN	8
CGAAAN	8
CNCCGG	8
TTAGTN	8
CGTTCN	8
TTACCN	8
GAAATN	8
AGTACN	8
TTACTN	8
NCACCG	8
GNGTTA	8
CGATNN	8
ANTCTA	8
GGGTGN	8
ANCACG	8
ANTGGG	8
AACGAN	8
TGCCGN	8
GCCCCN	8
TNCACA	8
TNCAAT	8
NGCGGG	8
GGAGTN	8
CGTTGN	8
NCCCGA	8
TGGACN	8
ATTCCN	8
TNAGGC	8
TGGCAN	8
ANACGC	8
CTAGCN	8
TNAGAG	8
ANGACT	8
TCTGGN	8
ANGTCA	8
CNATCT	8
GNGGGT	8
GNCGCG	8
GNCGCC	8
TAAGCN	8
GCTTAN	8
ANGCCC	8
TCTTCN	8
CNTCAC	8
TNGTTA	8
GTGTCN	8
CNGAGT	8
CNCTTA	8
TCATCN	8
GNCCAT	8
TCAGNN	8
CAACTN	8
GNCTTA	8
GNGAAC	8
TNGGTC	8
ATCGCN	8
ACGCTN	8
GCGAGN	8
GCACAN	8
CTCGTN	8
TAGCNN	8
TNGCTG	8
GGCACN	8
TNGCGC	8
GNCTAC	8
ACGANN	8
CCCCAN	8
NCGTTA	8
GNTTCA	8
TNCTCT	8
TGACGN	8
GNCACT	8
ANCGTG	8
CNTACG	8
GAGGGN	8
GNTCAC	8
CCCCTN	8
TGACTN	8
GNATCG	8
TNTATA	8
ANTACG	8
GTAACN	8
TNGTTG	8
TNGACG	8
ACGGGN	7
GNGAAA	7
TACCCN	7
GGCCGN	7
ACGGNN	7
CGTNGN	7
GGAGGN	7
TAGCCN	7
AAGCCN	7
GGCCTN	7
GNGGAT	7
CTAGGN	7
CTAGNN	7
AGGCCN	7
CGCAGN	7
CNTAGA	7
GNTGTG	7
ATCGAN	7
ACGGAN	7
ACTCGN	7
CNGACT	7
CTTACN	7
GGCCAN	7
AGTTTN	7
GGTCCN	7
TTAGCN	7
ATTAGN	7
GAGGCN	7
GGGATN	7
GGCCCN	7
CGCATN	7
ANCGAG	7
GAGACN	7
GACGGN	7
GCCCNN	7
ANCTAG	7
TTCCAN	7
CCGGGN	7
CAGCGN	7
GTACTN	7
GGCTAN	7
CNCGAA	7
GCTCCN	7
AACTCN	7
GAGATN	7
ANGTTA	7
GNGTCA	7
ANCTTA	7
AACGCN	7
CNTTAC	7
GNGGGG	7
CNGCTA	7
CGTCCN	7
TCCTAN	7
CAGTCN	7
GGCGAN	7
ANAATT	7
GTTCGN	7
TGGCGN	7
CNAGAC	7
TCTGAN	7
CNTACC	7
TCTCTN	7
TATCGN	7
TTGGCN	7
ANCCTA	7
CNTCTC	7
TTCAGN	7
NCGCGC	7
NCCCGC	7
GTTCAN	7
CNGCGG	7
TNCACG	7
TNTGCA	7
CCATCN	7
TNACGG	7
CNGTCA	7
TNTGCC	7
GNCGGA	7
TNCGGT	7
TNCAGA	7
GNCCTA	7
GNAGGG	7
TCCANN	7
TCATTN	7
CTCGAN	7
CNGTTA	7
CACGGN	7
GNCGGT	7
TNAGCG	7
GNAGGT	7
TNGAGG	7
ACGTGN	7
TNCGTG	7
GNGGTT	7
CCCGTN	7
TNCTAC	7
TNCTCC	7
TNTAAG	7
TNATAC	7
ACCGNN	7
TNGAAG	7
TNGAAC	7
CGACCN	7
TNAACT	7
TTAACN	7
TCACAN	7
TCAGTN	7
TNCCCC	7
TNGCGT	7
TAAGAN	7
CNGTAA	7
NTCGAC	7
CNACTC	7
CCTACN	7
TCAGGN	7
GNACGC	7
TAACCN	7
CNGTTT	7
TNGTCA	7
GNTACC	7
TNGCCT	7
CNCCCT	7
CNGTTC	7
GTTTCN	7
GNACTT	6
ACTCTN	6
TNTCGT	6
GCTCGN	6
TTGAAN	6
AACTTN	6
CGGACN	6
GNACTC	6
GNACGT	6
GAACTN	6
GNGAGT	6
CGTGCN	6
TNTAGA	6
TCCGGN	6
TNCGCG	6
CACGTN	6
TNTGAA	6
CNTGCG	6
ANCCGT	6
TNTCTA	6
AGGCGN	6
CNAGTA	6
TTGCGN	6
GNGCAG	6
GGGCNN	6
TATGCN	6
TCGAAN	6
TNGTCT	6
GCGTNN	6
CNATCA	6
CGGTGN	6
CNGATG	6
TNGTGA	6
ANGCCG	6
GNGTCT	6
TAGGNN	6
ANGCGC	6
CGGTTN	6
ACTTCN	6
ANGTAG	6
ATCGTN	6
TCTCAN	6
GNGGTA	6
TNGGCA	6
GCGATN	6
CNTATA	6
TAGCTN	6
TAGGCN	6
ATCCGN	6
TCGGCN	6
ANCGTT	6
GNGAGG	6
TACTCN	6
AACTAN	6
ANCTCG	6
GNCCAG	6
TNGACT	6
CGGGGN	6
GAGTAN	6
TNGTTC	6
GTAGGN	6
GCGCCN	6
TCTTTN	6
ANTTCG	6
GAGTNN	6
TNGTGT	6
GCCCTN	6
CNCGGG	6
TCATAN	6
CCCCGN	6
TNCAAC	6
GTACAN	6
TNAGGT	6
CTAGTN	6
TTCACN	6
GNGGTG	6
GNGCTC	6
TGCGNN	6
TNAGTG	6
GACGAN	6
GGGGTN	6
ACCGGN	6
CNGACC	6
TNACCT	6
TNCACC	6
TNACTG	6
CNACTT	6
TNAGTT	6
CGCNCN	6
CGAGGN	6
NCCGCG	6
CNCAAC	6
AAGCGN	6
TCAACN	6
TNTTCT	6
TGGCCN	6
TNTGGG	6
CNAGGC	6
GAACGN	6
GGTGCN	6
TGGGCN	6
CTCGGN	6
ANTCGC	6
CACCGN	6
ANACGG	6
GAGCCN	6
GACATN	6
GAAGCN	6
TNAACG	6
GCCTAN	6
CGCCTN	6
GCAACN	6
GGGTCN	6
TNACGC	6
TNACTA	6
TNACTC	6
TCTGCN	5
TAAACN	5
GNGTTG	5
CNGATA	5
CNCCGA	5
TCGNGN	5
TCTGTN	5
ACGTTN	5
ANGTCT	5
GCCGCN	5
CGAGAN	5
GNGTCC	5
CNCGGC	5
GNCGAG	5
TGGGTN	5
GNGACT	5
GCGGTN	5
GCACCN	5
CNGGGG	5
ATCGGN	5
ACAACN	5
TTACAN	5
GCTATN	5
TTTCAN	5
CCGTNN	5
TNGGGT	5
ACGTAN	5
TNGCTA	5
GTCGGN	5
ACACGN	5
GGTCGN	5
GNCTTG	5
TAACAN	5
GCCGGN	5
TCGTGN	5
GGCGCN	5
GNTCGG	5
ACGACN	5
CNCGCA	5
CCGAAN	5
GNTAGC	5
TCTCCN	5
AGTCGN	5
GNGAAT	5
ANTCGG	5
TCGTAN	5
CACGAN	5
TNGCAT	5
TCACCN	5
CGTTAN	5
TCACTN	5
ANTTAG	5
CGCTAN	5
CNACGT	5
TGCGAN	5
TGCGCN	5
TACGAN	5
TCGACN	5
NCGGTC	5
CNGGCC	5
GCGNGN	5
GCGAAN	5
CGGCNN	5
GNTCTA	5
GNGGCC	5
GNCCGT	5
CCTATN	5
GGGACN	5
ANCGGA	5
TNCGCT	5
GAGCAN	5
TCCAAN	5
CGGAAN	5
TNCGAG	5
TCCACN	5
TNCCGA	5
CGCTCN	5
TTCGNN	5
GNGCAA	5
GAGCTN	5
TGAGTN	5
ANCCGC	5
CGGANN	5
ANCCGG	5
GATCCN	5
TNTGCG	5
TNCGGA	5
GTACGN	5
GNTATC	5
TNAGAT	5
TNGAGT	5
CNTCCG	5
CNCTAG	5
CGGGNN	5
TTGTNN	5
TNTTCG	5
GNCCCA	5
CNGGCG	5
CNAGTT	5
GNCCAC	5
CTAAGN	5
CNCATA	5
CTTCGN	5
TNCTCG	5
CNACGC	5
ANCGTA	5
GCGTAN	5
GATTCN	5
TACCTN	5
TNTACG	5
GNCACG	5
CCGCCN	5
GACGCN	5
TCCGNN	4
CNACCG	4
TATACN	4
CNGGAT	4
GCACTN	4
CNGCCG	4
GNGTGC	4
GGAACN	4
GGACGN	4
ACGCGN	4
TCACGN	4
TCGAGN	4
ANTCGT	4
TCCCAN	4
CGTGGN	4
ANGTCC	4
ANGTAC	4
TCGCTN	4
CNGCGC	4
CGTCGN	4
GAACCN	4
GNAGCG	4
GNAGCC	4
GNACGA	4
GCGCGN	4
TNCGAC	4
GNAACT	4
GNGTAC	4
TNCCCA	4
CGACTN	4
ACCGTN	4
TNACGT	4
CTCCGN	4
GNAGCT	4
CNCGGA	4
AGACGN	4
CNGACG	4
ACGGTN	4
CGAAGN	4
CCGGNN	4
CATCGN	4
GCGGNN	4
ANACCG	4
CNCGCG	4
CGCGCN	4
TNGTGC	4
CNCGTG	4
CNCTCG	4
TTAGAN	4
CCGACN	4
CTTAGN	4
GNGCTA	4
CCGTTN	4
TNTCGC	4
GNTTCG	4
GNGATA	4
CCCGCN	4
TNGTGG	4
TNAGCC	4
ACCCGN	4
TNGGTT	4
TAACGN	4
TNGGAG	4
TNGCGA	4
CNCGTA	4
TNGCCC	4
TNGCAG	4
GNCGCA	4
GNCGAA	4
TNCGTC	4
ANGATC	4
TAGCGN	4
CGGATN	4
ANGCGG	4
CNGATT	4
NCGGGC	4
GNTAGT	4
GTAGCN	4
ANCGCG	4
CGGGAN	4
CCGTCN	4
AGCCGN	4
CCGTAN	4
GNTATA	4
CNTCGC	4
GAGTTN	4
ACGAAN	4
CGGGTN	4
GAGTGN	4
ANCCGA	4
TCTACN	4
CGGAGN	4
TTTCGN	4
GNGTGG	3
TAGGTN	3
CNCCGT	3
CTNTGT	3
TNGTCG	3
GNGGGC	3
CNCGTC	3
TNGGTG	3
CCTAGN	3
ACTACN	3
CNGGTC	3
TNGGGC	3
TNGGCC	3
TTCGCN	3
ANGAAT	3
TNGCTC	3
TTCGGN	3
TNGCGG	3
TCGTNN	3
GNGATC	3
ATACGN	3
CCGTGN	3
ANGCGT	3
ANGCGA	3
GNTCGA	3
ATCTAN	3
TNTCCG	3
TTAGGN	3
CNACGG	3
CNCGAG	3
GCTACN	3
TTGCCN	3
TNTACT	3
CNATCG	3
AGNGGA	3
TNGTTT	3
GTGCGN	3
GNGACG	3
GGGCGN	3
CACGCN	3
ANTGCG	3
GGTTCN	3
GGGCAN	3
GATCTN	3
CGAGCN	3
CGAGNN	3
TAGTCN	3
TCCCCN	3
TCCGTN	3
CNAGTC	3
GNTACG	3
TACATN	3
TGTCGN	3
NCGATC	3
TACGTN	3
TCCGCN	3
TCCGAN	3
GTCGAN	3
TACGCN	3
CGCGNN	3
AACCGN	3
GGGTNN	3
TNGAAT	3
TTGTCN	3
TAGTTN	3
GAGTCN	3
GNCGGG	3
GCGTCN	3
GNCGAT	3
GNCCGC	3
TNGATC	3
CGACGN	3
TNGACC	3
TAGTGN	3
TNCGTA	3
GAGGTN	3
CCACGN	3
CGGGCN	3
NCTACG	3
ANCGGG	3
CGTTNN	3
TNCCGC	3
CGGCCN	3
ANCGAC	3
ANCCCN	2
CNCGAT	2
ACNCAA	2
TACACN	2
CNGCAC	2
GCGTGN	2
NTAGTN	2
CCTCGN	2
ACGGCN	2
TACCGN	2
CNCACG	2
GCGGAN	2
CNCGAC	2
ATNAGT	2
ATNATC	2
ATNTAT	2
CNCCCG	2
GCCCAN	2
ACTAGN	2
ACNAAG	2
NTTGTN	2
TTACGN	2
TNTCGA	2
CGAACN	2
GNGCCC	2
TNTTAG	2
GNGCGC	2
CGCCCN	2
CGCCGN	2
CTACGN	2
NCCATN	2
GACCGN	2
GNGCGT	2
CGCGGN	2
CGCGTN	2
GNGCAC	2
AATGNT	2
NCGTAG	2
CGGCTN	2
CNTCGT	2
GNGGAC	2
NCTCGN	2
AANGAT	2
CANTGC	2
CANGAA	2
GGCGGN	2
AGNGGT	2
CANAGC	2
CANACA	2
TNCGAA	2
TNGGCT	2
TNGGCG	2
TNGGGG	2
GNCGTG	2
TNGGTA	2
TNGCAC	2
GNCTGA	2
GNCCCG	2
ACCGAN	2
GNACTA	2
NAGTAN	2
TNCGCC	2
TNGTAA	2
CNTCGG	2
AANAGA	2
CGACAN	2
TNAGTC	2
AANCAG	2
GNTCCG	2
CATGNT	2
CGAGTN	2
GTCANA	2
CGAATN	2
TNGTAG	2
CGATGN	2
CCNCTG	2
TCGGGN	2
TTNGGA	2
CNACGA	2
CNACAN	2
CCGCGN	2
CTNCCC	2
TCGTTN	2
TCGTCN	2
ANGTCG	2
CTNGAA	2
TCGCGN	2
TCGCAN	2
CNGTAC	2
ANTCGA	2
CNGTCG	2
TCCCGN	2
CCGGAN	2
GGACCN	2
CGTAGN	2
AGNAGC	2
AGNAAA	2
CGNATG	2
TCTATN	2
CGTAAN	2
CNGGGT	2
ACNTTA	1
ATTGNA	1
ATNTAC	1
TTTTNG	1
ATNTAA	1
ATNCGG	1
AGCNTC	1
TTNAAA	1
TTNATC	1
ATNCGT	1
TNGTAC	1
ATNGGT	1
ATNGAA	1
ACNTGC	1
TTNTTA	1
CNCGGN	1
ATNGTG	1
TTNTGT	1
TTNCAA	1
ATNGGC	1
TTNGTT	1
ATNGCA	1
GCCGAN	1
ACNTTT	1
TTNCGA	1
ACNGTG	1
TTNGCA	1
CTNTTA	1
TTCGAN	1
ATTANC	1
AGNGTT	1
TTANCA	1
CTNTAC	1
TNAATN	1
CTNTAG	1
CTNTCA	1
CTNGCA	1
AGNGTA	1
CTNTTT	1
NTTTCN	1
CTNTTC	1
AGNGAC	1
TTATNT	1
AGNGAA	1
TNGTCC	1
ATTANA	1
AGNTTT	1
CTTANA	1
AANATG	1
CTNCTA	1
CTNCCA	1
TNTTCN	1
CTNCAA	1
GTCCGN	1
GNTCGC	1
TTCTNT	1
ATNTGT	1
CTNATC	1
CTNAGT	1
TNTACA	1
TCNTGA	1
GTATNT	1
GCACGN	1
TCGGTN	1
ANGTAN	1
TCNAGA	1
TCNCAA	1
TCNCCC	1
TCNCGA	1
TCNGAT	1
TCNGTA	1
ANTGAN	1
GANTTA	1
GANTGG	1
GANTCA	1
ATCNCT	1
GANGTT	1
GTANTA	1
GANGTA	1
GANGCA	1
GANGAA	1
AANAAT	1
ATANAC	1
AATCNT	1
TANTCT	1
TATTNT	1
TANGCT	1
TANCAT	1
AANAAA	1
TANCAG	1
AANAAC	1
TCTGNC	1
TANCAA	1
GATNTC	1
TANAGG	1
TANAGA	1
TANACG	1
TANAAA	1
TCANGA	1
TCATNA	1
AANACC	1
TNCGAT	1
AAATNA	1
AGTGNA	1
GNGTTC	1
CTCANC	1
TGTNGC	1
ATGGNC	1
GAAANG	1
GCATNT	1
AATTNC	1
AGTNGT	1
TNCTAN	1
GCCANT	1
CTTGNT	1
ATNAAC	1
TNGCCG	1
AANAGC	1
ATNATT	1
ATNCAG	1
ATNCCC	1
AATCGN	1
GANCTC	1
GANCAC	1
GANAAC	1
GCANGC	1
TACTAN	1
GNTATN	1
ANCGCN	1
TANGAA	1
CNTTCG	1
ATNCGA	1
CNTTGN	1
TGCGGN	1
ACATNA	1
CTAGNG	1
TGNACA	1
TGNAGA	1
TGNAGC	1
TGNCTG	1
GAATNG	1
GTNTGG	1
CCNCAG	1
CCGGTN	1
CGNGGA	1
GNACCG	1
GCGCAN	1
GCTANA	1
GTNTGT	1
GNAAGN	1
AANCAT	1
GGANAG	1
NTCGCN	1
AANTTG	1
CGNCGA	1
AANCGA	1
GTNGTA	1
CAAGNG	1
ACGNGA	1
CCNGTG	1
CNCCGC	1
GTGGNA	1
CCGATN	1
CCNGAG	1
CGNTTG	1
GNGCGA	1
ACGTCN	1
NCAGCN	1
AANTTT	1
CATNCA	1
NTCTGN	1
CGTNTG	1
CCNGTT	1
GGNCTC	1
AANGAA	1
CATNGA	1
GNGCGG	1
GTNAAA	1
ACCGNG	1
CAANTA	1
NCTGTN	1
CANCTG	1
AANATT	1
ACGNCC	1
GTNCGG	1
GTNCAG	1
CANACC	1
GTNAAG	1
CANCTA	1
CANCAA	1
GTNAGC	1
CACNAG	1
CANATC	1
CANAGG	1
GTNATG	1
NATATN	1
AAGGNT	1
AANCAC	1
CCNTCC	1
GGCTNA	1
AANGCC	1
GGATCN	1
CANTTT	1
CANTTG	1
CGCGAN	1
NGTGAN	1
NCATTN	1
CANTAT	1
CCGGCN	1
CANGGG	1
CCNTGT	1
CANAAC	1
GNGTCG	1
AANGGG	1
GCNTAT	1
CGCACN	1
GCNTAA	1
NTGCGN	1
AANTCT	1
NACTCN	1
GNCCGA	1
ACNAAT	1
GNCCGG	1
ACNACA	1
NCCGTN	1
NTGTAN	1
ACNCAC	1
ACNACC	1
NGGTGN	1
GNCTAG	1
CCCGAN	1
NACCTN	1
ACNACG	1
GCNCAC	1
GCNCGT	1
CCNGCA	1
AANCCA	1
CGATCN	1
AANCTC	1
ACNCCG	1
GTCNAA	1
GCTTNC	1
CAAANT	1
ACCCNT	1
CCNAGA	1
CATANG	1
ACGANG	1
AANTAC	1
ACNCAT	1
NCCCCN	1
GNCTCN	1
NGGGCN	1
NTACAN	1
CGANGT	1
GNGTAG	1
GNGGTC	1
AANGTC	1
CCCANA	1
GNCTAT	1
